============================================================
  Generated by:           Genus(TM) Synthesis Solution 23.13-s073_1
  Generated on:           Jul 06 2026  10:04:07 pm
  Module:                 dtmf_recvr_core
  Technology libraries:   ss_g_1v08_125c 1.1
                          ss_hvt_1v08_125c 1.1
                          ram_256x16_slow 1.1
                          rom_512x16A_slow 1.1
                          pllclk 4.3
                          physical_cells 
                          ss_g_1v08_125c 1.1
                          ss_hvt_1v08_125c 1.1
                          ram_256x16_slow 1.1
                          rom_512x16A_slow 1.1
                          pllclk 4.3
                          physical_cells 
  Operating conditions:   ss_1v08_125c 
  Interconnect mode:      global
  Area mode:              physical library
============================================================

Timing
--------

   Clock     Period 
--------------------
m_clk        8000.0 
m_digit_clk 16000.0 
m_dsram_clk 16000.0 
m_ram_clk   16000.0 
m_rcc_clk   16000.0 
m_spi_clk   16000.0 
refclk       8000.0 


    Cost      Critical         Violating 
   Group     Path Slack  TNS     Paths   
-----------------------------------------
default        No paths   0.0            
m_clk               0.1   0.0          0 
m_digit_clk      7066.6   0.0          0 
m_dsram_clk      3417.5   0.0          0 
m_ram_clk        3873.2   0.0          0 
m_rcc_clk        3258.9   0.0          0 
m_spi_clk        7066.6   0.0          0 
refclk           7066.6   0.0          0 
-----------------------------------------
Total                     0.0          0 

Instance Count
--------------
Leaf Instance Count             4874 
Physical Instance count            0 
Sequential Instance Count        631 
Combinational Instance Count    4243 
Hierarchical Instance Count        1 

Area
----
Cell Area                          215888.755
Physical Cell Area                 0.000
Total Cell Area (Cell+Physical)    215888.755
Net Area                           29893.965
Total Area (Cell+Physical+Net)     245782.720

Max Fanout                         628 (scan_en)
Min Fanout                         0 (n_40035_BAR)
Average Fanout                     2.7
Terms to net ratio                 3.7540
Terms to instance ratio            4.0728
Runtime                            566.1424870000003 seconds
Elapsed Runtime                    3292 seconds
Genus peak memory usage            2199.36 
Innovus peak memory usage          no_value 
Hostname                           s2
