============================================================
  Generated by:           Genus(TM) Synthesis Solution 23.13-s073_1
  Generated on:           Jul 06 2026  10:18:02 pm
  Module:                 dtmf_recvr_core
  Operating conditions:   ss_1v08_125c 
  Interconnect mode:      global
  Area mode:              physical library
============================================================


Path 1: MET (0 ps) Setup Check with Pin TDSP_CORE_INST_EXECUTE_INST_p_reg[30]/CK->D
          Group: m_clk
     Startpoint: (R) TDSP_CORE_INST_DATA_BUS_MACH_INST_data_out_reg[1]/CK
          Clock: (R) m_clk
       Endpoint: (F) TDSP_CORE_INST_EXECUTE_INST_p_reg[30]/D
          Clock: (R) m_clk

                     Capture       Launch     
        Clock Edge:+    8000            0     
       Src Latency:+       0            0     
       Net Latency:+       0 (I)        0 (I) 
           Arrival:=    8000            0     
                                              
             Setup:-     360                  
     Required Time:=    7640                  
      Launch Clock:-       0                  
         Data Path:-    7640                  
             Slack:=       0                  

#--------------------------------------------------------------------------------------------------------------------------------
#                     Timing Point                      Flags    Arc   Edge    Cell     Fanout Load Trans Delay Arrival Instance 
#                                                                                              (fF)  (ps)  (ps)   (ps)  Location 
#--------------------------------------------------------------------------------------------------------------------------------
  TDSP_CORE_INST_DATA_BUS_MACH_INST_data_out_reg[1]/CK  -       -      R     (arrival)     361    -     0     0       0    (-,-) 
  TDSP_CORE_INST_DATA_BUS_MACH_INST_data_out_reg[1]/Q   -       CK->Q  F     SDFFRX2M       11 46.8   264   604     604    (-,-) 
  TDSP_CORE_INST_TDSP_CORE_GLUE_INST_sll_120_49_g1515/Y -       A0N->Y F     OAI2BB1X2M      2 12.5   145   287     892    (-,-) 
  g107531/Y                                             -       B0->Y  F     AO22X4M         2 12.6    90   292    1184    (-,-) 
  TDSP_CORE_INST_TDSP_CORE_GLUE_INST_sll_120_49_g1457/Y -       B->Y   R     MXI2X2M         2  9.3   282   171    1355    (-,-) 
  TDSP_CORE_INST_TDSP_CORE_GLUE_INST_sll_120_49_g1428/Y -       A->Y   F     MXI2X1M         1  5.7   191   161    1516    (-,-) 
  g74250__7410/Y                                        -       A1->Y  R     AOI21BX4M       3 22.7   145   330    1846    (-,-) 
  g74158__6131/Y                                        -       B->Y   R     AND4X2M         2 11.8   163   253    2099    (-,-) 
  g74067__1705/Y                                        -       B->Y   R     AND4X4M         2 14.4   113   214    2313    (-,-) 
  g107464/Y                                             -       B->Y   F     NAND2BX4M       2 22.6   129   108    2421    (-,-) 
  g107462/Y                                             -       B->Y   R     NOR2BX8M        8 41.2   265   202    2624    (-,-) 
  csa_tree_SUB_TC_OP_groupi_g13019/Y                    -       A->Y   F     XNOR2X2M        2 10.7   158   128    2752    (-,-) 
  csa_tree_SUB_TC_OP_groupi_g12743/Y                    -       A0->Y  R     OAI22X1M        1  7.3   451   232    2984    (-,-) 
  csa_tree_SUB_TC_OP_groupi_g12530/S                    -       B->S   F     ADDFX1M         1 12.9   228   715    3699    (-,-) 
  csa_tree_SUB_TC_OP_groupi_g12442/CO                   -       B->CO  F     ADDFHX1M        2 12.3   178   429    4128    (-,-) 
  csa_tree_SUB_TC_OP_groupi_g12433/Y                    -       A->Y   F     XOR2X2M         1 12.9   174   202    4330    (-,-) 
  csa_tree_SUB_TC_OP_groupi_g12362/S                    -       B->S   F     ADDFHX1M        2  9.1   144   412    4742    (-,-) 
  csa_tree_SUB_TC_OP_groupi_g12360/Y                    -       AN->Y  F     NAND2BX2M       3 26.7   250   301    5043    (-,-) 
  csa_tree_SUB_TC_OP_groupi_g12332/Y                    -       A1->Y  R     AOI21X6M        1 17.4   217   218    5261    (-,-) 
  csa_tree_SUB_TC_OP_groupi_g12307/Y                    -       B->Y   F     NAND2X8M        3 23.9    89    96    5357    (-,-) 
  csa_tree_SUB_TC_OP_groupi_g12303/Y                    -       A->Y   R     NAND2X4M        1 10.3    93    75    5432    (-,-) 
  csa_tree_SUB_TC_OP_groupi_g12299/Y                    -       A->Y   F     NAND2X4M        2 15.3   113    78    5510    (-,-) 
  csa_tree_SUB_TC_OP_groupi_g12295/Y                    -       A->Y   R     NAND2X4M        1 10.3    93    82    5592    (-,-) 
  csa_tree_SUB_TC_OP_groupi_g12293/Y                    -       A->Y   F     NAND2X4M        2 15.6    96    79    5671    (-,-) 
  csa_tree_SUB_TC_OP_groupi_g12289/Y                    -       A->Y   R     NAND2X4M        1 13.4   113    85    5756    (-,-) 
  csa_tree_SUB_TC_OP_groupi_g12287/Y                    -       A->Y   F     NAND2X6M        3 23.9   101    86    5842    (-,-) 
  csa_tree_SUB_TC_OP_groupi_g12285/Y                    -       A->Y   R     NAND2X4M        1 10.3    95    78    5920    (-,-) 
  csa_tree_SUB_TC_OP_groupi_g12283/Y                    -       A->Y   F     NAND2X4M        2 15.6   132    79    6000    (-,-) 
  csa_tree_SUB_TC_OP_groupi_g12280/Y                    -       A->Y   R     NAND2X4M        1 10.3    93    87    6086    (-,-) 
  csa_tree_SUB_TC_OP_groupi_g12278/Y                    -       A->Y   F     NAND2X4M        2 19.1   108    87    6174    (-,-) 
  csa_tree_SUB_TC_OP_groupi_g12275/Y                    -       A0->Y  R     AOI21X6M        2 15.5   201   159    6333    (-,-) 
  csa_tree_SUB_TC_OP_groupi_g12272/Y                    -       A0->Y  F     OAI21X4M        1 11.4   109   102    6435    (-,-) 
  csa_tree_SUB_TC_OP_groupi_g12271/CO                   -       CI->CO F     ADDFHX4M        3 14.1   103   248    6683    (-,-) 
  g107498/Y                                             -       A->Y   F     XOR3X2M         3 22.1   213   495    7178    (-,-) 
  g104427__1666/Y                                       -       B0->Y  R     AOI2BB2XLM      1  6.7   480   344    7522    (-,-) 
  g104337__8246/Y                                       -       B0->Y  F     OAI2BB1X2M      1  5.3   126   119    7640    (-,-) 
  TDSP_CORE_INST_EXECUTE_INST_p_reg[30]/D               <<<     -      F     SDFFX1M         1    -     -     0    7640    (-,-) 
#--------------------------------------------------------------------------------------------------------------------------------

