============================================================
  Generated by:           Genus(TM) Synthesis Solution 23.13-s073_1
  Generated on:           Jul 01 2026  04:46:20 pm
  Module:                 dtmf_recvr_core
  Operating conditions:   slow 
  Interconnect mode:      spatial
  Area mode:              physical library
============================================================


Path 1: MET (7216 ps) Late External Delay Assertion at pin port_pad_data_out[15]
           View: func-slow_maxrc
          Group: C2O
     Startpoint: (R) TDSP_CORE_INST_DATA_BUS_MACH_INST_data_out_reg[15]/CK
          Clock: (R) clk2x
       Endpoint: (R) port_pad_data_out[15]
          Clock: (R) m_digit_clk

                     Capture       Launch     
        Clock Edge:+   16000         8000     
       Src Latency:+       0            0     
       Net Latency:+       0 (I)        0 (I) 
           Arrival:=   16000         8000     
                                              
      Output Delay:-     300                  
     Required Time:=   15700                  
      Launch Clock:-    8000                  
         Data Path:-     484                  
             Slack:=    7216                  

Exceptions/Constraints:
  output_delay             300             dtmf_recvr_core_gate_line_392 

#-----------------------------------------------------------------------------------------------------------------------------------------
#                     Timing Point                      Flags   Arc   Edge   Cell     Fanout Load Trans Delay Arrival       Instance      
#                                                                                            (fF)  (ps)  (ps)   (ps)        Location      
#-----------------------------------------------------------------------------------------------------------------------------------------
  TDSP_CORE_INST_DATA_BUS_MACH_INST_data_out_reg[15]/CK -       -     R     (arrival)    256    -     0     0    8000               (-,-) 
  TDSP_CORE_INST_DATA_BUS_MACH_INST_data_out_reg[15]/Q  -       CK->Q R     SDFFRHQX1      9 11.1   184   330    8330  (411.4015,12.9230) 
  g71674/Y                                              -       A->Y  R     BUFX2          6  7.1    70   155    8484               (-,-) 
  port_pad_data_out[15]                                 -       -     R     (port)         -    -     -     0    8484               (-,-) 
#-----------------------------------------------------------------------------------------------------------------------------------------


