============================================================
  Generated by:           Genus(TM) Synthesis Solution 23.13-s073_1
  Generated on:           Jul 01 2026  04:46:20 pm
  Module:                 dtmf_recvr_core
  Operating conditions:   slow 
  Interconnect mode:      spatial
  Area mode:              physical library
============================================================


Path 1: MET (473 ps) Setup Check with Pin TDSP_CORE_INST_EXECUTE_INST_acc_reg[23]/CK->D
           View: func-slow_maxrc
          Group: clk2x
     Startpoint: (R) TDSP_CORE_INST_DECODE_INST_ir_reg[10]/CK
          Clock: (R) clk2x
       Endpoint: (F) TDSP_CORE_INST_EXECUTE_INST_acc_reg[23]/D
          Clock: (R) clk2x

                     Capture       Launch     
        Clock Edge:+    8000            0     
       Src Latency:+       0            0     
       Net Latency:+       0 (I)        0 (I) 
           Arrival:=    8000            0     
                                              
             Setup:-     106                  
     Required Time:=    7894                  
      Launch Clock:-       0                  
         Data Path:-    7421                  
             Slack:=     473                  

#-------------------------------------------------------------------------------------------------------------------------------------------------------------------------
#                                    Timing Point                                      Flags    Arc   Edge   Cell     Fanout Load Trans Delay Arrival       Instance      
#                                                                                                                            (fF)  (ps)  (ps)   (ps)        Location      
#-------------------------------------------------------------------------------------------------------------------------------------------------------------------------
  TDSP_CORE_INST_DECODE_INST_ir_reg[10]/CK                                             -       -      R     (arrival)    256    -     0     0       0               (-,-) 
  TDSP_CORE_INST_DECODE_INST_ir_reg[10]/Q                                              -       CK->Q  F     DFFSHQX1      26 34.5   578   529     529  (296.4855,21.1625) 
  TDSP_CORE_INST_TDSP_CORE_GLUE_INST_sll_120_49_g2249/Y                                -       A->Y   R     CLKINVX2      11 15.4   224   256     786               (-,-) 
  TDSP_CORE_INST_TDSP_CORE_GLUE_INST_sll_120_49_g2229/Y                                -       B->Y   F     NAND2X1        3  3.9   164   159     945               (-,-) 
  TDSP_CORE_INST_TDSP_CORE_GLUE_INST_sll_120_49_g2191/Y                                -       A->Y   R     NOR2X1         1  1.5   132    98    1043               (-,-) 
  g78734__3680/Y                                                                       -       B->Y   F     NAND2X1        1  3.7   152   125    1168               (-,-) 
  g78493__1881/Y                                                                       -       C->Y   R     NAND3X4       11 13.7   101    92    1260               (-,-) 
  TDSP_CORE_INST_ALU_32_INST_sub_84_22_Y_TDSP_CORE_INST_ALU_32_INST_add_81_22_g3531/Y  -       B->Y   R     CLKXOR2X1      2  3.1    76   170    1430               (-,-) 
  TDSP_CORE_INST_ALU_32_INST_sub_84_22_Y_TDSP_CORE_INST_ALU_32_INST_add_81_22_g3459/Y  -       A1->Y  F     OAI21X1        2  3.3   152   114    1544               (-,-) 
  TDSP_CORE_INST_ALU_32_INST_sub_84_22_Y_TDSP_CORE_INST_ALU_32_INST_add_81_22_g3418/Y  -       A0->Y  R     AOI21X2        2  3.1    80   108    1652               (-,-) 
  TDSP_CORE_INST_ALU_32_INST_sub_84_22_Y_TDSP_CORE_INST_ALU_32_INST_add_81_22_g3416/Y  -       A1->Y  F     OAI21X1        2  3.7   164   122    1774               (-,-) 
  TDSP_CORE_INST_ALU_32_INST_sub_84_22_Y_TDSP_CORE_INST_ALU_32_INST_add_81_22_g3414/Y  -       A1->Y  R     AOI21X2        2  3.1    80   107    1881               (-,-) 
  TDSP_CORE_INST_ALU_32_INST_sub_84_22_Y_TDSP_CORE_INST_ALU_32_INST_add_81_22_g3412/Y  -       A1->Y  F     OAI21X1        2  3.7   164   122    2002               (-,-) 
  TDSP_CORE_INST_ALU_32_INST_sub_84_22_Y_TDSP_CORE_INST_ALU_32_INST_add_81_22_g3410/Y  -       A1->Y  R     AOI21X2        2  3.1    80   107    2109               (-,-) 
  TDSP_CORE_INST_ALU_32_INST_sub_84_22_Y_TDSP_CORE_INST_ALU_32_INST_add_81_22_g3408/Y  -       A1->Y  F     OAI21X1        2  3.7   164   122    2231               (-,-) 
  TDSP_CORE_INST_ALU_32_INST_sub_84_22_Y_TDSP_CORE_INST_ALU_32_INST_add_81_22_g3406/Y  -       A1->Y  R     AOI21X2        2  3.2    81   108    2338               (-,-) 
  TDSP_CORE_INST_ALU_32_INST_sub_84_22_Y_TDSP_CORE_INST_ALU_32_INST_add_81_22_g3404/Y  -       B->Y   F     NOR2X1         2  2.6    64    61    2400               (-,-) 
  TDSP_CORE_INST_ALU_32_INST_sub_84_22_Y_TDSP_CORE_INST_ALU_32_INST_add_81_22_g3401/Y  -       A1->Y  R     AOI21X1        2  3.8   148   110    2509               (-,-) 
  TDSP_CORE_INST_ALU_32_INST_sub_84_22_Y_TDSP_CORE_INST_ALU_32_INST_add_81_22_g3398/Y  -       A1->Y  F     OAI21X2        2  3.0    91   108    2617               (-,-) 
  TDSP_CORE_INST_ALU_32_INST_sub_84_22_Y_TDSP_CORE_INST_ALU_32_INST_add_81_22_g3397/Y  -       A->Y   R     INVX1          1  1.5    36    51    2668               (-,-) 
  TDSP_CORE_INST_ALU_32_INST_sub_84_22_Y_TDSP_CORE_INST_ALU_32_INST_add_81_22_g3395/Y  -       A1->Y  F     OAI21X1        2  2.8   136    91    2759               (-,-) 
  TDSP_CORE_INST_ALU_32_INST_sub_84_22_Y_TDSP_CORE_INST_ALU_32_INST_add_81_22_g3393/Y  -       A1N->Y F     OAI2BB1X1      1  2.5   115   150    2910               (-,-) 
  TDSP_CORE_INST_ALU_32_INST_sub_84_22_Y_TDSP_CORE_INST_ALU_32_INST_add_81_22_g3392/CO -       CI->CO F     ADDFX1         1  2.5    91   212    3122               (-,-) 
  TDSP_CORE_INST_ALU_32_INST_sub_84_22_Y_TDSP_CORE_INST_ALU_32_INST_add_81_22_g3391/CO -       CI->CO F     ADDFX1         1  2.5    91   205    3327               (-,-) 
  TDSP_CORE_INST_ALU_32_INST_sub_84_22_Y_TDSP_CORE_INST_ALU_32_INST_add_81_22_g3390/CO -       CI->CO F     ADDFX1         2  3.1   100   210    3537               (-,-) 
  TDSP_CORE_INST_ALU_32_INST_sub_84_22_Y_TDSP_CORE_INST_ALU_32_INST_add_81_22_g3389/Y  -       B->Y   R     NAND2X1        3  3.9    76    74    3611               (-,-) 
  TDSP_CORE_INST_ALU_32_INST_sub_84_22_Y_TDSP_CORE_INST_ALU_32_INST_add_81_22_g3386/Y  -       A1->Y  F     OAI221X1       2  3.1   259   199    3810               (-,-) 
  TDSP_CORE_INST_ALU_32_INST_sub_84_22_Y_TDSP_CORE_INST_ALU_32_INST_add_81_22_g3383/Y  -       B->Y   R     NAND2X1        2  2.9    90   126    3936               (-,-) 
  TDSP_CORE_INST_ALU_32_INST_sub_84_22_Y_TDSP_CORE_INST_ALU_32_INST_add_81_22_g3378/Y  -       A1->Y  F     OAI211X1       3  4.1   279   194    4130               (-,-) 
  TDSP_CORE_INST_ALU_32_INST_sub_84_22_Y_TDSP_CORE_INST_ALU_32_INST_add_81_22_g3374/Y  -       A1->Y  R     AOI21X1        1  1.5    82   144    4274               (-,-) 
  TDSP_CORE_INST_ALU_32_INST_sub_84_22_Y_TDSP_CORE_INST_ALU_32_INST_add_81_22_g3371/Y  -       A1->Y  F     OAI21X1        3  4.1   177   129    4403               (-,-) 
  TDSP_CORE_INST_ALU_32_INST_sub_84_22_Y_TDSP_CORE_INST_ALU_32_INST_add_81_22_g3368/Y  -       B1->Y  R     AOI221X1       2  2.8   215   187    4590               (-,-) 
  TDSP_CORE_INST_ALU_32_INST_sub_84_22_Y_TDSP_CORE_INST_ALU_32_INST_add_81_22_g3365/Y  -       B->Y   R     OR2X1          2  2.6    54   146    4736               (-,-) 
  TDSP_CORE_INST_ALU_32_INST_sub_84_22_Y_TDSP_CORE_INST_ALU_32_INST_add_81_22_g3360/Y  -       A1->Y  F     OAI221X1       1  2.5   231   176    4912               (-,-) 
  TDSP_CORE_INST_ALU_32_INST_sub_84_22_Y_TDSP_CORE_INST_ALU_32_INST_add_81_22_g3356/CO -       CI->CO F     ADDFX1         1  1.7    79   244    5156               (-,-) 
  TDSP_CORE_INST_ALU_32_INST_sub_84_22_Y_TDSP_CORE_INST_ALU_32_INST_add_81_22_g3355/Y  -       B->Y   F     XNOR2X1        1  1.4    54   138    5293               (-,-) 
  g107684/Y                                                                            -       A->Y   R     INVX1          1  1.5    33    37    5330               (-,-) 
  g105811/Y                                                                            -       A1->Y  F     OAI211X1       2  2.7   214   140    5470               (-,-) 
  g105773/Y                                                                            -       A->Y   R     INVX1          4  5.1   107   122    5593               (-,-) 
  g105654/Y                                                                            -       A2->Y  F     AOI32X1        2  2.6   241   180    5773               (-,-) 
  g105570/Y                                                                            -       AN->Y  F     NAND2BX1       3  3.9   156   203    5976               (-,-) 
  g105507__1881/Y                                                                      -       B->Y   R     NAND2X1        6  7.1   135   117    6093               (-,-) 
  g105475__6131/Y                                                                      -       B->Y   R     OR2XL         15 18.9   499   332    6425               (-,-) 
  drc_bufs107959/Y                                                                     -       A->Y   F     INVX1          5  8.4   212   265    6690               (-,-) 
  drc_bufs107958/Y                                                                     -       A->Y   R     INVX1         13 16.0   253   200    6890               (-,-) 
  g105291__6131/Y                                                                      -       A->Y   R     MX2X1          1  1.2    46   217    7107               (-,-) 
  g105184__6417/Y                                                                      -       A0N->Y R     OAI2BB1X1      1  1.2    82   130    7238               (-,-) 
  g105140__5122/Y                                                                      -       D->Y   F     NAND4XL        1  1.4   320   184    7421               (-,-) 
  TDSP_CORE_INST_EXECUTE_INST_acc_reg[23]/D                                            -       -      F     DFFRHQX1       1    -     -     0    7421  (280.3910,76.8440) 
#-------------------------------------------------------------------------------------------------------------------------------------------------------------------------


