============================================================
  Generated by:           Genus(TM) Synthesis Solution 23.13-s073_1
  Generated on:           Jul 01 2026  04:46:20 pm
  Module:                 dtmf_recvr_core
  Operating conditions:   slow 
  Interconnect mode:      spatial
  Area mode:              physical library
============================================================


Path 1: MET (7348 ps) Setup Check with Pin SPI_INST_present_state_reg[1]/CK->D
           View: func-slow_maxrc
          Group: I2C
     Startpoint: (R) spi_fs
          Clock: (R) refclk
       Endpoint: (R) SPI_INST_present_state_reg[1]/D
          Clock: (R) m_clk

                     Capture       Launch     
        Clock Edge:+    8000            0     
        Drv Adjust:+       0            0     
       Src Latency:+       0            0     
       Net Latency:+       0 (I)        0 (I) 
           Arrival:=    8000            0     
                                              
             Setup:-     116                  
     Required Time:=    7884                  
      Launch Clock:-       0                  
       Input Delay:-     300                  
         Data Path:-     236                  
             Slack:=    7348                  

Exceptions/Constraints:
  input_delay             300             dtmf_recvr_core_gate_line_40 

#------------------------------------------------------------------------------------------------------------------
#          Timing Point           Flags   Arc   Edge   Cell     Fanout Load Trans Delay Arrival      Instance      
#                                                                      (fF)  (ps)  (ps)   (ps)       Location      
#------------------------------------------------------------------------------------------------------------------
  spi_fs                          -       -     R     (arrival)      3  3.3     0     0     300              (-,-) 
  g106821/Y                       -       B->Y  F     NAND3BXL       1  1.5   233   128     428              (-,-) 
  g106607/Y                       -       B0->Y R     OAI2BB1X1      1  1.4    68   108     536              (-,-) 
  SPI_INST_present_state_reg[1]/D -       -     R     DFFRHQX1       1    -     -     0     536  (440.8085,8.3475) 
#------------------------------------------------------------------------------------------------------------------


