============================================================
  Generated by:           Genus(TM) Synthesis Solution 23.13-s073_1
  Generated on:           Jul 01 2026  04:46:20 pm
  Module:                 dtmf_recvr_core
  Operating conditions:   slow 
  Interconnect mode:      spatial
  Area mode:              physical library
============================================================


Path 1: MET (4204 ps) Setup Check with Pin RESULTS_CONV_INST_ok_reg/CK->D
           View: func-slow_maxrc
          Group: m_clk
     Startpoint: (R) RESULTS_CONV_INST_low_mag_reg[3]/CK
          Clock: (R) m_clk
       Endpoint: (R) RESULTS_CONV_INST_ok_reg/D
          Clock: (R) m_clk

                     Capture       Launch     
        Clock Edge:+    8000            0     
       Src Latency:+       0            0     
       Net Latency:+       0 (I)        0 (I) 
           Arrival:=    8000            0     
                                              
             Setup:-     238                  
     Required Time:=    7762                  
      Launch Clock:-       0                  
         Data Path:-    3558                  
             Slack:=    4204                  

#-------------------------------------------------------------------------------------------------------------------------
#            Timing Point             Flags    Arc   Edge   Cell     Fanout Load Trans Delay Arrival       Instance       
#                                                                           (fF)  (ps)  (ps)   (ps)        Location       
#-------------------------------------------------------------------------------------------------------------------------
  RESULTS_CONV_INST_low_mag_reg[3]/CK -       -      R     (arrival)    111    -     0     0       0                (-,-) 
  RESULTS_CONV_INST_low_mag_reg[3]/Q  -       CK->Q  R     SDFFRHQX1      4  4.7    95   283     283  (395.7625,100.3010) 
  g107187/Y                           -       A0N->Y R     AOI2BB1X1      1  1.5    76   121     404                (-,-) 
  g106613/Y                           -       A1->Y  F     AOI21X1        1  1.2    88    82     486                (-,-) 
  g105981/Y                           -       A1->Y  R     AOI211XL       1  1.5   202   157     643                (-,-) 
  g105788/Y                           -       A2->Y  F     OAI31X1        1  1.2    95   124     767                (-,-) 
  g105560/Y                           -       D->Y   F     OR4X1          1  1.2    80   223     990                (-,-) 
  g105539__7098/Y                     -       B->Y   F     AND2XL        15 22.1   666   399    1390                (-,-) 
  g108302/Y                           -       A->Y   R     INVX1         15 21.6   383   408    1798                (-,-) 
  g105480__6161/Y                     -       S0->Y  R     MX2X1          2  2.4    63   256    2054                (-,-) 
  g105397__9315/Y                     -       A->Y   R     OR2X1          1  1.4    37    88    2141                (-,-) 
  g105269__9315/Y                     -       A1->Y  F     AOI22X1        1  1.4   124    88    2229                (-,-) 
  g105192__6783/Y                     -       A1->Y  R     OAI22X1        2  2.9   159   121    2350                (-,-) 
  g105128__5107/Y                     -       B->Y   F     NOR2X1         1  1.5    49    81    2431                (-,-) 
  g105098__5122/Y                     -       C0->Y  R     AOI221X1       1  1.5   158    95    2526                (-,-) 
  g105066__2398/Y                     -       B0->Y  F     AOI21X1        1  1.5    98    81    2607                (-,-) 
  g105057__9315/Y                     -       B0->Y  R     AOI31X1        1  1.2   102    75    2682                (-,-) 
  g105040__1617/Y                     -       D->Y   F     NAND4XL        1  1.4   301   191    2873                (-,-) 
  g105035__4319/Y                     -       B1->Y  R     AOI32X1        1  1.2   116   145    3018                (-,-) 
  g105029__5477/Y                     -       D->Y   R     AND4XL         1  1.4    92   262    3280                (-,-) 
  g105019__6161/Y                     -       B1->Y  F     OAI222X1       1  1.5   216   178    3458                (-,-) 
  g105013__6131/Y                     -       C0->Y  R     OAI211X1       1  1.2    96   100    3558                (-,-) 
  RESULTS_CONV_INST_ok_reg/D          -       -      R     SDFFQX1        1    -     -     0    3558  (429.7600,129.4500) 
#-------------------------------------------------------------------------------------------------------------------------


