============================================================
  Generated by:           Genus(TM) Synthesis Solution 23.13-s073_1
  Generated on:           Jul 01 2026  04:46:20 pm
  Module:                 dtmf_recvr_core
  Operating conditions:   slow 
  Interconnect mode:      spatial
  Area mode:              physical library
============================================================


Path 1: MET (7615 ps) Setup Check with Pin DIGIT_REG_INST_flag_out_reg/CK->D
           View: func-slow_maxrc
          Group: m_digit_clk
     Startpoint: (R) RESULTS_CONV_INST_dout_flag_reg/CK
          Clock: (R) m_clk
       Endpoint: (R) DIGIT_REG_INST_flag_out_reg/D
          Clock: (R) m_digit_clk

                     Capture       Launch     
        Clock Edge:+   16000         8000     
       Src Latency:+       0            0     
       Net Latency:+       0 (I)        0 (I) 
           Arrival:=   16000         8000     
                                              
             Setup:-     113                  
     Required Time:=   15887                  
      Launch Clock:-    8000                  
         Data Path:-     273                  
             Slack:=    7615                  

#-----------------------------------------------------------------------------------------------------------------------
#           Timing Point             Flags   Arc   Edge   Cell     Fanout Load Trans Delay Arrival       Instance       
#                                                                         (fF)  (ps)  (ps)   (ps)        Location       
#-----------------------------------------------------------------------------------------------------------------------
  RESULTS_CONV_INST_dout_flag_reg/CK -       -     R     (arrival)    111    -     0     0    8000                (-,-) 
  RESULTS_CONV_INST_dout_flag_reg/Q  -       CK->Q R     SDFFRHQX1      2  3.3    75   273    8273  (422.2215,165.9935) 
  DIGIT_REG_INST_flag_out_reg/D      -       -     R     DFFSHQX1       2    -     -     0    8273  (416.8950,167.6540) 
#-----------------------------------------------------------------------------------------------------------------------


