============================================================
  Generated by:           Genus(TM) Synthesis Solution 23.13-s073_1
  Generated on:           Jul 01 2026  04:46:20 pm
  Module:                 dtmf_recvr_core
  Operating conditions:   slow 
  Interconnect mode:      spatial
  Area mode:              physical library
============================================================


Path 1: MET (3473 ps) Setup Check with Pin RAM_256x16_TEST_INST_RAM_256x16_INST/CLOCK->ADDRESS[5]
           View: func-slow_maxrc
          Group: m_dsram_clk
     Startpoint: (R) TDSP_CORE_INST_EXECUTE_INST_arp_reg/CK
          Clock: (R) clk2x
       Endpoint: (F) RAM_256x16_TEST_INST_RAM_256x16_INST/ADDRESS[5]
          Clock: (R) m_dsram_clk

                     Capture       Launch     
        Clock Edge:+   16000         8000     
       Src Latency:+       0            0     
       Net Latency:+       0 (I)        0 (I) 
           Arrival:=   16000         8000     
                                              
             Setup:-    1557                  
     Required Time:=   14443                  
      Launch Clock:-    8000                  
         Data Path:-    2970                  
             Slack:=    3473                  

#-------------------------------------------------------------------------------------------------------------------------------------
#                  Timing Point                   Flags   Arc   Edge    Cell      Fanout Load Trans Delay Arrival       Instance      
#                                                                                        (fF)  (ps)  (ps)   (ps)        Location      
#-------------------------------------------------------------------------------------------------------------------------------------
  TDSP_CORE_INST_EXECUTE_INST_arp_reg/CK          -       -     R     (arrival)      256    -     0     0    8000               (-,-) 
  TDSP_CORE_INST_EXECUTE_INST_arp_reg/Q           -       CK->Q F     SDFFRHQX1       16 25.1   424   442    8442  (344.9400,22.7445) 
  g78772__1705/Y                                  -       S0->Y R     MX2X1            5  5.8   111   314    8756               (-,-) 
  g78649__7098/Y                                  -       B->Y  R     MX2X1            1  2.2    60   176    8933               (-,-) 
  g78444__5107/CO                                 -       B->CO R     ADDHX1           1  2.2    61   134    9067               (-,-) 
  g78391__6131/CO                                 -       B->CO R     ADDHX1           1  2.2    60   134    9201               (-,-) 
  g78359__5107/CO                                 -       B->CO R     ADDHX1           2  2.9    70   140    9341               (-,-) 
  g78358__2398/Y                                  -       AN->Y R     NOR2BX1          1  2.2   104   117    9458               (-,-) 
  g78333__6783/CO                                 -       B->CO R     ADDHX1           1  2.2    60   149    9607               (-,-) 
  g78330__5526/S                                  -       B->S  F     ADDHX1           3 51.6   861   582   10188               (-,-) 
  g78288__6131/Y                                  -       A->Y  F     MX2X1            1 49.5   827   781   10970               (-,-) 
  RAM_256x16_TEST_INST_RAM_256x16_INST/ADDRESS[5] (P)     -     F     CDK_S256x16      1    -     -     0   10970   (474.3600,0.0000) 
#-------------------------------------------------------------------------------------------------------------------------------------

(P) : Instance is preserved


