============================================================
  Generated by:           Genus(TM) Synthesis Solution 23.13-s073_1
  Generated on:           Jul 01 2026  04:46:20 pm
  Module:                 dtmf_recvr_core
  Operating conditions:   slow 
  Interconnect mode:      spatial
  Area mode:              physical library
============================================================


Path 1: MET (4614 ps) Setup Check with Pin RESULTS_CONV_INST_upper770_dout_reg[3]/CKN->D
           View: func-slow_maxrc
          Group: m_rcc_clk
     Startpoint: (R) TDSP_CORE_INST_EXECUTE_INST_arp_reg/CK
          Clock: (R) clk2x
       Endpoint: (F) RESULTS_CONV_INST_upper770_dout_reg[3]/D
          Clock: (F) m_rcc_clk

                     Capture       Launch     
        Clock Edge:+    8000            0     
       Src Latency:+       0            0     
       Net Latency:+       0 (I)        0 (I) 
           Arrival:=    8000            0     
                                              
             Setup:-     179                  
     Required Time:=    7821                  
      Launch Clock:-       0                  
         Data Path:-    3207                  
             Slack:=    4614                  

#----------------------------------------------------------------------------------------------------------------------------
#              Timing Point                Flags   Arc   Edge   Cell     Fanout Load Trans Delay Arrival       Instance      
#                                                                               (fF)  (ps)  (ps)   (ps)        Location      
#----------------------------------------------------------------------------------------------------------------------------
  TDSP_CORE_INST_EXECUTE_INST_arp_reg/CK   -       -     R     (arrival)    256    -     0     0       0               (-,-) 
  TDSP_CORE_INST_EXECUTE_INST_arp_reg/Q    -       CK->Q F     SDFFRHQX1     16 25.1   424   442     442  (344.9400,22.7445) 
  g78772__1705/Y                           -       S0->Y R     MX2X1          5  5.8   111   314     756               (-,-) 
  g78649__7098/Y                           -       B->Y  R     MX2X1          1  2.2    60   176     933               (-,-) 
  g78444__5107/CO                          -       B->CO R     ADDHX1         1  2.2    61   134    1067               (-,-) 
  g78391__6131/CO                          -       B->CO R     ADDHX1         1  2.2    60   134    1201               (-,-) 
  g78359__5107/CO                          -       B->CO R     ADDHX1         2  2.9    70   140    1341               (-,-) 
  g78351__2346/Y                           -       B->Y  F     XNOR2X2        5 79.1   670   492    1833               (-,-) 
  g107548/Y                                -       B->Y  R     NOR2X1         2  2.6   200   276    2109               (-,-) 
  g107122/Y                                -       AN->Y R     NOR2BX1        2  2.6   185   170    2279               (-,-) 
  g108284/Y                                -       B->Y  F     NAND2BX1      15 24.1   788   476    2755               (-,-) 
  drc_bufs108195/Y                         -       A->Y  F     BUFX2          2  3.5    60   326    3080               (-,-) 
  g106570/Y                                -       S0->Y F     MX2X1          1  1.2    49   127    3207               (-,-) 
  RESULTS_CONV_INST_upper770_dout_reg[3]/D -       -     F     DFFNSRX1       1    -     -     0    3207  (402.5025,99.3070) 
#----------------------------------------------------------------------------------------------------------------------------


