============================================================
  Generated by:           Genus(TM) Synthesis Solution 23.13-s073_1
  Generated on:           Jul 01 2026  04:46:20 pm
  Module:                 dtmf_recvr_core
  Operating conditions:   slow 
  Interconnect mode:      spatial
  Area mode:              physical library
============================================================


Path 1: MET (14925 ps) Setup Check with Pin SPI_INST_bit_cnt_reg[0]/CK->SI
           View: func-slow_maxrc
          Group: m_spi_clk
     Startpoint: (R) SPI_INST_bit_cnt_reg[0]/CK
          Clock: (R) m_spi_clk
       Endpoint: (R) SPI_INST_bit_cnt_reg[0]/SI
          Clock: (R) m_spi_clk

                     Capture       Launch     
        Clock Edge:+   16000            0     
       Src Latency:+       0            0     
       Net Latency:+       0 (I)        0 (I) 
           Arrival:=   16000            0     
                                              
             Setup:-     197                  
     Required Time:=   15803                  
      Launch Clock:-       0                  
         Data Path:-     877                  
             Slack:=   14925                  

#-------------------------------------------------------------------------------------------------------------
#       Timing Point         Flags   Arc   Edge   Cell     Fanout Load Trans Delay Arrival      Instance      
#                                                                 (fF)  (ps)  (ps)   (ps)       Location      
#-------------------------------------------------------------------------------------------------------------
  SPI_INST_bit_cnt_reg[0]/CK -       -     R     (arrival)     12    -     0     0       0              (-,-) 
  SPI_INST_bit_cnt_reg[0]/Q  -       CK->Q F     SDFFRHQX1      3  4.4    88   272     272  (431.3150,7.2900) 
  g107598/Y                  -       A->Y  R     NOR2X1         2  2.7   109    92     364              (-,-) 
  g107490/Y                  -       A->Y  F     INVX1          1  1.2    35    59     422              (-,-) 
  g107273/Y                  -       C->Y  F     OR3X1         12 19.0   339   310     732              (-,-) 
  g107182/Y                  -       A->Y  R     INVX1          1  1.5    86   145     877              (-,-) 
  SPI_INST_bit_cnt_reg[0]/SI -       -     R     SDFFRHQX1      1    -     -     0     877  (431.3150,7.2900) 
#-------------------------------------------------------------------------------------------------------------


