=============================================================
   Generated by:   Genus(TM) Synthesis Solution 23.13-s073_1
   Generated on:   Jul 02 2026  11:44:34 pm
   Reporting on:   design:dtmf_recvr_core
=============================================================

Summary
-------
|--------------------------------------------------------------|
|                              | Sinks         | Bits          |
|------------------------------+---------------+---------------|
| Total clock gates            | 34  (100.00%) | -             |
| Total sinks                  | 514 (100.00%) | 559 (100.00%) |
|--------------------------------------------------------------|
| Synthesis clock gates        | 34  (100.00%) | -             |
| User clock gates             | 0   (0.00%)   | -             |
|--------------------------------------------------------------|
| Sinks gated by Synthesis CGs | 448 (87.16%)  | 448 (80.14%)  |
| Sinks gated only by user CGs | 0   (0.00%)   | 0   (0.00%)   |
|--------------------------------------------------------------|
| Total gated sinks            | 448 (87.16%)  | 448 (80.14%)  |
| Total ungated sinks          | 66  (12.84%)  | 111 (19.86%)  |
|--------------------------------------------------------------|

Qualified Sinks Summary
-----------------------
|------------------------------------------------------------------------------------------------------------|
|                                                | Of Total                      | Of Allowed / Not Allowed  |
|                                                | Sinks         | Bits          | Sinks       | Bits        |
|------------------------------------------------+---------------+---------------+-------------+-------------|
| Total sinks                                    | 514 (100.00%) | 559 (100.00%) | -           | -           |
|------------------------------------------------------------------------------------------------------------|
|   Sinks allowed for Synthesis clock gating     | 514 (100.00%) | 559 (100.00%) | -           | -           |
|     Sinks gated by Synthesis CGs               | 448 (87.16%)  | 448 (80.14%)  | 87.16%      | 80.14%      |
|     Sinks not gated by Synthesis CGs           | 66  (12.84%)  | 111 (19.86%)  | 12.84%      | 19.86%      |
|------------------------------------------------------------------------------------------------------------|
|   Sinks not allowed for Synthesis clock gating | 0   (0.00%)   | 0   (0.00%)   | -           | -           |
|     Excluded with lp_clock_gating_exclude      | 0   (0.00%)   | 0   (0.00%)   | 0.00%       | 0.00%       |
|     Latches                                    | 0   (0.00%)   | 0   (0.00%)   | 0.00%       | 0.00%       |
|     Flops with is_spare assumed not allowed    | 0   (0.00%)   | 0   (0.00%)   | 0.00%       | 0.00%       |
|------------------------------------------------------------------------------------------------------------|

Level Summary
-------------
|--------------------------------------------|
|                             | Count        |
|-----------------------------+--------------|
| Level 0 Synthesis CGs (L0S) | 34 (100.00%) |
|--------------------------------------------|
| Total                       | 34 (100.00%) |
|--------------------------------------------|

Multibit Sink Summary
---------------------
|--------------------------------------------------------------------------------------|
| Width | Count | Bits | Gated by Synthesis CGs | Gated only by user CGs | Ungated     |
|-------+-------+------+------------------------+------------------------+-------------|
| 1-bit |   511 |  511 | 448 (87.67%)           | 0 (0.00%)              | 63 (12.33%) |
|--------------------------------------------------------------------------------------|

