============================================================
  Generated by:           Genus(TM) Synthesis Solution 23.13-s073_1
  Generated on:           Jul 03 2026  12:10:12 am
  Module:                 dtmf_recvr_core
  Technology libraries:   ss_g_1v08_125c 1.1
                          ss_hvt_1v08_125c 1.1
                          ram_256x16_slow 1.1
                          rom_512x16A_slow 1.1
                          pllclk 4.3
                          physical_cells 
                          ss_g_1v08_125c 1.1
                          ss_hvt_1v08_125c 1.1
                          ram_256x16_slow 1.1
                          rom_512x16A_slow 1.1
                          pllclk 4.3
                          physical_cells 
  Operating conditions:   ss_1v08_125c 
  Interconnect mode:      global
  Area mode:              physical library
============================================================

Timing
--------

   Clock     Period 
--------------------
m_clk        8000.0 
m_digit_clk 16000.0 
m_dsram_clk 16000.0 
m_ram_clk   16000.0 
m_rcc_clk   16000.0 
m_spi_clk   16000.0 
refclk       8000.0 


           Cost             Critical         Violating 
          Group            Path Slack  TNS     Paths   
-------------------------------------------------------
cg_enable_group_m_clk          1045.6   0.0          0 
cg_enable_group_m_rcc_clk      3056.7   0.0          0 
cg_enable_group_m_spi_clk     13926.9   0.0          0 
default                      No paths   0.0            
m_clk                             0.1   0.0          0 
m_digit_clk                    6999.4   0.0          0 
m_dsram_clk                     897.5   0.0          0 
m_ram_clk                      1312.5   0.0          0 
m_rcc_clk                      1651.8   0.0          0 
m_spi_clk                      6999.4   0.0          0 
refclk                         6999.4   0.0          0 
-------------------------------------------------------
Total                                   0.0          0 

Instance Count
--------------
Leaf Instance Count             4408 
Physical Instance count            0 
Sequential Instance Count        548 
Combinational Instance Count    3860 
Hierarchical Instance Count       35 

Area
----
Cell Area                          205123.127
Physical Cell Area                 0.000
Total Cell Area (Cell+Physical)    205123.127
Net Area                           24431.609
Total Area (Cell+Physical+Net)     229554.736

Power
-----
Leakage Power                      0.000 W
Dynamic Power                      0.003 W
Total Power                        0.003 W

Number of Clock Gating Logic       34
Max Fanout                         78 (m_clk)
Min Fanout                         0 (TDSP_CORE_INST_PROG_BUS_MACH_INST_present_state[0])
Average Fanout                     2.5
Terms to net ratio                 3.5064
Terms to instance ratio            3.7180
Runtime                            1058.443441000001 seconds
Elapsed Runtime                    4549 seconds
Genus peak memory usage            2417.58 
Innovus peak memory usage          no_value 
Hostname                           s2
