============================================================
  Generated by:           Genus(TM) Synthesis Solution 23.13-s073_1
  Generated on:           Jun 24 2026  01:06:00 am
  Module:                 dtmf_recvr_core
  Library domain:         timing_cond_wcl_slow
    Domain index:         0
    Technology libraries: slow 
                          PLL_worst 
                          CDK_S128x16 0.0
                          CDK_S256x16 0.0
                          CDK_R512x16 0.0
  Library domain:         timing_cond_wcl_fast
    Domain index:         1
    Technology libraries: fast 
                          PLL_worst 
                          CDK_S128x16 0.0
                          CDK_R512x16 0.0
                          CDK_S256x16 0.0
  Library domain:         timing_cond_wcl_typical
    Domain index:         2
    Technology libraries: typical 
                          PLL_worst 
                          CDK_S128x16 0.0
                          CDK_R512x16 0.0
                          CDK_S256x16 0.0
  Operating conditions:   slow 
  Operating conditions:   fast 
  Operating conditions:   typical 
  Interconnect mode:      global
  Area mode:              physical library
============================================================

Timing
--------

  Analysis view     Clock     Period 
-------------------------------------
view_wcl_slow    clk2x        8000.0 
                 m_clk        8000.0 
                 m_digit_clk 16000.0 
                 m_dsram_clk 16000.0 
                 m_ram_clk   16000.0 
                 m_rcc_clk   16000.0 
                 m_spi_clk   16000.0 
                 refclk       8000.0 
view_wcl_fast    clk2x        5000.0 
                 m_clk        5000.0 
                 m_digit_clk 16000.0 
                 m_dsram_clk 16000.0 
                 m_ram_clk   16000.0 
                 m_rcc_clk   16000.0 
                 m_spi_clk   16000.0 
                 refclk       5000.0 
view_wcl_typical clk2x        6000.0 
                 m_clk        6000.0 
                 m_digit_clk 16000.0 
                 m_dsram_clk 16000.0 
                 m_ram_clk   16000.0 
                 m_rcc_clk   16000.0 
                 m_spi_clk   16000.0 
                 refclk       6000.0 


    Analysis                Cost            Critical           Violating 
      View                 Group           Path Slack   TNS      Paths   
-------------------------------------------------------------------------
view_wcl_slow        cg_enable_group_clk2x     6402.7     0.0          0 
                     cg_enable_group_m_clk     6978.0     0.0          0 
                 cg_enable_group_m_rcc_clk     6871.5     0.0          0 
                 cg_enable_group_m_spi_clk    15396.3     0.0          0 
                                     clk2x     1683.5     0.0          0 
                                   default   No paths     0.0          0 
                                     m_clk     5335.8     0.0          0 
                               m_digit_clk     7384.3     0.0          0 
                               m_dsram_clk     5634.1     0.0          0 
                                 m_ram_clk     5818.5     0.0          0 
                                 m_rcc_clk     6652.0     0.0          0 
                                 m_spi_clk     7384.3     0.0          0 
                                    refclk     7384.3     0.0          0 
-------------------------------------------------------------------------
Total                                                    -0.0          0 
                                                                         
view_wcl_fast        cg_enable_group_clk2x     4472.6     0.0          0 
                     cg_enable_group_m_clk     4663.9     0.0          0 
                 cg_enable_group_m_rcc_clk      633.6     0.0          0 
                 cg_enable_group_m_spi_clk    15802.4     0.0          0 
                                     clk2x     -266.5 -3291.9         16 
                                   default   No paths     0.0          0 
                                     m_clk      415.8     0.0          0 
                               m_digit_clk      468.4     0.0          0 
                               m_dsram_clk     -578.8 -3159.4         13 
                                 m_ram_clk     -517.3 -2342.5          9 
                                 m_rcc_clk      468.4     0.0          0 
                                 m_spi_clk      468.4     0.0          0 
                                    refclk      492.2     0.0          0 
-------------------------------------------------------------------------
Total                                                 -8793.8         38 
                                                                         
view_wcl_typical     cg_enable_group_clk2x     5242.8     0.0          0 
                     cg_enable_group_m_clk     5510.9     0.0          0 
                 cg_enable_group_m_rcc_clk     1471.4     0.0          0 
                 cg_enable_group_m_spi_clk    15713.5     0.0          0 
                                     clk2x      695.9     0.0          0 
                                   default   No paths     0.0          0 
                                     m_clk     1158.6     0.0          0 
                               m_digit_clk     1502.2     0.0          0 
                               m_dsram_clk      250.6     0.0          0 
                                 m_ram_clk      338.3     0.0          0 
                                 m_rcc_clk     1368.0     0.0          0 
                                 m_spi_clk     1502.2     0.0          0 
                                    refclk     1536.8     0.0          0 
-------------------------------------------------------------------------
Total                                                    -0.0          0 
                                                                         

Instance Count
--------------
Leaf Instance Count             10936 
Physical Instance count             0 
Sequential Instance Count         555 
Combinational Instance Count    10381 
Hierarchical Instance Count        49 

Area
----
Cell Area                          262927.696
Physical Cell Area                 0.000
Total Cell Area (Cell+Physical)    262927.696
Net Area                           89.688
Total Area (Cell+Physical+Net)     263017.384

Runtime                            1.0 seconds
Elapsed Runtime                    244 seconds
Genus peak memory usage            2167.96 
Innovus peak memory usage          no_value 
Hostname                           s2
