============================================================
  Generated by:           Genus(TM) Synthesis Solution 23.13-s073_1
  Generated on:           Jun 24 2026  01:09:43 am
  Module:                 dtmf_recvr_core
  Library domain:         timing_cond_wcl_slow
    Domain index:         0
    Technology libraries: slow 
                          PLL_worst 
                          CDK_S128x16 0.0
                          CDK_S256x16 0.0
                          CDK_R512x16 0.0
  Library domain:         timing_cond_wcl_fast
    Domain index:         1
    Technology libraries: fast 
                          PLL_worst 
                          CDK_S128x16 0.0
                          CDK_R512x16 0.0
                          CDK_S256x16 0.0
  Library domain:         timing_cond_wcl_typical
    Domain index:         2
    Technology libraries: typical 
                          PLL_worst 
                          CDK_S128x16 0.0
                          CDK_R512x16 0.0
                          CDK_S256x16 0.0
  Operating conditions:   slow 
  Operating conditions:   fast 
  Operating conditions:   typical 
  Interconnect mode:      global
  Area mode:              physical library
============================================================

                                     Leakage                 Library 
    Gate     Instances     Area    Power (nW)     Library     Domain 
---------------------------------------------------------------------
ADDFHX1             44     331.056     11.492    slow              0 
ADDFHX2             18     147.744      5.900    slow              0 
ADDFHX4              1       9.576      0.514    slow              0 
ADDFHXL              3      22.572      0.745    slow              0 
ADDFX1             195    1000.350     38.228    slow              0 
ADDHX1              79     297.198     14.316    slow              0 
ADDHX2               1       5.130      0.232    slow              0 
AND2X1              78     106.704      4.367    slow              0 
AND2X2               2       3.420      0.178    slow              0 
AND2X4               1       2.736      0.178    slow              0 
AND2X6               5      18.810      1.432    slow              0 
AND3X1               1       2.394      0.075    slow              0 
AND3X2               1       2.736      0.093    slow              0 
AND3X6               3      13.338      0.992    slow              0 
AND3XL               6      12.312      0.393    slow              0 
AND4X1               6      14.364      0.564    slow              0 
AND4X4               1       3.762      0.211    slow              0 
AO21X1              29      69.426      2.168    slow              0 
AO21X4               4      13.680      0.858    slow              0 
AO22X1              71     194.256      5.574    slow              0 
AO22X2               1       3.078      0.112    slow              0 
AO22X4               1       3.762      0.222    slow              0 
AO22XL               2       5.472      0.129    slow              0 
AOI211XL            17      34.884      0.963    slow              0 
AOI21X1            144     246.240     11.696    slow              0 
AOI21X2             20      54.720      3.257    slow              0 
AOI21X4              9      46.170      2.937    slow              0 
AOI21XL              2       3.420      0.082    slow              0 
AOI221X1            33      79.002      3.922    slow              0 
AOI221X2             3      13.338      0.696    slow              0 
AOI221X4             1       7.866      0.464    slow              0 
AOI221XL             1       3.420      0.061    slow              0 
AOI222X1            64     196.992      8.131    slow              0 
AOI222X2             5      27.360      1.270    slow              0 
AOI222X4             2      19.152      1.015    slow              0 
AOI222XL             5      17.100      0.346    slow              0 
AOI22X1             79     162.108      7.625    slow              0 
AOI22X2             15      56.430      2.895    slow              0 
AOI22X4              6      36.936      2.315    slow              0 
AOI22XL             17      34.884      0.913    slow              0 
AOI2BB1X1           24      49.248      2.067    slow              0 
AOI2BB1X2            3       9.234      0.404    slow              0 
AOI2BB1X4            4      16.416      1.071    slow              0 
AOI2BB2X1            2       6.840      0.270    slow              0 
AOI2BB2X2            2      10.260      0.463    slow              0 
AOI31X1             24      49.248      2.167    slow              0 
AOI32X1             14      33.516      1.564    slow              0 
AOI32X2              2       8.892      0.447    slow              0 
AOI32X4              1       7.866      0.447    slow              0 
AOI33XL              3       7.182      0.241    slow              0 
BUFX12              14      71.820      7.059    slow              0 
BUFX16               4      27.360      2.688    slow              0 
BUFX2               41      70.110      3.496    slow              0 
BUFX20               1       8.208      0.840    slow              0 
BUFX3               56     114.912      7.645    slow              0 
BUFX6                8      24.624      2.163    slow              0 
BUFX8                1       3.762      0.336    slow              0 
CDK_R512x16          1    9445.288      0.000    CDK_R512x16       0 
CDK_S256x16          2  210487.183      0.000    CDK_S256x16       0 
CLKAND2X2            8      16.416      0.856    slow              0 
CLKAND2X3            6      18.468      1.034    slow              0 
CLKAND2X6            7      33.516      2.394    slow              0 
CLKBUFX20            3      24.624      2.521    slow              0 
CLKBUFX8             1       3.762      0.336    slow              0 
CLKINVX12           11      45.144      4.335    slow              0 
CLKINVX16            3      16.416      1.603    slow              0 
CLKINVX20            1       6.498      0.657    slow              0 
CLKINVX4            47      80.370      6.244    slow              0 
CLKINVX6             8      19.152      1.574    slow              0 
CLKINVX8            17      52.326      4.457    slow              0 
CLKMX2X2             6      18.468      0.770    slow              0 
CLKMX2X3            13      53.352      2.608    slow              0 
CLKMX2X4             1       4.104      0.216    slow              0 
CLKXOR2X1           59     161.424      7.424    slow              0 
CLKXOR2X2            1       3.420      0.159    slow              0 
DFFHQX1            141     771.552     37.173    slow              0 
DFFNSRX1             1       9.234      0.312    slow              0 
DFFQX4               2      14.364      0.694    slow              0 
DFFQXL               1       5.472      0.185    slow              0 
DFFRHQX1           221    1360.476     64.573    slow              0 
DFFRHQX2             3      23.598      0.979    slow              0 
DFFRHQX4            23     220.248     10.331    slow              0 
DFFRX1               4      27.360      1.094    slow              0 
DFFRX2               3      22.572      1.068    slow              0 
DFFRX4               2      19.152      1.122    slow              0 
DFFSHQX1            46     298.908     13.396    slow              0 
DFFSHQX2             1       8.208      0.328    slow              0 
DFFSHQX4             6      57.456      2.559    slow              0 
DFFX4                1       9.234      0.517    slow              0 
DLY2X4               1       6.840      0.264    slow              0 
INVX1              436     298.224     14.480    slow              0 
INVX2               89      91.314      5.914    slow              0 
INVX3               17      23.256      1.694    slow              0 
INVX6                2       4.788      0.394    slow              0 
INVX8                1       3.078      0.262    slow              0 
INVXL               14       9.576      0.268    slow              0 
MX2X1              107     256.158     10.174    slow              0 
MX3X1                1       5.130      0.173    slow              0 
MX3X2                1       5.472      0.206    slow              0 
MX3XL                1       4.788      0.159    slow              0 
MXI2X1              15      41.040      1.503    slow              0 
MXI2X2               1       4.446      0.155    slow              0 
MXI2X6               2      10.260      0.694    slow              0 
MXI2XL              81     193.914      5.334    slow              0 
NAND2BX1           208     284.544     17.641    slow              0 
NAND2BX2             3       7.182      0.453    slow              0 
NAND2BX4             3      11.286      0.902    slow              0 
NAND2BXL             8      10.944      0.455    slow              0 
NAND2X1            314     322.164     20.728    slow              0 
NAND2X2             29      49.590      3.831    slow              0 
NAND2X4             16      50.342      4.223    slow              0 
NAND2X6              4      18.263      1.584    slow              0 
NAND2X8              2      10.499      1.039    slow              0 
NAND2XL              9       9.234      0.343    slow              0 
NAND3BX1             4       8.208      0.469    slow              0 
NAND3BX2             1       3.078      0.215    slow              0 
NAND3BXL            24      41.040      1.816    slow              0 
NAND3X1             25      42.750      2.458    slow              0 
NAND3X2              4      10.944      0.786    slow              0 
NAND3X4              1       4.788      0.392    slow              0 
NAND4BBX1            1       3.420      0.168    slow              0 
NAND4BBX2            1       5.472      0.297    slow              0 
NAND4BBXL            6      18.468      0.678    slow              0 
NAND4BX1            12      28.728      1.788    slow              0 
NAND4X1              2       4.104      0.260    slow              0 
NAND4X8              1      10.260      1.005    slow              0 
NAND4XL              9      15.390      0.678    slow              0 
NOR2BX1            179     244.872     12.144    slow              0 
NOR2BX2              1       2.736      0.116    slow              0 
NOR2BX4              2       7.524      0.427    slow              0 
NOR2X1             259     265.734     12.586    slow              0 
NOR2X2              34      58.140      3.304    slow              0 
NOR2X4              24      73.872      4.664    slow              0 
NOR2X6               1       4.104      0.292    slow              0 
NOR2XL               5       5.130      0.135    slow              0 
NOR3BX1             19      38.988      1.578    slow              0 
NOR3BXL              1       2.052      0.054    slow              0 
NOR3X1              14      23.940      0.894    slow              0 
NOR3X2               2       5.472      0.255    slow              0 
NOR4BBX1             2       5.472      0.235    slow              0 
NOR4BBX2             1       5.130      0.196    slow              0 
NOR4BX1             10      23.940      0.983    slow              0 
NOR4X1              26      44.460      2.056    slow              0 
OA21X1              40      82.080      2.822    slow              0 
OA21X2               1       3.078      0.104    slow              0 
OA21X4               1       3.762      0.204    slow              0 
OA22X1              10      23.940      0.825    slow              0 
OA22X4               2       8.208      0.459    slow              0 
OAI211X1            98     167.580     11.125    slow              0 
OAI211X2             1       4.104      0.227    slow              0 
OAI21X1            116     198.360      9.428    slow              0 
OAI21X2              6      18.468      0.975    slow              0 
OAI21X4              3      14.364      0.974    slow              0 
OAI21XL              7      11.970      0.321    slow              0 
OAI221X1            27      64.638      3.477    slow              0 
OAI221X2             2       9.576      0.515    slow              0 
OAI222X1             7      19.152      1.008    slow              0 
OAI22X1            240     492.480     23.165    slow              0 
OAI22X2             11      37.620      2.123    slow              0 
OAI22X4              7      45.486      2.704    slow              0 
OAI22XL              4       8.208      0.215    slow              0 
OAI2BB1X1          121     206.910     10.724    slow              0 
OAI2BB1X2           20      61.560      3.093    slow              0 
OAI2BB1X4            2       8.892      0.616    slow              0 
OAI2BB2X1            1       4.104      0.135    slow              0 
OAI31X1             15      30.780      1.523    slow              0 
OAI31X2              1       3.762      0.204    slow              0 
OAI32X1              5      11.970      0.596    slow              0 
OAI32X2              2       8.892      0.480    slow              0 
OAI33X1              4      10.944      0.569    slow              0 
OR2X1               88     120.384      6.240    slow              0 
OR2X6                4      15.048      1.377    slow              0 
OR2XL                2       2.736      0.114    slow              0 
OR3X1               25      51.300      2.242    slow              0 
OR4X1               26      53.352      2.822    slow              0 
OR4X4                1       3.762      0.280    slow              0 
OR4X8                1       6.156      0.557    slow              0 
PLL                  1   10263.729      0.146    PLL_worst         0 
SDFFQX1              2      15.048      0.490    slow              0 
SDFFRHQX1           58     476.064     21.588    slow              0 
SDFFRHQX2            1       9.918      0.406    slow              0 
SDFFRHQX4            1      12.312      0.530    slow              0 
TLATNTSCAX2         35     227.430      7.580    slow              0 
XNOR2X1            270     646.380     33.876    slow              0 
XNOR2X2              6      18.468      0.952    slow              0 
XNOR2X4              3      11.286      0.812    slow              0 
XOR2X4               3      12.312      0.813    slow              0 
XOR3X1               1       7.524      0.302    slow              0 
---------------------------------------------------------------------
total             5148  243435.806    645.987                


                                               Leakage  Leakage 
  Library   Instances Instances %    Area    Power (nW) Power % 
----------------------------------------------------------------
CDK_R512x16         1         0.0   9445.288      0.000     0.0 
CDK_S256x16         2         0.0 210487.183      0.000     0.0 
PLL_worst           1         0.0  10263.729      0.146     0.0 
slow             5144        99.9  13239.607    645.842   100.0 

                                                           Leakage  Leakage 
            Type             Instances    Area    Area % Power (nW) Power % 
----------------------------------------------------------------------------
timing_model                         4 230196.200   94.6      0.146     0.0 
sequential                         517   3361.176    1.4    157.345    24.4 
inverter                           646    650.142    0.3     41.881     6.5 
buffer                             130    356.022    0.1     27.348     4.2 
clock_gating_integrated_cell        35    227.430    0.1      7.580     1.2 
logic                             3816   8644.837    3.6    411.687    63.7 
physical_cells                       0      0.000    0.0      0.000     0.0 
----------------------------------------------------------------------------
total                             5148 243435.806  100.0    645.987   100.0 

