============================================================
  Generated by:           Genus(TM) Synthesis Solution 23.13-s073_1
  Generated on:           Apr 11 2026  09:19:02 pm
  Module:                 alu
  Operating conditions:   PVT_0P9V_125C 
  Interconnect mode:      global
  Area mode:              physical library
============================================================


Path 1: MET (4881 ps) Setup Check with Pin flag_carry_reg/CK->D
          Group: clk
     Startpoint: (F) op_code[0]
          Clock: (R) clk
       Endpoint: (R) flag_carry_reg/D
          Clock: (R) clk

                     Capture       Launch     
        Clock Edge:+   10000            0     
        Drv Adjust:+       0            0     
       Src Latency:+       0            0     
       Net Latency:+       0 (I)        0 (I) 
           Arrival:=   10000            0     
                                              
             Setup:-     189                  
       Uncertainty:-     100                  
     Required Time:=    9711                  
      Launch Clock:-       0                  
       Input Delay:-    1000                  
         Data Path:-    3830                  
             Slack:=    4881                  

Exceptions/Constraints:
  input_delay             1000            constraints_genus.sd_line_25_18_1 

#------------------------------------------------------------------------------------------
#  Timing Point    Flags    Arc   Edge   Cell     Fanout Load Trans Delay Arrival Instance 
#                                                        (fF)  (ps)  (ps)   (ps)  Location 
#------------------------------------------------------------------------------------------
  op_code[0]       -       -      F     (arrival)      4 10.4     0     0    1000    (-,-) 
  g4648/Y          -       A->Y   R     INVX1          3  8.2   175   102    1102    (-,-) 
  g4640__1881/Y    -       A->Y   R     OR2X1          2  7.5   167   235    1337    (-,-) 
  g4615__2398/Y    -       B->Y   R     AND2X2         6 15.4   189   316    1652    (-,-) 
  g4598__7098/Y    -       B->Y   F     NAND2X1        1  4.3   275   261    1914    (-,-) 
  g4581__2883/Y    -       B->Y   R     XNOR2X1        1  4.7   115   309    2223    (-,-) 
  g4542__6161/CO   -       B->CO  R     ADDFX1         1  4.5   119   283    2505    (-,-) 
  g4539__1881/CO   -       CI->CO R     ADDFX1         1  4.5   119   272    2777    (-,-) 
  g4536__7098/CO   -       CI->CO R     ADDFX1         1  4.5   119   272    3048    (-,-) 
  g4533__5122/CO   -       CI->CO R     ADDFX1         1  4.5   119   272    3320    (-,-) 
  g4530__2802/CO   -       CI->CO R     ADDFX1         1  4.5   119   272    3592    (-,-) 
  g4527__3680/CO   -       CI->CO R     ADDFX1         1  4.5   119   272    3863    (-,-) 
  g4524__5526/CO   -       CI->CO R     ADDFX1         1  4.5   119   272    4134    (-,-) 
  g4521__4319/CO   -       CI->CO R     ADDFX1         1  4.3   115   269    4404    (-,-) 
  g4520__5107/Y    -       B->Y   F     XNOR2X1        1  4.3   125   218    4622    (-,-) 
  g4517__2398/Y    -       A1->Y  R     OAI21X1        1  4.2   232   207    4830    (-,-) 
  flag_carry_reg/D <<<     -      R     DFFHQX1        1    -     -     0    4830    (-,-) 
#------------------------------------------------------------------------------------------

