============================================================
  Generated by:           Genus(TM) Synthesis Solution 23.13-s073_1
  Generated on:           Apr 11 2026  09:19:02 pm
  Module:                 alu
  Operating conditions:   PVT_0P9V_125C 
  Interconnect mode:      global
  Area mode:              physical library
============================================================

Instance Module  Cell-Count  Cell-Area  Net-Area   Total-Area 
--------------------------------------------------------------
alu      NA             139    309.852   182.665      492.517 
[user10@s2 reports]$ ls
report_area.rpt  report_power.rpt  report_qor.rpt  report_timing.rpt
[user10@s2 reports]$ cat r
report_area.rpt    report_power.rpt   report_qor.rpt     report_timing.rpt  
[user10@s2 reports]$ cat report_qor.rpt 
============================================================
  Generated by:           Genus(TM) Synthesis Solution 23.13-s073_1
  Generated on:           Apr 11 2026  09:19:02 pm
  Module:                 alu
  Operating conditions:   PVT_0P9V_125C 
  Interconnect mode:      global
  Area mode:              physical library
============================================================

Timing
--------

Clock  Period 
--------------
clk   10000.0 


  Cost    Critical         Violating 
 Group   Path Slack  TNS     Paths   
-------------------------------------
clk          4881.3   0.0          0 
default    No paths   0.0            
-------------------------------------
Total                 0.0          0 

Instance Count
--------------
Leaf Instance Count             139 
Physical Instance count           0 
Sequential Instance Count        10 
Combinational Instance Count    129 
Hierarchical Instance Count       0 

Area
----
Cell Area                          309.852
Physical Cell Area                 0.000
Total Cell Area (Cell+Physical)    309.852
Net Area                           182.665
Total Area (Cell+Physical+Net)     492.517

Max Fanout                         10 (clk)
Min Fanout                         1 (n_0)
Average Fanout                     2.0
Terms to net ratio                 2.8166
Terms to instance ratio            3.4245
Runtime                            66.522481 seconds
Elapsed Runtime                    60 seconds
Genus peak memory usage            1868.16 
Innovus peak memory usage          no_value 
Hostname                           s2
