Instance: /alu
Power Unit: W
PDB Frames: /stim#0/frame#0
  -------------------------------------------------------------------------
    Category         Leakage     Internal    Switching        Total    Row%
  -------------------------------------------------------------------------
      memory     0.00000e+00  0.00000e+00  0.00000e+00  0.00000e+00   0.00%
    register     1.20503e-09  2.57241e-06  1.16581e-06  3.73943e-06  21.55%
       latch     0.00000e+00  0.00000e+00  0.00000e+00  0.00000e+00   0.00%
       logic     6.21107e-09  3.28553e-06  1.01584e-05  1.34501e-05  77.52%
        bbox     0.00000e+00  0.00000e+00  0.00000e+00  0.00000e+00   0.00%
       clock     0.00000e+00  0.00000e+00  1.62000e-07  1.62000e-07   0.93%
         pad     0.00000e+00  0.00000e+00  0.00000e+00  0.00000e+00   0.00%
          pm     0.00000e+00  0.00000e+00  0.00000e+00  0.00000e+00   0.00%
  -------------------------------------------------------------------------
    Subtotal     7.41610e-09  5.85794e-06  1.14862e-05  1.73515e-05 100.00%
  Percentage           0.04%       33.76%       66.20%      100.00% 100.00%
  -------------------------------------------------------------------------
[user10@s2 reports]$ ls
report_area.rpt  report_power.rpt  report_qor.rpt  report_timing.rpt
[user10@s2 reports]$ cat re
report_area.rpt    report_power.rpt   report_qor.rpt     report_timing.rpt  
[user10@s2 reports]$ cat report_area.rpt 
============================================================
  Generated by:           Genus(TM) Synthesis Solution 23.13-s073_1
  Generated on:           Apr 11 2026  09:19:02 pm
  Module:                 alu
  Operating conditions:   PVT_0P9V_125C 
  Interconnect mode:      global
  Area mode:              physical library
============================================================

Instance Module  Cell-Count  Cell-Area  Net-Area   Total-Area 
--------------------------------------------------------------
alu      NA             139    309.852   182.665      492.517 
