============================================================
  Generated by:           Genus(TM) Synthesis Solution 23.13-s073_1
  Generated on:           Mar 26 2026  07:07:44 pm
  Module:                 counter
  Operating conditions:   slow (balanced_tree)
  Wireload mode:          enclosed
  Area mode:              timing library
============================================================


Path 1: MET (8565 ps) Late External Delay Assertion at pin count[0]
          Group: clk
     Startpoint: (R) count_reg[0]/CK
          Clock: (R) clk
       Endpoint: (R) count[0]
          Clock: (R) clk

                     Capture       Launch     
        Clock Edge:+   10000            0     
        Src Latency:+      0            0     
        Net Latency:+      0 (I)        0 (I) 
           Arrival:=   10000            0     
                                              
      Output Delay:-    1000                  
       Uncertainty:-     100                  
     Required Time:=    8900                  
      Launch Clock:-       0                  
         Data Path:-     335                  
             Slack:=    8565                  

Exceptions/Constraints:
  output_delay             1000             constraints_top.sdc_line_13_7_1 

#----------------------------------------------------------------------------------------
#  Timing Point   Flags   Arc   Edge   Cell     Fanout Load Trans Delay Arrival Instance 
#                                                      (fF)  (ps)  (ps)   (ps)  Location 
#----------------------------------------------------------------------------------------
  count_reg[0]/CK -       -     R     (arrival)      8    -   100     0     0    (-,-) 
  count_reg[0]/Q  -       CK->Q R     DFFRX4         3  7.0    63   335   335    (-,-) 
  count[0]        <<<     -     R     (port)         -    -     -     0   335    (-,-) 
#----------------------------------------------------------------------------------------
