============================================================
  Generated by:           Genus(TM) Synthesis Solution 23.13-s073_1
  Generated on:           Mar 26 2026  07:07:44 pm
  Module:                 counter
  Operating conditions:   slow (balanced_tree)
  Wireload mode:          enclosed
  Area mode:              timing library
============================================================

Instance: /counter
Power Unit: W
PDB Frames: /stim#0/frame#0
  -------------------------------------------------------------------------
    Category         Leakage    Internal   Switching        Total    Row%
  -------------------------------------------------------------------------
      memory     0.00000e+00  0.00000e+00  0.00000e+00  0.00000e+00   0.00%
    register     4.42639e-09  8.22390e-06  4.08818e-07  8.63714e-06  82.92%
       latch     0.00000e+00  0.00000e+00  0.00000e+00  0.00000e+00   0.00%
       logic     3.01184e-09  9.90532e-07  2.96263e-07  1.28981e-06  12.38%
        bbox     0.00000e+00  0.00000e+00  0.00000e+00  0.00000e+00   0.00%
       clock     0.00000e+00  0.00000e+00  4.89888e-07  4.89888e-07   4.70%
         pad     0.00000e+00  0.00000e+00  0.00000e+00  0.00000e+00   0.00%
          pm     0.00000e+00  0.00000e+00  0.00000e+00  0.00000e+00   0.00%
  -------------------------------------------------------------------------
    Subtotal     7.43823e-09  9.21443e-06  1.19497e-06  1.04168e-05 100.00%
  Percentage           0.07%       88.46%       11.47%      100.00% 100.00%
  -------------------------------------------------------------------------
