============================================================
  Generated by:           Genus(TM) Synthesis Solution 23.13-s073_1
  Generated on:           Mar 26 2026  07:07:44 pm
  Module:                 counter
  Operating conditions:   slow (balanced_tree)
  Wireload mode:          enclosed
  Area mode:              timing library
============================================================

Timing
--------

Clock  Period 
--------------
clk   10000.0 


  Cost    Critical         Violating 
 Group   Path Slack  TNS     Paths   
-------------------------------------
clk          8565.2   0.0          0 
default    No paths   0.0            
-------------------------------------
Total                 0.0          0 

Instance Count
--------------
Leaf Instance Count             25 
Physical Instance count          0 
Sequential Instance Count        8 
Combinational Instance Count    17 
Hierarchical Instance Count      0 

Area
----
Cell Area                          0.000
Physical Cell Area                 0.000
Total Cell Area (Cell+Physical)    0.000
Net Area                           0.000
Total Area (Cell+Physical+Net)     0.000

Max Fanout                         8 (clk)
Min Fanout                         0 (rst)
Average Fanout                     1.8
Terms to net ratio                 2.7353
Terms to instance ratio            3.7200
Runtime                            46.919722 seconds
Elapsed Runtime                    38 seconds
Genus peak memory usage            1894.26 
Innovus peak memory usage          no_value 
Hostname                           s2
