============================================================
  Generated by:           Genus(TM) Synthesis Solution 23.13-s073_1
  Generated on:           Jun 24 2026  01:37:14 am
  Module:                 dtmf_recvr_core
  Operating conditions:   slow 
  Operating conditions:   fast 
  Operating conditions:   typical 
  Interconnect mode:      global
  Area mode:              physical library
============================================================

              Instance                   Module      Cell-Count  Cell-Area  Net-Area   Total-Area 
--------------------------------------------------------------------------------------------------
dtmf_recvr_core                      NA                    4966 243139.344  6455.612   249594.956 
  PM_INST                            power_manager           27     77.634    28.319      105.953 
  SPI_INST                           spi                     44    194.598    33.507      228.105 
  TDSP_CORE_INST_ACCUM_STAT_INST     accum_stat              18     34.542    11.480       46.022 
  TDSP_CORE_INST_DATA_BUS_MACH_INST  data_bus_mach           39    173.394    20.222      193.616 
  TDSP_CORE_INST_DECODE_INST         decode_i               103    403.218    87.997      491.215 
  TDSP_CORE_INST_PORT_BUS_MACH_INST  port_bus_mach           32    147.402    15.072      162.474 
  TDSP_CORE_INST_PROG_BUS_MACH_INST  prog_bus_mach           29    138.852    12.487      151.339 
  TDSP_CORE_INST_TDSP_CORE_MACH_INST tdsp_core_mach          28     86.526    23.852      110.378 
  TEST_CONTROL_INST                  test_control            11     15.390     6.576       21.966 
