============================================================
  Generated by:           Genus(TM) Synthesis Solution 23.13-s073_1
  Generated on:           Jun 24 2026  01:36:31 am
  Module:                 dtmf_recvr_core
  Operating conditions:   slow 
  Operating conditions:   fast 
  Operating conditions:   typical 
  Interconnect mode:      global
  Area mode:              physical library
============================================================


Path 1: VIOLATED (-576 ps) Setup Check with Pin RAM_256x16_TEST_INST_RAM_256x16_INST/CLOCK->ADDRESS[5]
           View: view_wcl_fast
          Group: m_dsram_clk
     Startpoint: (R) TDSP_CORE_INST_EXECUTE_INST_ar0_reg[2]/CK
          Clock: (R) clk2x
       Endpoint: (F) RAM_256x16_TEST_INST_RAM_256x16_INST/ADDRESS[5]
          Clock: (R) m_dsram_clk

                     Capture       Launch     
        Clock Edge:+   16000        15000     
       Src Latency:+       0            0     
       Net Latency:+       0 (I)        0 (I) 
           Arrival:=   16000        15000     
                                              
             Setup:-    1206                  
     Required Time:=   14794                  
      Launch Clock:-   15000                  
         Data Path:-     370                  
             Slack:=    -576                  

#--------------------------------------------------------------------------------------------------------------------------
#                  Timing Point                   Flags   Arc   Edge    Cell      Fanout Load Trans Delay Arrival Instance 
#                                                                                        (fF)  (ps)  (ps)   (ps)  Location 
#--------------------------------------------------------------------------------------------------------------------------
  TDSP_CORE_INST_EXECUTE_INST_ar0_reg[2]/CK       -       -     R     (arrival)       16    -     0     0   15000    (-,-) 
  TDSP_CORE_INST_EXECUTE_INST_ar0_reg[2]/Q        -       CK->Q R     DFFRHQX4         2 10.2    28    87   15087    (-,-) 
  g107295/Y                                       -       A->Y  F     NAND2X8          1  8.7    26    21   15107    (-,-) 
  g81115__1666/Y                                  -       B->Y  R     NOR2X8           1  8.6    27    19   15126    (-,-) 
  g107291/Y                                       -       B->Y  F     NAND2X8          2  8.6    26    20   15145    (-,-) 
  g81057__6161/Y                                  -       B->Y  R     NOR2X6           1  3.2    20    15   15160    (-,-) 
  g107268/Y                                       -       B->Y  R     XNOR2X2          1  5.3    31    46   15207    (-,-) 
  g80923__2398/Y                                  -       A1->Y F     OAI22X4          1  5.4    41    30   15237    (-,-) 
  g80917__1666/Y                                  -       B0->Y R     AOI2BB1X4        1  6.6    34    26   15263    (-,-) 
  fopt107457/Y                                    -       A->Y  F     INVX6            4 10.9    21    17   15280    (-,-) 
  g78766__4733/Y                                  -       A->Y  F     CLKMX2X3         1  5.9    26    50   15330    (-,-) 
  g78762/Y                                        -       A->Y  F     CLKBUFX20        1 50.8    25    37   15367    (-,-) 
  RAM_256x16_TEST_INST_RAM_256x16_INST/ADDRESS[5] (P)     -     F     CDK_S256x16      1    -     -     3   15370    (-,-) 
#--------------------------------------------------------------------------------------------------------------------------

(P) : Instance is preserved



Path 2: VIOLATED (-576 ps) Setup Check with Pin RAM_256x16_TEST_INST_RAM_256x16_INST/CLOCK->ADDRESS[5]
           View: view_wcl_fast
          Group: m_dsram_clk
     Startpoint: (R) TDSP_CORE_INST_EXECUTE_INST_ar0_reg[3]/CK
          Clock: (R) clk2x
       Endpoint: (F) RAM_256x16_TEST_INST_RAM_256x16_INST/ADDRESS[5]
          Clock: (R) m_dsram_clk

                     Capture       Launch     
        Clock Edge:+   16000        15000     
       Src Latency:+       0            0     
       Net Latency:+       0 (I)        0 (I) 
           Arrival:=   16000        15000     
                                              
             Setup:-    1206                  
     Required Time:=   14794                  
      Launch Clock:-   15000                  
         Data Path:-     370                  
             Slack:=    -576                  

#--------------------------------------------------------------------------------------------------------------------------
#                  Timing Point                   Flags   Arc   Edge    Cell      Fanout Load Trans Delay Arrival Instance 
#                                                                                        (fF)  (ps)  (ps)   (ps)  Location 
#--------------------------------------------------------------------------------------------------------------------------
  TDSP_CORE_INST_EXECUTE_INST_ar0_reg[3]/CK       -       -     R     (arrival)       16    -     0     0   15000    (-,-) 
  TDSP_CORE_INST_EXECUTE_INST_ar0_reg[3]/Q        -       CK->Q R     DFFRHQX4         2 10.3    28    87   15087    (-,-) 
  g107295/Y                                       -       B->Y  F     NAND2X8          1  8.7    26    20   15106    (-,-) 
  g81115__1666/Y                                  -       B->Y  R     NOR2X8           1  8.6    27    19   15125    (-,-) 
  g107291/Y                                       -       B->Y  F     NAND2X8          2  8.6    26    20   15145    (-,-) 
  g81057__6161/Y                                  -       B->Y  R     NOR2X6           1  3.2    20    15   15160    (-,-) 
  g107268/Y                                       -       B->Y  R     XNOR2X2          1  5.3    31    46   15206    (-,-) 
  g80923__2398/Y                                  -       A1->Y F     OAI22X4          1  5.4    41    30   15236    (-,-) 
  g80917__1666/Y                                  -       B0->Y R     AOI2BB1X4        1  6.6    34    26   15262    (-,-) 
  fopt107457/Y                                    -       A->Y  F     INVX6            4 10.9    21    17   15280    (-,-) 
  g78766__4733/Y                                  -       A->Y  F     CLKMX2X3         1  5.9    26    50   15330    (-,-) 
  g78762/Y                                        -       A->Y  F     CLKBUFX20        1 50.8    25    37   15366    (-,-) 
  RAM_256x16_TEST_INST_RAM_256x16_INST/ADDRESS[5] (P)     -     F     CDK_S256x16      1    -     -     3   15370    (-,-) 
#--------------------------------------------------------------------------------------------------------------------------

(P) : Instance is preserved



Path 3: VIOLATED (-575 ps) Setup Check with Pin RAM_256x16_TEST_INST_RAM_256x16_INST/CLOCK->ADDRESS[5]
           View: view_wcl_fast
          Group: m_dsram_clk
     Startpoint: (R) TDSP_CORE_INST_EXECUTE_INST_ar1_reg[2]/CK
          Clock: (R) clk2x
       Endpoint: (F) RAM_256x16_TEST_INST_RAM_256x16_INST/ADDRESS[5]
          Clock: (R) m_dsram_clk

                     Capture       Launch     
        Clock Edge:+   16000        15000     
       Src Latency:+       0            0     
       Net Latency:+       0 (I)        0 (I) 
           Arrival:=   16000        15000     
                                              
             Setup:-    1206                  
     Required Time:=   14794                  
      Launch Clock:-   15000                  
         Data Path:-     369                  
             Slack:=    -575                  

#---------------------------------------------------------------------------------------------------------------------------
#                  Timing Point                   Flags    Arc   Edge    Cell      Fanout Load Trans Delay Arrival Instance 
#                                                                                         (fF)  (ps)  (ps)   (ps)  Location 
#---------------------------------------------------------------------------------------------------------------------------
  TDSP_CORE_INST_EXECUTE_INST_ar1_reg[2]/CK       -       -      R     (arrival)       16    -     0     0   15000    (-,-) 
  TDSP_CORE_INST_EXECUTE_INST_ar1_reg[2]/Q        -       CK->Q  R     DFFRX4           3  8.7    28    93   15093    (-,-) 
  g106972/Y                                       -       A->Y   F     NAND2X4          1  5.3    28    21   15114    (-,-) 
  g81116__7410/Y                                  -       B->Y   R     NOR2X4           1  5.3    29    20   15134    (-,-) 
  g107330/Y                                       -       B->Y   F     NAND2X4          2  5.7    29    21   15155    (-,-) 
  g81059__9945/Y                                  -       B->Y   R     NOR2X2           1  3.1    31    22   15177    (-,-) 
  g80974__3680/Y                                  -       B->Y   R     XNOR2X1          1  2.9    30    43   15220    (-,-) 
  g80917__1666/Y                                  -       A1N->Y R     AOI2BB1X4        1  6.6    34    42   15262    (-,-) 
  fopt107457/Y                                    -       A->Y   F     INVX6            4 10.9    21    17   15279    (-,-) 
  g78766__4733/Y                                  -       A->Y   F     CLKMX2X3         1  5.9    26    50   15329    (-,-) 
  g78762/Y                                        -       A->Y   F     CLKBUFX20        1 50.8    25    37   15366    (-,-) 
  RAM_256x16_TEST_INST_RAM_256x16_INST/ADDRESS[5] (P)     -      F     CDK_S256x16      1    -     -     3   15369    (-,-) 
#---------------------------------------------------------------------------------------------------------------------------

(P) : Instance is preserved



Path 4: VIOLATED (-574 ps) Setup Check with Pin RAM_256x16_TEST_INST_RAM_256x16_INST/CLOCK->ADDRESS[5]
           View: view_wcl_fast
          Group: m_dsram_clk
     Startpoint: (R) TDSP_CORE_INST_DECODE_INST/ir_reg[0]/CK
          Clock: (R) clk2x
       Endpoint: (F) RAM_256x16_TEST_INST_RAM_256x16_INST/ADDRESS[5]
          Clock: (R) m_dsram_clk

                     Capture       Launch     
        Clock Edge:+   16000        15000     
       Src Latency:+       0            0     
       Net Latency:+       0 (I)        0 (I) 
           Arrival:=   16000        15000     
                                              
             Setup:-    1206                  
     Required Time:=   14794                  
      Launch Clock:-   15000                  
         Data Path:-     368                  
             Slack:=    -574                  

#--------------------------------------------------------------------------------------------------------------------------
#                  Timing Point                   Flags   Arc   Edge    Cell      Fanout Load Trans Delay Arrival Instance 
#                                                                                        (fF)  (ps)  (ps)   (ps)  Location 
#--------------------------------------------------------------------------------------------------------------------------
  TDSP_CORE_INST_DECODE_INST/ir_reg[0]/CK         -       -     R     (arrival)       32    -     0     0   15000    (-,-) 
  TDSP_CORE_INST_DECODE_INST/ir_reg[0]/Q          -       CK->Q R     DFFRHQX4         2  6.3    22    83   15083    (-,-) 
  g81139__8246/Y                                  -       A->Y  R     CLKAND2X6        2 11.6    21    31   15114    (-,-) 
  g107476/Y                                       -       A->Y  F     NAND3X8          2  7.3    38    27   15141    (-,-) 
  g81058__9315/Y                                  -       B->Y  R     NOR2X4           1  3.2    24    20   15161    (-,-) 
  g107266/Y                                       -       B->Y  R     XNOR2X2          1  5.3    31    48   15208    (-,-) 
  g80923__2398/Y                                  -       B1->Y F     OAI22X4          1  5.4    41    26   15234    (-,-) 
  g80917__1666/Y                                  -       B0->Y R     AOI2BB1X4        1  6.6    34    26   15261    (-,-) 
  fopt107457/Y                                    -       A->Y  F     INVX6            4 10.9    21    17   15278    (-,-) 
  g78766__4733/Y                                  -       A->Y  F     CLKMX2X3         1  5.9    26    50   15328    (-,-) 
  g78762/Y                                        -       A->Y  F     CLKBUFX20        1 50.8    25    37   15365    (-,-) 
  RAM_256x16_TEST_INST_RAM_256x16_INST/ADDRESS[5] (P)     -     F     CDK_S256x16      1    -     -     3   15368    (-,-) 
#--------------------------------------------------------------------------------------------------------------------------

(P) : Instance is preserved



Path 5: VIOLATED (-574 ps) Setup Check with Pin RAM_256x16_TEST_INST_RAM_256x16_INST/CLOCK->ADDRESS[5]
           View: view_wcl_fast
          Group: m_dsram_clk
     Startpoint: (R) TDSP_CORE_INST_EXECUTE_INST_dmov_inc_reg/CK
          Clock: (R) clk2x
       Endpoint: (F) RAM_256x16_TEST_INST_RAM_256x16_INST/ADDRESS[5]
          Clock: (R) m_dsram_clk

                     Capture       Launch     
        Clock Edge:+   16000        15000     
       Src Latency:+       0            0     
       Net Latency:+       0 (I)        0 (I) 
           Arrival:=   16000        15000     
                                              
             Setup:-    1206                  
     Required Time:=   14794                  
      Launch Clock:-   15000                  
         Data Path:-     368                  
             Slack:=    -574                  

#--------------------------------------------------------------------------------------------------------------------------
#                  Timing Point                   Flags   Arc   Edge    Cell      Fanout Load Trans Delay Arrival Instance 
#                                                                                        (fF)  (ps)  (ps)   (ps)  Location 
#--------------------------------------------------------------------------------------------------------------------------
  TDSP_CORE_INST_EXECUTE_INST_dmov_inc_reg/CK     -       -     R     (arrival)        6    -     0     0   15000    (-,-) 
  TDSP_CORE_INST_EXECUTE_INST_dmov_inc_reg/Q      -       CK->Q R     SDFFRHQX4        2 11.5    30    88   15088    (-,-) 
  fopt/Y                                          -       A->Y  F     CLKINVX8         3 14.8    20    16   15104    (-,-) 
  g81115__1666/Y                                  -       A->Y  R     NOR2X8           1  8.6    27    19   15123    (-,-) 
  g107291/Y                                       -       B->Y  F     NAND2X8          2  8.6    26    20   15143    (-,-) 
  g81057__6161/Y                                  -       B->Y  R     NOR2X6           1  3.2    20    15   15158    (-,-) 
  g107268/Y                                       -       B->Y  R     XNOR2X2          1  5.3    31    46   15204    (-,-) 
  g80923__2398/Y                                  -       A1->Y F     OAI22X4          1  5.4    41    30   15234    (-,-) 
  g80917__1666/Y                                  -       B0->Y R     AOI2BB1X4        1  6.6    34    26   15260    (-,-) 
  fopt107457/Y                                    -       A->Y  F     INVX6            4 10.9    21    17   15278    (-,-) 
  g78766__4733/Y                                  -       A->Y  F     CLKMX2X3         1  5.9    26    50   15328    (-,-) 
  g78762/Y                                        -       A->Y  F     CLKBUFX20        1 50.8    25    37   15364    (-,-) 
  RAM_256x16_TEST_INST_RAM_256x16_INST/ADDRESS[5] (P)     -     F     CDK_S256x16      1    -     -     3   15368    (-,-) 
#--------------------------------------------------------------------------------------------------------------------------

(P) : Instance is preserved



Path 6: VIOLATED (-574 ps) Setup Check with Pin RAM_256x16_TEST_INST_RAM_256x16_INST/CLOCK->ADDRESS[5]
           View: view_wcl_fast
          Group: m_dsram_clk
     Startpoint: (R) TDSP_CORE_INST_EXECUTE_INST_dmov_inc_reg/CK
          Clock: (R) clk2x
       Endpoint: (F) RAM_256x16_TEST_INST_RAM_256x16_INST/ADDRESS[5]
          Clock: (R) m_dsram_clk

                     Capture       Launch     
        Clock Edge:+   16000        15000     
       Src Latency:+       0            0     
       Net Latency:+       0 (I)        0 (I) 
           Arrival:=   16000        15000     
                                              
             Setup:-    1206                  
     Required Time:=   14794                  
      Launch Clock:-   15000                  
         Data Path:-     368                  
             Slack:=    -574                  

#--------------------------------------------------------------------------------------------------------------------------
#                  Timing Point                   Flags   Arc   Edge    Cell      Fanout Load Trans Delay Arrival Instance 
#                                                                                        (fF)  (ps)  (ps)   (ps)  Location 
#--------------------------------------------------------------------------------------------------------------------------
  TDSP_CORE_INST_EXECUTE_INST_dmov_inc_reg/CK     -       -     R     (arrival)        6    -     0     0   15000    (-,-) 
  TDSP_CORE_INST_EXECUTE_INST_dmov_inc_reg/Q      -       CK->Q R     SDFFRHQX4        2 11.5    30    88   15088    (-,-) 
  g107477/Y                                       -       B->Y  R     CLKAND2X6        1  8.9    18    30   15118    (-,-) 
  g107476/Y                                       -       C->Y  F     NAND3X8          2  7.3    38    23   15141    (-,-) 
  g81058__9315/Y                                  -       B->Y  R     NOR2X4           1  3.2    24    20   15160    (-,-) 
  g107266/Y                                       -       B->Y  R     XNOR2X2          1  5.3    31    48   15208    (-,-) 
  g80923__2398/Y                                  -       B1->Y F     OAI22X4          1  5.4    41    26   15234    (-,-) 
  g80917__1666/Y                                  -       B0->Y R     AOI2BB1X4        1  6.6    34    26   15260    (-,-) 
  fopt107457/Y                                    -       A->Y  F     INVX6            4 10.9    21    17   15278    (-,-) 
  g78766__4733/Y                                  -       A->Y  F     CLKMX2X3         1  5.9    26    50   15328    (-,-) 
  g78762/Y                                        -       A->Y  F     CLKBUFX20        1 50.8    25    37   15364    (-,-) 
  RAM_256x16_TEST_INST_RAM_256x16_INST/ADDRESS[5] (P)     -     F     CDK_S256x16      1    -     -     3   15368    (-,-) 
#--------------------------------------------------------------------------------------------------------------------------

(P) : Instance is preserved



Path 7: VIOLATED (-573 ps) Setup Check with Pin RAM_256x16_TEST_INST_RAM_256x16_INST/CLOCK->ADDRESS[5]
           View: view_wcl_fast
          Group: m_dsram_clk
     Startpoint: (R) TDSP_CORE_INST_EXECUTE_INST_dmov_inc_reg/CK
          Clock: (R) clk2x
       Endpoint: (F) RAM_256x16_TEST_INST_RAM_256x16_INST/ADDRESS[5]
          Clock: (R) m_dsram_clk

                     Capture       Launch     
        Clock Edge:+   16000        15000     
       Src Latency:+       0            0     
       Net Latency:+       0 (I)        0 (I) 
           Arrival:=   16000        15000     
                                              
             Setup:-    1206                  
     Required Time:=   14794                  
      Launch Clock:-   15000                  
         Data Path:-     367                  
             Slack:=    -573                  

#--------------------------------------------------------------------------------------------------------------------------
#                  Timing Point                   Flags   Arc   Edge    Cell      Fanout Load Trans Delay Arrival Instance 
#                                                                                        (fF)  (ps)  (ps)   (ps)  Location 
#--------------------------------------------------------------------------------------------------------------------------
  TDSP_CORE_INST_EXECUTE_INST_dmov_inc_reg/CK     -       -     R     (arrival)        6    -     0     0   15000    (-,-) 
  TDSP_CORE_INST_EXECUTE_INST_dmov_inc_reg/Q      -       CK->Q F     SDFFRHQX4        2 11.5    26    89   15089    (-,-) 
  g107477/Y                                       -       B->Y  F     CLKAND2X6        1  8.9    18    31   15120    (-,-) 
  g107476/Y                                       -       C->Y  R     NAND3X8          2  7.3    21    12   15133    (-,-) 
  g81058__9315/Y                                  -       B->Y  F     NOR2X4           1  3.2    17    12   15145    (-,-) 
  g107266/Y                                       -       B->Y  R     XNOR2X2          1  5.3    31    63   15208    (-,-) 
  g80923__2398/Y                                  -       B1->Y F     OAI22X4          1  5.4    41    26   15234    (-,-) 
  g80917__1666/Y                                  -       B0->Y R     AOI2BB1X4        1  6.6    34    26   15260    (-,-) 
  fopt107457/Y                                    -       A->Y  F     INVX6            4 10.9    21    17   15277    (-,-) 
  g78766__4733/Y                                  -       A->Y  F     CLKMX2X3         1  5.9    26    50   15327    (-,-) 
  g78762/Y                                        -       A->Y  F     CLKBUFX20        1 50.8    25    37   15364    (-,-) 
  RAM_256x16_TEST_INST_RAM_256x16_INST/ADDRESS[5] (P)     -     F     CDK_S256x16      1    -     -     3   15367    (-,-) 
#--------------------------------------------------------------------------------------------------------------------------

(P) : Instance is preserved



Path 8: VIOLATED (-573 ps) Setup Check with Pin RAM_256x16_TEST_INST_RAM_256x16_INST/CLOCK->ADDRESS[5]
           View: view_wcl_fast
          Group: m_dsram_clk
     Startpoint: (R) TDSP_CORE_INST_EXECUTE_INST_ar0_reg[1]/CK
          Clock: (R) clk2x
       Endpoint: (F) RAM_256x16_TEST_INST_RAM_256x16_INST/ADDRESS[5]
          Clock: (R) m_dsram_clk

                     Capture       Launch     
        Clock Edge:+   16000        15000     
       Src Latency:+       0            0     
       Net Latency:+       0 (I)        0 (I) 
           Arrival:=   16000        15000     
                                              
             Setup:-    1206                  
     Required Time:=   14794                  
      Launch Clock:-   15000                  
         Data Path:-     367                  
             Slack:=    -573                  

#--------------------------------------------------------------------------------------------------------------------------
#                  Timing Point                   Flags   Arc   Edge    Cell      Fanout Load Trans Delay Arrival Instance 
#                                                                                        (fF)  (ps)  (ps)   (ps)  Location 
#--------------------------------------------------------------------------------------------------------------------------
  TDSP_CORE_INST_EXECUTE_INST_ar0_reg[1]/CK       -       -     R     (arrival)       16    -     0     0   15000    (-,-) 
  TDSP_CORE_INST_EXECUTE_INST_ar0_reg[1]/Q        -       CK->Q R     DFFRHQX4         2  5.4    21    83   15083    (-,-) 
  g81160__6417/Y                                  -       A->Y  R     AND2X6           2 11.3    24    40   15122    (-,-) 
  g107291/Y                                       -       A->Y  F     NAND2X8          2  8.6    26    20   15142    (-,-) 
  g81057__6161/Y                                  -       B->Y  R     NOR2X6           1  3.2    20    15   15157    (-,-) 
  g107268/Y                                       -       B->Y  R     XNOR2X2          1  5.3    31    46   15203    (-,-) 
  g80923__2398/Y                                  -       A1->Y F     OAI22X4          1  5.4    41    30   15233    (-,-) 
  g80917__1666/Y                                  -       B0->Y R     AOI2BB1X4        1  6.6    34    26   15260    (-,-) 
  fopt107457/Y                                    -       A->Y  F     INVX6            4 10.9    21    17   15277    (-,-) 
  g78766__4733/Y                                  -       A->Y  F     CLKMX2X3         1  5.9    26    50   15327    (-,-) 
  g78762/Y                                        -       A->Y  F     CLKBUFX20        1 50.8    25    37   15364    (-,-) 
  RAM_256x16_TEST_INST_RAM_256x16_INST/ADDRESS[5] (P)     -     F     CDK_S256x16      1    -     -     3   15367    (-,-) 
#--------------------------------------------------------------------------------------------------------------------------

(P) : Instance is preserved



Path 9: VIOLATED (-573 ps) Setup Check with Pin RAM_256x16_TEST_INST_RAM_256x16_INST/CLOCK->ADDRESS[5]
           View: view_wcl_fast
          Group: m_dsram_clk
     Startpoint: (R) TDSP_CORE_INST_DECODE_INST/ir_reg[1]/CK
          Clock: (R) clk2x
       Endpoint: (F) RAM_256x16_TEST_INST_RAM_256x16_INST/ADDRESS[5]
          Clock: (R) m_dsram_clk

                     Capture       Launch     
        Clock Edge:+   16000        15000     
       Src Latency:+       0            0     
       Net Latency:+       0 (I)        0 (I) 
           Arrival:=   16000        15000     
                                              
             Setup:-    1206                  
     Required Time:=   14794                  
      Launch Clock:-   15000                  
         Data Path:-     367                  
             Slack:=    -573                  

#--------------------------------------------------------------------------------------------------------------------------
#                  Timing Point                   Flags   Arc   Edge    Cell      Fanout Load Trans Delay Arrival Instance 
#                                                                                        (fF)  (ps)  (ps)   (ps)  Location 
#--------------------------------------------------------------------------------------------------------------------------
  TDSP_CORE_INST_DECODE_INST/ir_reg[1]/CK         -       -     R     (arrival)       32    -     0     0   15000    (-,-) 
  TDSP_CORE_INST_DECODE_INST/ir_reg[1]/Q          -       CK->Q R     DFFRHQX4         2  6.1    22    83   15083    (-,-) 
  g81139__8246/Y                                  -       B->Y  R     CLKAND2X6        2 11.6    21    29   15113    (-,-) 
  g107476/Y                                       -       A->Y  F     NAND3X8          2  7.3    38    27   15140    (-,-) 
  g81058__9315/Y                                  -       B->Y  R     NOR2X4           1  3.2    24    20   15160    (-,-) 
  g107266/Y                                       -       B->Y  R     XNOR2X2          1  5.3    31    48   15207    (-,-) 
  g80923__2398/Y                                  -       B1->Y F     OAI22X4          1  5.4    41    26   15233    (-,-) 
  g80917__1666/Y                                  -       B0->Y R     AOI2BB1X4        1  6.6    34    26   15260    (-,-) 
  fopt107457/Y                                    -       A->Y  F     INVX6            4 10.9    21    17   15277    (-,-) 
  g78766__4733/Y                                  -       A->Y  F     CLKMX2X3         1  5.9    26    50   15327    (-,-) 
  g78762/Y                                        -       A->Y  F     CLKBUFX20        1 50.8    25    37   15364    (-,-) 
  RAM_256x16_TEST_INST_RAM_256x16_INST/ADDRESS[5] (P)     -     F     CDK_S256x16      1    -     -     3   15367    (-,-) 
#--------------------------------------------------------------------------------------------------------------------------

(P) : Instance is preserved



Path 10: VIOLATED (-573 ps) Setup Check with Pin RAM_256x16_TEST_INST_RAM_256x16_INST/CLOCK->ADDRESS[5]
           View: view_wcl_fast
          Group: m_dsram_clk
     Startpoint: (R) TDSP_CORE_INST_DECODE_INST/ir_reg[0]/CK
          Clock: (R) clk2x
       Endpoint: (F) RAM_256x16_TEST_INST_RAM_256x16_INST/ADDRESS[5]
          Clock: (R) m_dsram_clk

                     Capture       Launch     
        Clock Edge:+   16000        15000     
       Src Latency:+       0            0     
       Net Latency:+       0 (I)        0 (I) 
           Arrival:=   16000        15000     
                                              
             Setup:-    1206                  
     Required Time:=   14794                  
      Launch Clock:-   15000                  
         Data Path:-     366                  
             Slack:=    -573                  

#--------------------------------------------------------------------------------------------------------------------------
#                  Timing Point                   Flags   Arc   Edge    Cell      Fanout Load Trans Delay Arrival Instance 
#                                                                                        (fF)  (ps)  (ps)   (ps)  Location 
#--------------------------------------------------------------------------------------------------------------------------
  TDSP_CORE_INST_DECODE_INST/ir_reg[0]/CK         -       -     R     (arrival)       32    -     0     0   15000    (-,-) 
  TDSP_CORE_INST_DECODE_INST/ir_reg[0]/Q          -       CK->Q F     DFFRHQX4         2  6.2    18    84   15084    (-,-) 
  g81139__8246/Y                                  -       A->Y  F     CLKAND2X6        2 11.5    21    33   15117    (-,-) 
  g107476/Y                                       -       A->Y  R     NAND3X8          2  7.3    21    15   15132    (-,-) 
  g81058__9315/Y                                  -       B->Y  F     NOR2X4           1  3.2    17    12   15144    (-,-) 
  g107266/Y                                       -       B->Y  R     XNOR2X2          1  5.3    31    63   15207    (-,-) 
  g80923__2398/Y                                  -       B1->Y F     OAI22X4          1  5.4    41    26   15233    (-,-) 
  g80917__1666/Y                                  -       B0->Y R     AOI2BB1X4        1  6.6    34    26   15259    (-,-) 
  fopt107457/Y                                    -       A->Y  F     INVX6            4 10.9    21    17   15277    (-,-) 
  g78766__4733/Y                                  -       A->Y  F     CLKMX2X3         1  5.9    26    50   15327    (-,-) 
  g78762/Y                                        -       A->Y  F     CLKBUFX20        1 50.8    25    37   15363    (-,-) 
  RAM_256x16_TEST_INST_RAM_256x16_INST/ADDRESS[5] (P)     -     F     CDK_S256x16      1    -     -     3   15366    (-,-) 
#--------------------------------------------------------------------------------------------------------------------------

(P) : Instance is preserved


