============================================================
  Generated by:           Genus(TM) Synthesis Solution 23.13-s073_1
  Generated on:           Jun 24 2026  01:36:57 am
  Module:                 dtmf_recvr_core
  Operating conditions:   slow 
  Operating conditions:   fast 
  Operating conditions:   typical 
  Interconnect mode:      global
  Area mode:              physical library
============================================================

                                     Leakage    Internal                 Library 
    Gate     Instances     Area    Power (nW)  Power (nW)     Library     Domain 
---------------------------------------------------------------------------------
ADDFHX1             44     331.056     11.492    7863.659    slow              0 
ADDFHX2             18     147.744      5.900    7648.439    slow              0 
ADDFHXL              2      15.048      0.497     171.714    slow              0 
ADDFX1             198    1015.740     38.816   45853.339    slow              0 
ADDHX1              79     297.198     14.316    2901.046    slow              0 
ADDHX2               1       5.130      0.232      73.892    slow              0 
AND2X1              78     106.704      4.367    1987.024    slow              0 
AND2X2               2       3.420      0.178      67.133    slow              0 
AND2X4               2       5.472      0.355     131.775    slow              0 
AND2X6               1       3.762      0.286       0.980    slow              0 
AND2XL               1       1.368      0.046      10.824    slow              0 
AND3X2               1       2.736      0.093       7.739    slow              0 
AND3X6               3      13.338      0.992     216.550    slow              0 
AND3XL               7      14.364      0.459     143.209    slow              0 
AND4X1               6      14.364      0.564     147.151    slow              0 
AND4X8               1       6.156      0.459     234.713    slow              0 
AO21X1              33      79.002      2.467     908.294    slow              0 
AO21X4               7      23.940      1.501    2458.717    slow              0 
AO22X1              71     194.256      5.574    2637.820    slow              0 
AO22X4               3      11.286      0.665     368.203    slow              0 
AO22XL               2       5.472      0.129      59.063    slow              0 
AOI211XL            17      34.884      0.963     388.390    slow              0 
AOI21X1            142     242.820     11.534    3512.001    slow              0 
AOI21X2              9      24.624      1.466     539.221    slow              0 
AOI21X4             17      87.210      5.547    3650.246    slow              0 
AOI21XL              3       5.130      0.124      40.097    slow              0 
AOI221X1            33      79.002      3.922    1482.914    slow              0 
AOI221X2             4      17.784      0.927     296.805    slow              0 
AOI221X4             1       7.866      0.464     154.814    slow              0 
AOI222X1            61     187.758      7.750    2486.250    slow              0 
AOI222X2             4      21.888      1.016     904.532    slow              0 
AOI222XL            11      37.620      0.762     271.595    slow              0 
AOI22X1             77     158.004      7.432    3184.416    slow              0 
AOI22X2             13      48.906      2.509     820.324    slow              0 
AOI22X4              2      12.312      0.772     368.573    slow              0 
AOI22XL             19      38.988      1.020     264.946    slow              0 
AOI2BB1X1           24      49.248      2.067    1395.001    slow              0 
AOI2BB1X2            1       3.078      0.135      60.722    slow              0 
AOI2BB1X4            3      12.312      0.803     194.780    slow              0 
AOI2BB2X1            1       3.420      0.135      61.170    slow              0 
AOI2BB2X2            3      15.390      0.695     251.569    slow              0 
AOI31X1             22      45.144      1.986     828.083    slow              0 
AOI31XL              1       2.736      0.053      39.475    slow              0 
AOI32X1             13      31.122      1.453     228.857    slow              0 
AOI32X2              3      13.338      0.671      56.159    slow              0 
AOI32X4              1       7.866      0.447       2.895    slow              0 
AOI33XL              3       7.182      0.241     155.729    slow              0 
BUFX12               4      20.520      2.017    1778.505    slow              0 
BUFX16               1       6.840      0.672    1022.366    slow              0 
BUFX2              103     176.130      8.782    2457.292    slow              0 
BUFX20               3      24.624      2.521    2691.561    slow              0 
BUFX3               12      24.624      1.638     472.838    slow              0 
BUFX4                4       9.576      0.679     399.175    slow              0 
BUFX6               13      40.014      3.516    1670.288    slow              0 
BUFX8                5      18.810      1.679     498.921    slow              0 
CDK_R512x16          1    9445.288      0.000       0.000    CDK_R512x16       0 
CDK_S256x16          2  210487.183      0.000       0.000    CDK_S256x16       0 
CLKAND2X2            8      16.416      0.856     156.691    slow              0 
CLKAND2X3            5      15.390      0.861      44.688    slow              0 
CLKAND2X4            1       3.420      0.206      20.384    slow              0 
CLKAND2X6            5      23.940      1.710     263.339    slow              0 
CLKBUFX20            4      32.832      3.361    1645.205    slow              0 
CLKINVX12            1       4.104      0.394      45.458    slow              0 
CLKINVX16            2      10.944      1.068     846.169    slow              0 
CLKINVX20            1       6.498      0.657     205.287    slow              0 
CLKINVX4            19      32.490      2.524     806.900    slow              0 
CLKINVX6             8      19.152      1.574     424.129    slow              0 
CLKINVX8             8      24.624      2.097     641.600    slow              0 
CLKMX2X2             4      12.312      0.513     261.519    slow              0 
CLKMX2X3            10      41.040      2.006    1563.257    slow              0 
CLKMX2X4             1       4.104      0.216     276.583    slow              0 
CLKXOR2X1           62     169.632      7.802    3427.171    slow              0 
CLKXOR2X2            5      17.100      0.795     123.743    slow              0 
DFFHQX1            139     760.608     36.646   23585.939    slow              0 
DFFHQX8              2      18.468      1.173      49.240    slow              0 
DFFNSRX1             1       9.234      0.312     807.053    slow              0 
DFFQX4               3      21.546      1.041     185.798    slow              0 
DFFQXL               1       5.472      0.185     737.119    slow              0 
DFFRHQX1           194    1194.264     56.684   75634.834    slow              0 
DFFRHQX2             1       7.866      0.326    1553.413    slow              0 
DFFRHQX4            16     153.216      7.187    2257.132    slow              0 
DFFRX1              37     253.080     10.117   22773.034    slow              0 
DFFRX2               4      30.096      1.424     509.120    slow              0 
DFFRX4               4      38.304      2.244    2773.646    slow              0 
DFFSHQX1            45     292.410     13.105   20782.959    slow              0 
DFFSHQX2             1       8.208      0.328     156.686    slow              0 
DFFSHQX4             6      57.456      2.559    1050.144    slow              0 
DFFSX4               1      10.944      0.535     189.670    slow              0 
DLY2X4               1       6.840      0.264       2.500    slow              0 
INVX1              365     249.660     12.122    2370.128    slow              0 
INVX2               29      29.754      1.927     286.465    slow              0 
INVX3               13      17.784      1.296     360.441    slow              0 
INVX6                2       4.788      0.394      49.396    slow              0 
INVX8                1       3.078      0.262       0.523    slow              0 
INVXL                9       6.156      0.172      11.875    slow              0 
MX2X1              108     258.552     10.269    5052.067    slow              0 
MX2XL                2       4.788      0.162      99.583    slow              0 
MX3X1                1       5.130      0.173      39.816    slow              0 
MX3X2                1       5.472      0.206     295.002    slow              0 
MX3XL                1       4.788      0.159      47.641    slow              0 
MXI2X1              11      30.096      1.102     360.452    slow              0 
MXI2X2               4      17.784      0.621     375.264    slow              0 
MXI2X4               1       5.130      0.243     474.481    slow              0 
MXI2X6               3      15.390      1.040     330.576    slow              0 
MXI2XL              93     222.642      6.125    2483.284    slow              0 
NAND2BX1           213     291.384     18.065    7206.259    slow              0 
NAND2BX2             7      16.758      1.056     186.707    slow              0 
NAND2BX4             2       7.524      0.601     183.085    slow              0 
NAND2BXL             8      10.944      0.455     186.386    slow              0 
NAND2X1            311     319.086     20.530    7308.694    slow              0 
NAND2X2             28      47.880      3.698    1058.381    slow              0 
NAND2X4             17      53.489      4.487     678.514    slow              0 
NAND2X6              1       4.566      0.396     184.292    slow              0 
NAND2X8              2      10.499      1.039       2.491    slow              0 
NAND2XL             10      10.260      0.382     288.883    slow              0 
NAND3BX1             3       6.156      0.351     586.908    slow              0 
NAND3BX2             1       3.078      0.215      17.541    slow              0 
NAND3BXL            25      42.750      1.892     965.149    slow              0 
NAND3X1             28      47.880      2.753     794.038    slow              0 
NAND3X2              1       2.736      0.197      45.928    slow              0 
NAND3X8              1       8.208      0.768      99.817    slow              0 
NAND4BBX1            1       3.420      0.168      38.865    slow              0 
NAND4BBX2            1       5.472      0.297      43.699    slow              0 
NAND4BBXL            6      18.468      0.678     175.541    slow              0 
NAND4BX1            13      31.122      1.937     411.445    slow              0 
NAND4X1              1       2.052      0.130      16.660    slow              0 
NAND4XL             10      17.100      0.753     145.983    slow              0 
NOR2BX1            186     254.448     12.619    4124.755    slow              0 
NOR2BX2              3       8.208      0.349      95.956    slow              0 
NOR2BX4              3      11.286      0.641     192.341    slow              0 
NOR2BXL              1       1.710      0.046      37.626    slow              0 
NOR2X1             243     249.318     11.808    5200.314    slow              0 
NOR2X2              31      53.010      3.013     899.771    slow              0 
NOR2X4              17      52.326      3.304    1570.737    slow              0 
NOR2X6               2       8.208      0.584      59.350    slow              0 
NOR2X8               1       5.472      0.386      55.803    slow              0 
NOR2XL               5       5.130      0.135      89.528    slow              0 
NOR3BX1             20      41.040      1.661    1229.164    slow              0 
NOR3BXL              1       2.052      0.054       0.303    slow              0 
NOR3X1              12      20.520      0.766     351.010    slow              0 
NOR3X4               1       5.130      0.255     101.883    slow              0 
NOR3XL               1       1.710      0.035      16.604    slow              0 
NOR4BBX1             2       5.472      0.235      46.196    slow              0 
NOR4BBX2             1       5.130      0.196      19.202    slow              0 
NOR4BX1             12      28.728      1.180     588.671    slow              0 
NOR4X1              24      41.040      1.898     901.636    slow              0 
OA21X1              39      80.028      2.751    1410.878    slow              0 
OA21X2               1       3.078      0.104      44.578    slow              0 
OA21X4               1       3.762      0.204     187.069    slow              0 
OA22X1              12      28.728      0.991     758.940    slow              0 
OA22X4               2       8.208      0.459     101.818    slow              0 
OAI211X1            98     167.580     11.125    4156.590    slow              0 
OAI211X2             1       4.104      0.227     702.641    slow              0 
OAI21X1            116     198.360      9.428    3302.868    slow              0 
OAI21X2              4      12.312      0.650     111.831    slow              0 
OAI21X4              2       9.576      0.650     948.445    slow              0 
OAI21XL              7      11.970      0.321     771.618    slow              0 
OAI221X1            27      64.638      3.477     986.985    slow              0 
OAI221X2             2       9.576      0.515     263.932    slow              0 
OAI222X1             7      19.152      1.008     826.424    slow              0 
OAI22X1            244     500.688     23.551   15537.018    slow              0 
OAI22X2              8      27.360      1.544     557.325    slow              0 
OAI22X4              1       6.498      0.386      99.584    slow              0 
OAI22XL              7      14.364      0.376     226.829    slow              0 
OAI2BB1X1          117     200.070     10.369    5013.610    slow              0 
OAI2BB1X2           19      58.482      2.938    1410.483    slow              0 
OAI2BB1X4            2       8.892      0.616     125.376    slow              0 
OAI2BB2X1            1       4.104      0.135      25.835    slow              0 
OAI31X1             15      30.780      1.523     737.532    slow              0 
OAI31X2              1       3.762      0.204     637.706    slow              0 
OAI32X1              5      11.970      0.596     290.358    slow              0 
OAI32X2              2       8.892      0.480       2.624    slow              0 
OAI33X1              4      10.944      0.569     186.196    slow              0 
OR2X1               88     120.384      6.240    3439.538    slow              0 
OR2X6                4      15.048      1.377     300.812    slow              0 
OR2XL                2       2.736      0.114      69.710    slow              0 
OR3X1               26      53.352      2.331     851.849    slow              0 
OR4X1               26      53.352      2.822     742.477    slow              0 
OR4X4                1       3.762      0.280      30.713    slow              0 
OR4X8                1       6.156      0.557     253.148    slow              0 
PLL                  1   10263.729      0.146       0.000    PLL_worst         0 
SDFFQX1              2      15.048      0.490    3443.539    slow              0 
SDFFRHQX1           58     476.064     21.588   69151.545    slow              0 
SDFFRHQX4            1      12.312      0.530     760.769    slow              0 
SDFFRX4              1      13.338      0.611    1205.887    slow              0 
TLATNTSCAX2         35     227.430      7.580   27605.195    slow              0 
XNOR2X1            267     639.198     33.499   21812.973    slow              0 
XNOR2X2              9      27.702      1.428     373.753    slow              0 
XNOR2X4              3      11.286      0.812     297.491    slow              0 
---------------------------------------------------------------------------------
total             4966  243139.344    618.444  488929.805                


                                               Leakage  Leakage  Internal  Internal 
  Library   Instances Instances %    Area    Power (nW) Power % Power (nW)  Power % 
------------------------------------------------------------------------------------
CDK_R512x16         1         0.0   9445.288      0.000     0.0      0.000      0.0 
CDK_S256x16         2         0.0 210487.183      0.000     0.0      0.000      0.0 
PLL_worst           1         0.0  10263.729      0.146     0.0      0.000      0.0 
slow             4962        99.9  12943.144    618.299   100.0 488929.805    100.0 

                                                           Leakage  Leakage  Internal  Internal 
            Type             Instances    Area    Area % Power (nW) Power % Power (nW)  Power % 
------------------------------------------------------------------------------------------------
timing_model                         4 230196.200   94.7      0.146     0.0      0.000      0.0 
sequential                         517   3377.934    1.4    157.085    25.4 227607.526     46.6 
inverter                           458    409.032    0.2     24.488     4.0   6048.370      1.2 
buffer                             150    360.810    0.1     25.128     4.1  12638.651      2.6 
clock_gating_integrated_cell        35    227.430    0.1      7.580     1.2  27605.195      5.6 
logic                             3802   8567.938    3.5    404.018    65.3 215030.063     44.0 
physical_cells                       0      0.000    0.0      0.000     0.0      0.000      0.0 
------------------------------------------------------------------------------------------------
total                             4966 243139.344  100.0    618.444   100.0 488929.805    100.0 

