Cadence Genus(TM) Synthesis Solution.
Copyright 2024 Cadence Design Systems, Inc. All rights reserved worldwide.
Cadence and the Cadence logo are registered trademarks and Genus is a trademark
of Cadence Design Systems, Inc. in the United States and other countries.

[16:31:48.494521] Configured Lic search path (23.02-s006): /home/server2/cadence/installs/license.dat

Version: 23.13-s073_1, built Thu Nov 07 20:31:49 PST 2024
Options: 
Date:    Sun Sep 28 16:31:48 2025
Host:    hostname1 (x86_64 w/Linux 4.18.0-553.74.1.el8_10.x86_64) (10cores*40cpus*2physical cpus*Intel(R) Xeon(R) CPU E5-2658 v2 @ 2.40GHz 25600KB) (65345468KB)
PID:     144129
OS:      Rocky Linux 8.10 (Green Obsidian)

Checking out license: Genus_Synthesis
[16:31:48.417833] Periodic Lic check successful
[16:31:48.942150] Feature usage summary:
[16:31:48.942150] Genus_Synthesis



***********************************************************************************************************
***********************************************************************************************************



Finished executable startup (1 second elapsed).

Loading tool scripts...
Finished loading tool scripts (21 seconds elapsed).

WARNING: This version of the tool is 324 days old.

[16:46:55.003304] periodic Lic check successful
[16:46:55.016600] Feature usage summary:
[16:46:55.101151]   Genus_Synthesis  
