============================================================
  Generated by:           Genus(TM) Synthesis Solution 23.13-s073_1
  Generated on:           Jun 27 2026  05:33:23 pm
  Module:                 dtmf_recvr_core
  Library domain:         timing_cond_wcl_slow
    Domain index:         0
    Technology libraries: slow 
                          PLL_worst 
                          CDK_S128x16 0.0
                          CDK_S256x16 0.0
                          CDK_R512x16 0.0
  Library domain:         timing_cond_wcl_fast
    Domain index:         1
    Technology libraries: fast 
                          PLL_worst 
                          CDK_S128x16 0.0
                          CDK_R512x16 0.0
                          CDK_S256x16 0.0
  Library domain:         timing_cond_wcl_typical
    Domain index:         2
    Technology libraries: typical 
                          PLL_worst 
                          CDK_S128x16 0.0
                          CDK_R512x16 0.0
                          CDK_S256x16 0.0
  Operating conditions:   slow 
  Operating conditions:   fast 
  Operating conditions:   typical 
  Interconnect mode:      global
  Area mode:              physical library
============================================================

                                     Leakage                 Library 
    Gate     Instances     Area    Power (nW)     Library     Domain 
---------------------------------------------------------------------
ADDFHX1             44     331.056     11.492    slow              0 
ADDFHX2             18     147.744      5.900    slow              0 
ADDFHXL              2      15.048      0.497    slow              0 
ADDFX1             198    1015.740     38.816    slow              0 
ADDHX1              79     297.198     14.316    slow              0 
ADDHX2               1       5.130      0.232    slow              0 
AND2X1              78     106.704      4.367    slow              0 
AND2X2               2       3.420      0.178    slow              0 
AND2X4               2       5.472      0.355    slow              0 
AND2X6               1       3.762      0.286    slow              0 
AND2XL               1       1.368      0.046    slow              0 
AND3X2               1       2.736      0.093    slow              0 
AND3X6               3      13.338      0.992    slow              0 
AND3XL               7      14.364      0.459    slow              0 
AND4X1               6      14.364      0.564    slow              0 
AND4X8               1       6.156      0.459    slow              0 
AO21X1              33      79.002      2.467    slow              0 
AO21X4               7      23.940      1.501    slow              0 
AO22X1              71     194.256      5.574    slow              0 
AO22X4               3      11.286      0.665    slow              0 
AO22XL               2       5.472      0.129    slow              0 
AOI211XL            17      34.884      0.963    slow              0 
AOI21X1            142     242.820     11.534    slow              0 
AOI21X2              9      24.624      1.466    slow              0 
AOI21X4             17      87.210      5.547    slow              0 
AOI21XL              3       5.130      0.124    slow              0 
AOI221X1            33      79.002      3.922    slow              0 
AOI221X2             4      17.784      0.927    slow              0 
AOI221X4             1       7.866      0.464    slow              0 
AOI222X1            61     187.758      7.750    slow              0 
AOI222X2             4      21.888      1.016    slow              0 
AOI222XL            11      37.620      0.762    slow              0 
AOI22X1             77     158.004      7.432    slow              0 
AOI22X2             13      48.906      2.509    slow              0 
AOI22X4              2      12.312      0.772    slow              0 
AOI22XL             19      38.988      1.020    slow              0 
AOI2BB1X1           24      49.248      2.067    slow              0 
AOI2BB1X2            1       3.078      0.135    slow              0 
AOI2BB1X4            3      12.312      0.803    slow              0 
AOI2BB2X1            1       3.420      0.135    slow              0 
AOI2BB2X2            3      15.390      0.695    slow              0 
AOI31X1             22      45.144      1.986    slow              0 
AOI31XL              1       2.736      0.053    slow              0 
AOI32X1             13      31.122      1.453    slow              0 
AOI32X2              3      13.338      0.671    slow              0 
AOI32X4              1       7.866      0.447    slow              0 
AOI33XL              3       7.182      0.241    slow              0 
BUFX12               4      20.520      2.017    slow              0 
BUFX16               1       6.840      0.672    slow              0 
BUFX2              103     176.130      8.782    slow              0 
BUFX20               3      24.624      2.521    slow              0 
BUFX3               12      24.624      1.638    slow              0 
BUFX4                4       9.576      0.679    slow              0 
BUFX6               13      40.014      3.516    slow              0 
BUFX8                5      18.810      1.679    slow              0 
CDK_R512x16          1    9445.288      0.000    CDK_R512x16       0 
CDK_S256x16          2  210487.183      0.000    CDK_S256x16       0 
CLKAND2X2            8      16.416      0.856    slow              0 
CLKAND2X3            5      15.390      0.861    slow              0 
CLKAND2X4            1       3.420      0.206    slow              0 
CLKAND2X6            5      23.940      1.710    slow              0 
CLKBUFX20            4      32.832      3.361    slow              0 
CLKINVX12            1       4.104      0.394    slow              0 
CLKINVX16            2      10.944      1.068    slow              0 
CLKINVX20            1       6.498      0.657    slow              0 
CLKINVX4            19      32.490      2.524    slow              0 
CLKINVX6             8      19.152      1.574    slow              0 
CLKINVX8             8      24.624      2.097    slow              0 
CLKMX2X2             4      12.312      0.513    slow              0 
CLKMX2X3            10      41.040      2.006    slow              0 
CLKMX2X4             1       4.104      0.216    slow              0 
CLKXOR2X1           62     169.632      7.802    slow              0 
CLKXOR2X2            5      17.100      0.795    slow              0 
DFFHQX1            139     760.608     36.646    slow              0 
DFFHQX8              2      18.468      1.173    slow              0 
DFFNSRX1             1       9.234      0.312    slow              0 
DFFQX4               3      21.546      1.041    slow              0 
DFFQXL               1       5.472      0.185    slow              0 
DFFRHQX1           194    1194.264     56.684    slow              0 
DFFRHQX2             1       7.866      0.326    slow              0 
DFFRHQX4            16     153.216      7.187    slow              0 
DFFRX1              37     253.080     10.117    slow              0 
DFFRX2               4      30.096      1.424    slow              0 
DFFRX4               4      38.304      2.244    slow              0 
DFFSHQX1            45     292.410     13.105    slow              0 
DFFSHQX2             1       8.208      0.328    slow              0 
DFFSHQX4             6      57.456      2.559    slow              0 
DFFSX4               1      10.944      0.535    slow              0 
DLY2X4               1       6.840      0.264    slow              0 
INVX1              365     249.660     12.122    slow              0 
INVX2               29      29.754      1.927    slow              0 
INVX3               13      17.784      1.296    slow              0 
INVX6                2       4.788      0.394    slow              0 
INVX8                1       3.078      0.262    slow              0 
INVXL                9       6.156      0.172    slow              0 
MX2X1              108     258.552     10.269    slow              0 
MX2XL                2       4.788      0.162    slow              0 
MX3X1                1       5.130      0.173    slow              0 
MX3X2                1       5.472      0.206    slow              0 
MX3XL                1       4.788      0.159    slow              0 
MXI2X1              11      30.096      1.102    slow              0 
MXI2X2               4      17.784      0.621    slow              0 
MXI2X4               1       5.130      0.243    slow              0 
MXI2X6               3      15.390      1.040    slow              0 
MXI2XL              93     222.642      6.125    slow              0 
NAND2BX1           213     291.384     18.065    slow              0 
NAND2BX2             7      16.758      1.056    slow              0 
NAND2BX4             2       7.524      0.601    slow              0 
NAND2BXL             8      10.944      0.455    slow              0 
NAND2X1            311     319.086     20.530    slow              0 
NAND2X2             28      47.880      3.698    slow              0 
NAND2X4             17      53.489      4.487    slow              0 
NAND2X6              1       4.566      0.396    slow              0 
NAND2X8              2      10.499      1.039    slow              0 
NAND2XL             10      10.260      0.382    slow              0 
NAND3BX1             3       6.156      0.351    slow              0 
NAND3BX2             1       3.078      0.215    slow              0 
NAND3BXL            25      42.750      1.892    slow              0 
NAND3X1             28      47.880      2.753    slow              0 
NAND3X2              1       2.736      0.197    slow              0 
NAND3X8              1       8.208      0.768    slow              0 
NAND4BBX1            1       3.420      0.168    slow              0 
NAND4BBX2            1       5.472      0.297    slow              0 
NAND4BBXL            6      18.468      0.678    slow              0 
NAND4BX1            13      31.122      1.937    slow              0 
NAND4X1              1       2.052      0.130    slow              0 
NAND4XL             10      17.100      0.753    slow              0 
NOR2BX1            186     254.448     12.619    slow              0 
NOR2BX2              3       8.208      0.349    slow              0 
NOR2BX4              3      11.286      0.641    slow              0 
NOR2BXL              1       1.710      0.046    slow              0 
NOR2X1             243     249.318     11.808    slow              0 
NOR2X2              31      53.010      3.013    slow              0 
NOR2X4              17      52.326      3.304    slow              0 
NOR2X6               2       8.208      0.584    slow              0 
NOR2X8               1       5.472      0.386    slow              0 
NOR2XL               5       5.130      0.135    slow              0 
NOR3BX1             20      41.040      1.661    slow              0 
NOR3BXL              1       2.052      0.054    slow              0 
NOR3X1              12      20.520      0.766    slow              0 
NOR3X4               1       5.130      0.255    slow              0 
NOR3XL               1       1.710      0.035    slow              0 
NOR4BBX1             2       5.472      0.235    slow              0 
NOR4BBX2             1       5.130      0.196    slow              0 
NOR4BX1             12      28.728      1.180    slow              0 
NOR4X1              24      41.040      1.898    slow              0 
OA21X1              39      80.028      2.751    slow              0 
OA21X2               1       3.078      0.104    slow              0 
OA21X4               1       3.762      0.204    slow              0 
OA22X1              12      28.728      0.991    slow              0 
OA22X4               2       8.208      0.459    slow              0 
OAI211X1            98     167.580     11.125    slow              0 
OAI211X2             1       4.104      0.227    slow              0 
OAI21X1            116     198.360      9.428    slow              0 
OAI21X2              4      12.312      0.650    slow              0 
OAI21X4              2       9.576      0.650    slow              0 
OAI21XL              7      11.970      0.321    slow              0 
OAI221X1            27      64.638      3.477    slow              0 
OAI221X2             2       9.576      0.515    slow              0 
OAI222X1             7      19.152      1.008    slow              0 
OAI22X1            244     500.688     23.551    slow              0 
OAI22X2              8      27.360      1.544    slow              0 
OAI22X4              1       6.498      0.386    slow              0 
OAI22XL              7      14.364      0.376    slow              0 
OAI2BB1X1          117     200.070     10.369    slow              0 
OAI2BB1X2           19      58.482      2.938    slow              0 
OAI2BB1X4            2       8.892      0.616    slow              0 
OAI2BB2X1            1       4.104      0.135    slow              0 
OAI31X1             15      30.780      1.523    slow              0 
OAI31X2              1       3.762      0.204    slow              0 
OAI32X1              5      11.970      0.596    slow              0 
OAI32X2              2       8.892      0.480    slow              0 
OAI33X1              4      10.944      0.569    slow              0 
OR2X1               88     120.384      6.240    slow              0 
OR2X6                4      15.048      1.377    slow              0 
OR2XL                2       2.736      0.114    slow              0 
OR3X1               26      53.352      2.331    slow              0 
OR4X1               26      53.352      2.822    slow              0 
OR4X4                1       3.762      0.280    slow              0 
OR4X8                1       6.156      0.557    slow              0 
PLL                  1   10263.729      0.146    PLL_worst         0 
SDFFQX1              2      15.048      0.490    slow              0 
SDFFRHQX1           58     476.064     21.588    slow              0 
SDFFRHQX4            1      12.312      0.530    slow              0 
SDFFRX4              1      13.338      0.611    slow              0 
TLATNTSCAX2         35     227.430      7.580    slow              0 
XNOR2X1            267     639.198     33.499    slow              0 
XNOR2X2              9      27.702      1.428    slow              0 
XNOR2X4              3      11.286      0.812    slow              0 
---------------------------------------------------------------------
total             4966  243139.344    618.444                


                                               Leakage  Leakage 
  Library   Instances Instances %    Area    Power (nW) Power % 
----------------------------------------------------------------
CDK_R512x16         1         0.0   9445.288      0.000     0.0 
CDK_S256x16         2         0.0 210487.183      0.000     0.0 
PLL_worst           1         0.0  10263.729      0.146     0.0 
slow             4962        99.9  12943.144    618.299   100.0 

                                                           Leakage  Leakage 
            Type             Instances    Area    Area % Power (nW) Power % 
----------------------------------------------------------------------------
timing_model                         4 230196.200   94.7      0.146     0.0 
sequential                         517   3377.934    1.4    157.085    25.4 
inverter                           458    409.032    0.2     24.488     4.0 
buffer                             150    360.810    0.1     25.128     4.1 
clock_gating_integrated_cell        35    227.430    0.1      7.580     1.2 
logic                             3802   8567.938    3.5    404.018    65.3 
physical_cells                       0      0.000    0.0      0.000     0.0 
----------------------------------------------------------------------------
total                             4966 243139.344  100.0    618.444   100.0 

