============================================================
  Generated by:           Genus(TM) Synthesis Solution 23.13-s073_1
  Generated on:           Jun 27 2026  05:32:02 pm
  Module:                 dtmf_recvr_core
  Library domain:         timing_cond_wcl_slow
    Domain index:         0
    Technology libraries: slow 
                          PLL_worst 
                          CDK_S128x16 0.0
                          CDK_S256x16 0.0
                          CDK_R512x16 0.0
  Library domain:         timing_cond_wcl_fast
    Domain index:         1
    Technology libraries: fast 
                          PLL_worst 
                          CDK_S128x16 0.0
                          CDK_R512x16 0.0
                          CDK_S256x16 0.0
  Library domain:         timing_cond_wcl_typical
    Domain index:         2
    Technology libraries: typical 
                          PLL_worst 
                          CDK_S128x16 0.0
                          CDK_R512x16 0.0
                          CDK_S256x16 0.0
  Operating conditions:   slow 
  Operating conditions:   fast 
  Operating conditions:   typical 
  Interconnect mode:      global
  Area mode:              physical library
============================================================

Timing
--------

  Analysis view     Clock     Period 
-------------------------------------
view_wcl_slow    clk2x        8000.0 
                 m_clk        8000.0 
                 m_digit_clk 16000.0 
                 m_dsram_clk 16000.0 
                 m_ram_clk   16000.0 
                 m_rcc_clk   16000.0 
                 m_spi_clk   16000.0 
                 refclk       8000.0 
view_wcl_fast    clk2x        5000.0 
                 m_clk        5000.0 
                 m_digit_clk 16000.0 
                 m_dsram_clk 16000.0 
                 m_ram_clk   16000.0 
                 m_rcc_clk   16000.0 
                 m_spi_clk   16000.0 
                 refclk       5000.0 
view_wcl_typical clk2x        6000.0 
                 m_clk        6000.0 
                 m_digit_clk 16000.0 
                 m_dsram_clk 16000.0 
                 m_ram_clk   16000.0 
                 m_rcc_clk   16000.0 
                 m_spi_clk   16000.0 
                 refclk       6000.0 


    Analysis                Cost            Critical            Violating 
      View                 Group           Path Slack    TNS      Paths   
--------------------------------------------------------------------------
view_wcl_slow        cg_enable_group_clk2x     5204.7      0.0          0 
                     cg_enable_group_m_clk     6263.8      0.0          0 
                 cg_enable_group_m_rcc_clk     6171.5      0.0          0 
                 cg_enable_group_m_spi_clk    14956.7      0.0          0 
                                     clk2x        0.0      0.0          0 
                                   default   No paths      0.0          0 
                                     m_clk     4002.9      0.0          0 
                               m_digit_clk     7319.2      0.0          0 
                               m_dsram_clk     5357.3      0.0          0 
                                 m_ram_clk     5598.6      0.0          0 
                                 m_rcc_clk     5750.0      0.0          0 
                                 m_spi_clk     7319.2      0.0          0 
                                    refclk     7319.2      0.0          0 
--------------------------------------------------------------------------
Total                                                     -0.0          0 
                                                                          
view_wcl_fast        cg_enable_group_clk2x     4156.2      0.0          0 
                     cg_enable_group_m_clk     4457.8      0.0          0 
                 cg_enable_group_m_rcc_clk      403.0      0.0          0 
                 cg_enable_group_m_spi_clk    15705.7      0.0          0 
                                     clk2x     -244.7  -3075.0         16 
                                   default   No paths      0.0          0 
                                     m_clk      216.2      0.0          0 
                               m_digit_clk      432.2      0.0          0 
                               m_dsram_clk     -608.8  -4048.5         14 
                                 m_ram_clk     -522.6  -3095.1         11 
                                 m_rcc_clk      217.6      0.0          0 
                                 m_spi_clk      432.2      0.0          0 
                                    refclk      518.5      0.0          0 
--------------------------------------------------------------------------
Total                                                 -10218.6         41 
                                                                          
view_wcl_typical     cg_enable_group_clk2x     4742.3      0.0          0 
                     cg_enable_group_m_clk     5195.3      0.0          0 
                 cg_enable_group_m_rcc_clk     1123.4      0.0          0 
                 cg_enable_group_m_spi_clk    15546.2      0.0          0 
                                     clk2x      721.0      0.0          0 
                                   default   No paths      0.0          0 
                                     m_clk      807.2      0.0          0 
                               m_digit_clk     1462.4      0.0          0 
                               m_dsram_clk      201.8      0.0          0 
                                 m_ram_clk      325.9      0.0          0 
                                 m_rcc_clk      882.2      0.0          0 
                                 m_spi_clk     1462.4      0.0          0 
                                    refclk     1579.3      0.0          0 
--------------------------------------------------------------------------
Total                                                     -0.0          0 
                                                                          

Instance Count
--------------
Leaf Instance Count             5148 
Physical Instance count            0 
Sequential Instance Count        555 
Combinational Instance Count    4593 
Hierarchical Instance Count       44 

Area
----
Cell Area                          243435.806
Physical Cell Area                 0.000
Total Cell Area (Cell+Physical)    243435.806
Net Area                           6579.588
Total Area (Cell+Physical+Net)     250015.394

Runtime                            0.0 seconds
Elapsed Runtime                    564 seconds
Genus peak memory usage            2149.60 
Innovus peak memory usage          no_value 
Hostname                           s2
