============================================================
  Generated by:           Genus(TM) Synthesis Solution 23.13-s073_1
  Generated on:           Jun 27 2026  05:32:02 pm
  Module:                 dtmf_recvr_core
  Library domain:         timing_cond_wcl_slow
    Domain index:         0
    Technology libraries: slow 
                          PLL_worst 
                          CDK_S128x16 0.0
                          CDK_S256x16 0.0
                          CDK_R512x16 0.0
  Library domain:         timing_cond_wcl_fast
    Domain index:         1
    Technology libraries: fast 
                          PLL_worst 
                          CDK_S128x16 0.0
                          CDK_R512x16 0.0
                          CDK_S256x16 0.0
  Library domain:         timing_cond_wcl_typical
    Domain index:         2
    Technology libraries: typical 
                          PLL_worst 
                          CDK_S128x16 0.0
                          CDK_R512x16 0.0
                          CDK_S256x16 0.0
  Operating conditions:   slow 
  Operating conditions:   fast 
  Operating conditions:   typical 
  Interconnect mode:      global
  Area mode:              physical library
============================================================

              Instance                   Module      Cell-Count  Cell-Area  Net-Area   Total-Area 
--------------------------------------------------------------------------------------------------
dtmf_recvr_core                      NA                    5148 243435.806  6579.587   250015.394 
  PM_INST                            power_manager           29     77.634    29.041      106.675 
  SPI_INST                           spi                     46    189.468    34.230      223.698 
  TDSP_CORE_INST_ACCUM_STAT_INST     accum_stat              18     34.542    11.480       46.022 
  TDSP_CORE_INST_DATA_BUS_MACH_INST  data_bus_mach           42    178.866    21.705      200.571 
  TDSP_CORE_INST_DECODE_INST         decode_i               105    400.482    88.738      489.220 
  TDSP_CORE_INST_PORT_BUS_MACH_INST  port_bus_mach           34    148.086    15.433      163.519 
  TDSP_CORE_INST_PROG_BUS_MACH_INST  prog_bus_mach           30    139.536    12.487      152.023 
  TDSP_CORE_INST_TDSP_CORE_MACH_INST tdsp_core_mach          29     87.210    23.852      111.062 
  TEST_CONTROL_INST                  test_control            11     15.390     6.576       21.966 
