============================================================
  Generated by:           Genus(TM) Synthesis Solution 23.13-s073_1
  Generated on:           Jul 01 2026  04:51:48 pm
  Module:                 dtmf_recvr_core
  Operating conditions:   slow 
  Interconnect mode:      placement
  Area mode:              physical library
============================================================

                                     Leakage                 Library 
    Gate     Instances     Area    Power (nW)     Library     Domain 
---------------------------------------------------------------------
ADDFX1             117     600.210     22.937    slow           slow 
ADDHX1              39     146.718      7.067    slow           slow 
ADDHX2               5      25.650      1.161    slow           slow 
ADDHX4               1       7.182      0.416    slow           slow 
AND2X1              31      42.408      1.736    slow           slow 
AND2X2               1       1.710      0.089    slow           slow 
AND2XL               9      12.312      0.417    slow           slow 
AND3X1               2       4.788      0.150    slow           slow 
AND3XL              13      26.676      0.852    slow           slow 
AND4XL               3       7.182      0.254    slow           slow 
AO21X1              32      76.608      2.392    slow           slow 
AO21X2               5      13.680      0.554    slow           slow 
AO21X4              13      44.460      2.787    slow           slow 
AO21XL               2       4.788      0.121    slow           slow 
AO22X1              22      60.192      1.727    slow           slow 
AO22XL               4      10.944      0.258    slow           slow 
AOI211XL            21      43.092      1.190    slow           slow 
AOI21X1            187     319.770     15.189    slow           slow 
AOI21X2              4      10.944      0.651    slow           slow 
AOI221X1            65     155.610      7.725    slow           slow 
AOI222X1            43     132.354      5.463    slow           slow 
AOI22X1            157     322.164     15.153    slow           slow 
AOI22XL              2       4.104      0.107    slow           slow 
AOI2BB1X1           21      43.092      1.808    slow           slow 
AOI31X1             22      45.144      1.986    slow           slow 
AOI32X1             17      40.698      1.900    slow           slow 
AOI33XL              3       7.182      0.241    slow           slow 
BUFX2                5       8.550      0.426    slow           slow 
BUFX3                1       2.052      0.137    slow           slow 
CDK_R512x16          1    9445.288      0.000    CDK_R512x16    slow 
CDK_S256x16          2  210487.183      0.000    CDK_S256x16    slow 
CLKBUFX2             2       3.420      0.171    slow           slow 
CLKBUFX3             5      10.260      0.683    slow           slow 
CLKBUFX6             1       3.078      0.270    slow           slow 
CLKINVX6             8      19.152      1.574    slow           slow 
CLKMX2X2             5      15.390      0.642    slow           slow 
CLKMX2X4             2       8.208      0.432    slow           slow 
CLKXOR2X1           24      65.664      3.020    slow           slow 
DFFHQX1              1       5.472      0.264    slow           slow 
DFFNSRX1           129    1191.186     40.188    slow           slow 
DFFRHQX1           142     874.152     41.490    slow           slow 
DFFRX1              18     123.120      4.922    slow           slow 
DFFSHQX1            53     344.394     15.435    slow           slow 
INVX1              336     229.824     11.159    slow           slow 
INVX2                4       4.104      0.266    slow           slow 
INVXL               16      10.944      0.306    slow           slow 
MX2X1              236     564.984     22.440    slow           slow 
MX2X2                4      12.312      0.513    slow           slow 
MX2XL                1       2.394      0.081    slow           slow 
MXI2XL              81     193.914      5.334    slow           slow 
NAND2BX1           212     290.016     17.980    slow           slow 
NAND2BX2             1       2.394      0.151    slow           slow 
NAND2X1            361     370.386     23.831    slow           slow 
NAND2X2              8      13.680      1.057    slow           slow 
NAND2XL              3       3.078      0.114    slow           slow 
NAND3BX1             3       6.156      0.351    slow           slow 
NAND3BXL            40      68.400      3.027    slow           slow 
NAND3X1              7      11.970      0.688    slow           slow 
NAND4BBXL            1       3.078      0.113    slow           slow 
NAND4BX1             4       9.576      0.596    slow           slow 
NAND4X1              1       2.052      0.130    slow           slow 
NAND4XL             54      92.340      4.068    slow           slow 
NOR2BX1            168     229.824     11.398    slow           slow 
NOR2BX2              1       2.736      0.116    slow           slow 
NOR2X1             311     319.086     15.113    slow           slow 
NOR2X2               4       6.840      0.389    slow           slow 
NOR2XL               1       1.026      0.027    slow           slow 
NOR3BX1             13      26.676      1.080    slow           slow 
NOR3BX2              3      10.260      0.441    slow           slow 
NOR3X1               9      15.390      0.575    slow           slow 
NOR3X2               1       2.736      0.128    slow           slow 
NOR3XL               1       1.710      0.035    slow           slow 
NOR4BBX1             2       5.472      0.235    slow           slow 
NOR4BX1              5      11.970      0.492    slow           slow 
NOR4X1              29      49.590      2.293    slow           slow 
OA21X1              28      57.456      1.975    slow           slow 
OA22X1              20      47.880      1.651    slow           slow 
OAI211X1           112     191.520     12.714    slow           slow 
OAI21X1            110     188.100      8.941    slow           slow 
OAI21X2              2       6.156      0.325    slow           slow 
OAI21XL              3       5.130      0.138    slow           slow 
OAI221X1            41      98.154      5.279    slow           slow 
OAI221X2             1       4.788      0.257    slow           slow 
OAI222X1            15      41.040      2.160    slow           slow 
OAI22X1            189     387.828     18.242    slow           slow 
OAI2BB1X1          193     330.030     17.105    slow           slow 
OAI2BB1X2            5      15.390      0.773    slow           slow 
OAI2BB1X4            1       4.446      0.308    slow           slow 
OAI2BB2X1            1       4.104      0.135    slow           slow 
OAI2BB2X2            3      16.416      0.694    slow           slow 
OAI31X1             20      41.040      2.031    slow           slow 
OAI32X1             15      35.910      1.787    slow           slow 
OAI33X1              2       5.472      0.285    slow           slow 
OR2X1               75     102.600      5.318    slow           slow 
OR2X2                3       5.130      0.312    slow           slow 
OR2XL                1       1.368      0.057    slow           slow 
OR3X1               13      26.676      1.166    slow           slow 
OR4X1               20      41.040      2.171    slow           slow 
PLL                  1   10263.729      0.146    PLL_worst      slow 
SDFFQX1             18     135.432      4.408    slow           slow 
SDFFRHQX1          156    1280.448     58.065    slow           slow 
XNOR2X1            279     667.926     35.005    slow           slow 
XNOR2X4              1       3.762      0.271    slow           slow 
---------------------------------------------------------------------
total             4489  241400.120    510.229                


                                               Leakage  Leakage 
  Library   Instances Instances %    Area    Power (nW) Power % 
----------------------------------------------------------------
CDK_R512x16         1         0.0   9445.288      0.000     0.0 
CDK_S256x16         2         0.0 210487.183      0.000     0.0 
PLL_worst           1         0.0  10263.729      0.146     0.0 
slow             4485        99.9  11203.920    510.083   100.0 

                                             Leakage  Leakage 
     Type      Instances    Area    Area % Power (nW) Power % 
--------------------------------------------------------------
timing_model           4 230196.200   95.4      0.146     0.0 
sequential           517   3954.204    1.6    164.770    32.3 
inverter             364    264.024    0.1     13.305     2.6 
buffer                14     27.360    0.0      1.686     0.3 
logic               3590   6958.332    2.9    330.321    64.7 
physical_cells         0      0.000    0.0      0.000     0.0 
--------------------------------------------------------------
total               4489 241400.120  100.0    510.229   100.0 

