============================================================
  Generated by:           Genus(TM) Synthesis Solution 23.13-s073_1
  Generated on:           Jul 01 2026  04:51:42 pm
  Module:                 dtmf_recvr_core
  Operating conditions:   slow 
  Interconnect mode:      placement
  Area mode:              physical library
============================================================

                                                  Library 
    Gate     Instances     Area        Library     Domain 
----------------------------------------------------------
ADDFX1             117     600.210    slow           slow 
ADDHX1              39     146.718    slow           slow 
ADDHX2               5      25.650    slow           slow 
ADDHX4               1       7.182    slow           slow 
AND2X1              31      42.408    slow           slow 
AND2X2               1       1.710    slow           slow 
AND2XL               9      12.312    slow           slow 
AND3X1               2       4.788    slow           slow 
AND3XL              13      26.676    slow           slow 
AND4XL               3       7.182    slow           slow 
AO21X1              32      76.608    slow           slow 
AO21X2               5      13.680    slow           slow 
AO21X4              13      44.460    slow           slow 
AO21XL               2       4.788    slow           slow 
AO22X1              22      60.192    slow           slow 
AO22XL               4      10.944    slow           slow 
AOI211XL            21      43.092    slow           slow 
AOI21X1            187     319.770    slow           slow 
AOI21X2              4      10.944    slow           slow 
AOI221X1            65     155.610    slow           slow 
AOI222X1            43     132.354    slow           slow 
AOI22X1            157     322.164    slow           slow 
AOI22XL              2       4.104    slow           slow 
AOI2BB1X1           21      43.092    slow           slow 
AOI31X1             22      45.144    slow           slow 
AOI32X1             17      40.698    slow           slow 
AOI33XL              3       7.182    slow           slow 
BUFX2                5       8.550    slow           slow 
BUFX3                1       2.052    slow           slow 
CDK_R512x16          1    9445.288    CDK_R512x16    slow 
CDK_S256x16          2  210487.183    CDK_S256x16    slow 
CLKBUFX2             2       3.420    slow           slow 
CLKBUFX3             5      10.260    slow           slow 
CLKBUFX6             1       3.078    slow           slow 
CLKINVX6             8      19.152    slow           slow 
CLKMX2X2             5      15.390    slow           slow 
CLKMX2X4             2       8.208    slow           slow 
CLKXOR2X1           24      65.664    slow           slow 
DFFHQX1              1       5.472    slow           slow 
DFFNSRX1           129    1191.186    slow           slow 
DFFRHQX1           142     874.152    slow           slow 
DFFRX1              18     123.120    slow           slow 
DFFSHQX1            53     344.394    slow           slow 
INVX1              336     229.824    slow           slow 
INVX2                4       4.104    slow           slow 
INVXL               16      10.944    slow           slow 
MX2X1              236     564.984    slow           slow 
MX2X2                4      12.312    slow           slow 
MX2XL                1       2.394    slow           slow 
MXI2XL              81     193.914    slow           slow 
NAND2BX1           212     290.016    slow           slow 
NAND2BX2             1       2.394    slow           slow 
NAND2X1            361     370.386    slow           slow 
NAND2X2              8      13.680    slow           slow 
NAND2XL              3       3.078    slow           slow 
NAND3BX1             3       6.156    slow           slow 
NAND3BXL            40      68.400    slow           slow 
NAND3X1              7      11.970    slow           slow 
NAND4BBXL            1       3.078    slow           slow 
NAND4BX1             4       9.576    slow           slow 
NAND4X1              1       2.052    slow           slow 
NAND4XL             54      92.340    slow           slow 
NOR2BX1            168     229.824    slow           slow 
NOR2BX2              1       2.736    slow           slow 
NOR2X1             311     319.086    slow           slow 
NOR2X2               4       6.840    slow           slow 
NOR2XL               1       1.026    slow           slow 
NOR3BX1             13      26.676    slow           slow 
NOR3BX2              3      10.260    slow           slow 
NOR3X1               9      15.390    slow           slow 
NOR3X2               1       2.736    slow           slow 
NOR3XL               1       1.710    slow           slow 
NOR4BBX1             2       5.472    slow           slow 
NOR4BX1              5      11.970    slow           slow 
NOR4X1              29      49.590    slow           slow 
OA21X1              28      57.456    slow           slow 
OA22X1              20      47.880    slow           slow 
OAI211X1           112     191.520    slow           slow 
OAI21X1            110     188.100    slow           slow 
OAI21X2              2       6.156    slow           slow 
OAI21XL              3       5.130    slow           slow 
OAI221X1            41      98.154    slow           slow 
OAI221X2             1       4.788    slow           slow 
OAI222X1            15      41.040    slow           slow 
OAI22X1            189     387.828    slow           slow 
OAI2BB1X1          193     330.030    slow           slow 
OAI2BB1X2            5      15.390    slow           slow 
OAI2BB1X4            1       4.446    slow           slow 
OAI2BB2X1            1       4.104    slow           slow 
OAI2BB2X2            3      16.416    slow           slow 
OAI31X1             20      41.040    slow           slow 
OAI32X1             15      35.910    slow           slow 
OAI33X1              2       5.472    slow           slow 
OR2X1               75     102.600    slow           slow 
OR2X2                3       5.130    slow           slow 
OR2XL                1       1.368    slow           slow 
OR3X1               13      26.676    slow           slow 
OR4X1               20      41.040    slow           slow 
PLL                  1   10263.729    PLL_worst      slow 
SDFFQX1             18     135.432    slow           slow 
SDFFRHQX1          156    1280.448    slow           slow 
XNOR2X1            279     667.926    slow           slow 
XNOR2X4              1       3.762    slow           slow 
----------------------------------------------------------
total             4489  241400.120                


  Library   Instances    Area    Instances % 
---------------------------------------------
CDK_R512x16         1   9445.288         0.0 
CDK_S256x16         2 210487.183         0.0 
PLL_worst           1  10263.729         0.0 
slow             4485  11203.920        99.9 

                                           
     Type      Instances    Area    Area % 
-------------------------------------------
timing_model           4 230196.200   95.4 
sequential           517   3954.204    1.6 
inverter             364    264.024    0.1 
buffer                14     27.360    0.0 
logic               3590   6958.332    2.9 
physical_cells         0      0.000    0.0 
-------------------------------------------
total               4489 241400.120  100.0 

