============================================================
  Generated by:           Genus(TM) Synthesis Solution 23.13-s073_1
  Generated on:           Jul 01 2026  04:43:40 pm
  Module:                 dtmf_recvr_core
  Operating conditions:   slow 
  Interconnect mode:      spatial
  Area mode:              physical library
============================================================

Timing
--------

 Analysis view     Clock     Period 
------------------------------------
func-slow_maxrc clk2x        8000.0 
                m_clk        8000.0 
                m_digit_clk 16000.0 
                m_dsram_clk 16000.0 
                m_ram_clk   16000.0 
                m_rcc_clk   16000.0 
                m_spi_clk   16000.0 
                refclk       8000.0 


    Analysis        Cost     Critical        Violating 
      View         Group    Path Slack  TNS    Paths   
-------------------------------------------------------
func-slow_maxrc         C2O     7286.3  0.0          0 
                      clk2x     2705.2  0.0          0 
                    default   No paths  0.0          0 
                        I2C     7409.1  0.0          0 
                        I2O   No paths  0.0          0 
                      m_clk     5898.1  0.0          0 
                m_digit_clk     7546.4  0.0          0 
                m_dsram_clk     5476.3  0.0          0 
                  m_ram_clk     5640.9  0.0          0 
                  m_rcc_clk     6579.9  0.0          0 
                  m_spi_clk    15239.6  0.0          0 
                     refclk   No paths  0.0          0 
-------------------------------------------------------
Total                                  -0.0          0 
                                                       

Instance Count
--------------
Leaf Instance Count             4553 
Physical Instance count            0 
Sequential Instance Count        520 
Combinational Instance Count    4033 
Hierarchical Instance Count        8 

Area
----
Cell Area                          250214.615
Physical Cell Area                 0.000
Total Cell Area (Cell+Physical)    250214.615
Net Area                           44.275
Total Area (Cell+Physical+Net)     250258.890

Floorplan Utilization              6.13%
Runtime                            1.0 seconds
Elapsed Runtime                    293 seconds
Genus peak memory usage            2268.56 
Innovus peak memory usage          no_value 
Hostname                           s2
