============================================================
  Generated by:           Genus(TM) Synthesis Solution 23.13-s073_1
  Generated on:           Jul 01 2026  04:51:46 pm
  Module:                 dtmf_recvr_core
  Operating conditions:   slow 
  Interconnect mode:      placement
  Area mode:              physical library
============================================================

Timing
--------

 Analysis view     Clock     Period 
------------------------------------
func-slow_maxrc clk2x        8000.0 
                m_clk        8000.0 
                m_digit_clk 16000.0 
                m_dsram_clk 16000.0 
                m_ram_clk   16000.0 
                m_rcc_clk   16000.0 
                m_spi_clk   16000.0 
                refclk       8000.0 


    Analysis        Cost     Critical        Violating 
      View         Group    Path Slack  TNS    Paths   
-------------------------------------------------------
func-slow_maxrc       clk2x       45.2  0.0          0 
                    default   No paths  0.0          0 
                      m_clk     4166.0  0.0          0 
                m_digit_clk     6582.4  0.0          0 
                m_dsram_clk     3460.0  0.0          0 
                  m_ram_clk     4276.3  0.0          0 
                  m_rcc_clk     4358.7  0.0          0 
                  m_spi_clk     6582.4  0.0          0 
                     refclk     6582.4  0.0          0 
-------------------------------------------------------
Total                                  -0.0          0 
                                                       

Instance Count
--------------
Leaf Instance Count             4489 
Physical Instance count            0 
Sequential Instance Count        520 
Combinational Instance Count    3969 
Hierarchical Instance Count        2 

Area
----
Cell Area                          241400.120
Physical Cell Area                 0.000
Total Cell Area (Cell+Physical)    241400.120
Net Area                           8950.992
Total Area (Cell+Physical+Net)     250351.112

Floorplan Utilization              6.53%
Runtime                            1.0 seconds
Elapsed Runtime                    779 seconds
Genus peak memory usage            3785.34 
Innovus peak memory usage          4736.933594 
Hostname                           s2

Physical Data
-------------
Total Net Length                   111887.41 um
Average Net Length                 22.98 um
