============================================================
  Generated by:           Genus(TM) Synthesis Solution 23.13-s073_1
  Generated on:           Jul 01 2026  04:46:17 pm
  Module:                 dtmf_recvr_core
  Operating conditions:   slow 
  Interconnect mode:      spatial
  Area mode:              physical library
============================================================

                                     Leakage                 Library 
    Gate     Instances     Area    Power (nW)     Library     Domain 
---------------------------------------------------------------------
ADDFHX1              3      22.572      0.784    slow           slow 
ADDFX1             114     584.820     22.349    slow           slow 
ADDHX1              45     169.290      8.155    slow           slow 
AND2X1              31      42.408      1.736    slow           slow 
AND2XL              10      13.680      0.463    slow           slow 
AND3XL              15      30.780      0.983    slow           slow 
AND4XL               3       7.182      0.254    slow           slow 
AO21X1              35      83.790      2.616    slow           slow 
AO21X2               6      16.416      0.665    slow           slow 
AO21X4               9      30.780      1.929    slow           slow 
AO21XL               2       4.788      0.121    slow           slow 
AO22X1              22      60.192      1.727    slow           slow 
AO22XL               4      10.944      0.258    slow           slow 
AOI211XL            21      43.092      1.190    slow           slow 
AOI21X1            187     319.770     15.189    slow           slow 
AOI21X2              4      10.944      0.651    slow           slow 
AOI221X1            65     155.610      7.725    slow           slow 
AOI222X1            43     132.354      5.463    slow           slow 
AOI22X1            157     322.164     15.153    slow           slow 
AOI22XL              2       4.104      0.107    slow           slow 
AOI2BB1X1           20      41.040      1.722    slow           slow 
AOI2BB1X2            1       3.078      0.135    slow           slow 
AOI31X1             22      45.144      1.986    slow           slow 
AOI32X1             17      40.698      1.900    slow           slow 
AOI33XL              3       7.182      0.241    slow           slow 
BUFX2               98     167.580      8.355    slow           slow 
BUFX3               12      24.624      1.638    slow           slow 
BUFX6                2       6.156      0.541    slow           slow 
CDK_R512x16          1    9445.288      0.000    CDK_R512x16    slow 
CDK_S256x16          2  210487.183      0.000    CDK_S256x16    slow 
CLKBUFX2             1       1.710      0.085    slow           slow 
CLKINVX1             1       1.026      0.033    slow           slow 
CLKINVX2             1       1.368      0.066    slow           slow 
CLKINVX4            14      23.940      1.860    slow           slow 
CLKMX2X2             6      18.468      0.770    slow           slow 
CLKMX2X4             1       4.104      0.216    slow           slow 
CLKXOR2X1           24      65.664      3.020    slow           slow 
DFFHQX1              1       5.472      0.264    slow           slow 
DFFNSRX1           129    1191.186     40.188    slow           slow 
DFFRHQX1           142     874.152     41.490    slow           slow 
DFFRX1              18     123.120      4.922    slow           slow 
DFFSHQX1            53     344.394     15.435    slow           slow 
INVX1              391     267.444     12.985    slow           slow 
INVX2                2       2.052      0.133    slow           slow 
MX2X1              240     574.560     22.820    slow           slow 
MX2XL                1       2.394      0.081    slow           slow 
MXI2XL              81     193.914      5.334    slow           slow 
NAND2BX1           213     291.384     18.065    slow           slow 
NAND2X1            366     375.516     24.161    slow           slow 
NAND2X2              2       3.420      0.264    slow           slow 
NAND2X4              1       3.146      0.264    slow           slow 
NAND2XL              3       3.078      0.114    slow           slow 
NAND3BXL            43      73.530      3.254    slow           slow 
NAND3X1              6      10.260      0.590    slow           slow 
NAND3X4              1       4.788      0.392    slow           slow 
NAND4BBXL            1       3.078      0.113    slow           slow 
NAND4BX1             4       9.576      0.596    slow           slow 
NAND4XL             55      94.050      4.144    slow           slow 
NOR2BX1            169     231.192     11.466    slow           slow 
NOR2X1             314     322.164     15.259    slow           slow 
NOR2X2               1       1.710      0.097    slow           slow 
NOR2XL               1       1.026      0.027    slow           slow 
NOR3BX1             16      32.832      1.329    slow           slow 
NOR3X1               9      15.390      0.575    slow           slow 
NOR3X4               1       5.130      0.255    slow           slow 
NOR3XL               1       1.710      0.035    slow           slow 
NOR4BBX1             2       5.472      0.235    slow           slow 
NOR4BX1              5      11.970      0.492    slow           slow 
NOR4X1              29      49.590      2.293    slow           slow 
OA21X1              28      57.456      1.975    slow           slow 
OA22X1              20      47.880      1.651    slow           slow 
OAI211X1           112     191.520     12.714    slow           slow 
OAI21X1            108     184.680      8.778    slow           slow 
OAI21X2              4      12.312      0.650    slow           slow 
OAI21XL              3       5.130      0.138    slow           slow 
OAI221X1            40      95.760      5.151    slow           slow 
OAI221X2             2       9.576      0.515    slow           slow 
OAI222X1            15      41.040      2.160    slow           slow 
OAI22X1            189     387.828     18.242    slow           slow 
OAI2BB1X1          195     333.450     17.282    slow           slow 
OAI2BB1X2            3       9.234      0.464    slow           slow 
OAI2BB1X4            1       4.446      0.308    slow           slow 
OAI2BB2X2            4      21.888      0.925    slow           slow 
OAI31X1             20      41.040      2.031    slow           slow 
OAI32X1             15      35.910      1.787    slow           slow 
OAI33X1              2       5.472      0.285    slow           slow 
OR2X1               73      99.864      5.176    slow           slow 
OR2XL                6       8.208      0.341    slow           slow 
OR3X1               13      26.676      1.166    slow           slow 
OR4X1               20      41.040      2.171    slow           slow 
PLL                  1   10263.729      0.146    PLL_worst      slow 
SDFFQX1             18     135.432      4.408    slow           slow 
SDFFRHQX1          156    1280.448     58.065    slow           slow 
XNOR2X1            278     665.532     34.879    slow           slow 
XNOR2X2              2       6.156      0.317    slow           slow 
---------------------------------------------------------------------
total             4633  241590.340    519.483                


                                               Leakage  Leakage 
  Library   Instances Instances %    Area    Power (nW) Power % 
----------------------------------------------------------------
CDK_R512x16         1         0.0   9445.288      0.000     0.0 
CDK_S256x16         2         0.0 210487.183      0.000     0.0 
PLL_worst           1         0.0  10263.729      0.146     0.0 
slow             4629        99.9  11394.140    519.337   100.0 

                                             Leakage  Leakage 
     Type      Instances    Area    Area % Power (nW) Power % 
--------------------------------------------------------------
timing_model           4 230196.200   95.3      0.146     0.0 
sequential           517   3954.204    1.6    164.770    31.7 
inverter             409    295.830    0.1     15.078     2.9 
buffer               113    200.070    0.1     10.620     2.0 
logic               3590   6944.036    2.9    328.869    63.3 
physical_cells         0      0.000    0.0      0.000     0.0 
--------------------------------------------------------------
total               4633 241590.340  100.0    519.483   100.0 

