============================================================
  Generated by:           Genus(TM) Synthesis Solution 23.13-s073_1
  Generated on:           Jul 01 2026  04:46:15 pm
  Module:                 dtmf_recvr_core
  Operating conditions:   slow 
  Interconnect mode:      spatial
  Area mode:              physical library
============================================================

Timing
--------

 Analysis view     Clock     Period 
------------------------------------
func-slow_maxrc clk2x        8000.0 
                m_clk        8000.0 
                m_digit_clk 16000.0 
                m_dsram_clk 16000.0 
                m_ram_clk   16000.0 
                m_rcc_clk   16000.0 
                m_spi_clk   16000.0 
                refclk       8000.0 


    Analysis        Cost     Critical        Violating 
      View         Group    Path Slack  TNS    Paths   
-------------------------------------------------------
func-slow_maxrc         C2O     7215.6  0.0          0 
                      clk2x      472.6  0.0          0 
                    default   No paths  0.0          0 
                        I2C     7347.5  0.0          0 
                        I2O   No paths  0.0          0 
                      m_clk     4203.8  0.0          0 
                m_digit_clk     7614.7  0.0          0 
                m_dsram_clk     3472.9  0.0          0 
                  m_ram_clk     4238.6  0.0          0 
                  m_rcc_clk     4613.7  0.0          0 
                  m_spi_clk    14925.4  0.0          0 
                     refclk   No paths  0.0          0 
-------------------------------------------------------
Total                                  -0.0          0 
                                                       

Instance Count
--------------
Leaf Instance Count             4633 
Physical Instance count            0 
Sequential Instance Count        520 
Combinational Instance Count    4113 
Hierarchical Instance Count        2 

Area
----
Cell Area                          241590.340
Physical Cell Area                 0.000
Total Cell Area (Cell+Physical)    241590.340
Net Area                           4938.308
Total Area (Cell+Physical+Net)     246528.648

Floorplan Utilization              6.64%
Runtime                            1.0 seconds
Elapsed Runtime                    448 seconds
Genus peak memory usage            2306.91 
Innovus peak memory usage          no_value 
Hostname                           s2
