============================================================
  Generated by:           Genus(TM) Synthesis Solution 23.13-s073_1
  Generated on:           Jul 01 2026  04:40:05 pm
  Module:                 dtmf_recvr_core
  Library domain:         slow
    Domain index:         0
    Technology libraries: slow 
                          PLL_worst 
                          CDK_S128x16 0.0
                          CDK_S256x16 0.0
                          CDK_R512x16 0.0
  Operating conditions:   slow 
  Interconnect mode:      global
  Area mode:              physical library
============================================================

Aspect ratio        : 1.000
Shrink factor       : 1.000
Scale of res/length : 1.000
Scale of cap/length : 1.000
Net derating factor : 1.000
Thermal factor      : 1.000
Via Resistance      : 6.600 ohm (from qrc_tech_file)
Site size           : 1.910 um (from lef [tech+cell])

                                   Capacitance  
  Layer                             / Length         Data source:
Name        Direction Utilization  (pF/micron)       qrc_tech_file
------------------------------------------------
Metal1          H         0.00        0.000332  
Metal2          V         1.00        0.000312  
Metal3          H         1.00        0.000306  
Metal4          V         1.00        0.000311  
Metal5          H         1.00        0.000311  
Metal6          V         1.00        0.000311  
Metal7          H         1.00        0.000313  
Metal8          V         1.00        0.000306  
Metal9          H         1.00        0.000407  
Metal10         V         1.00        0.000417  
Metal11         H         1.00        0.000408  

                                    Resistance   
  Layer                              / Length         Data source:
Name        Direction Utilization  (ohm/micron)       qrc_tech_file
-------------------------------------------------
Metal1          H         0.00         1.226667  
Metal2          V         1.00         1.006667  
Metal3          H         1.00         1.006667  
Metal4          V         1.00         1.006667  
Metal5          H         1.00         1.006667  
Metal6          V         1.00         1.006667  
Metal7          H         1.00         1.006667  
Metal8          V         1.00         0.356667  
Metal9          H         1.00         0.059444  
Metal10         V         1.00         0.059444  
Metal11         H         1.00         0.007778  

                                        Area     
  Layer                               / Length        Data source:
Name        Direction Utilization     (micron)        lef_library
-------------------------------------------------
M1              H         0.00         0.060000  
M2              V         1.00         0.080000  
M3              H         1.00         0.080000  
M4              V         1.00         0.080000  
M5              H         1.00         0.080000  
M6              V         1.00         0.080000  
M7              H         1.00         0.080000  
M8              V         1.00         0.080000  
M9              H         1.00         0.080000  
M10             V         1.00         0.220000  
M11             H         1.00         0.220000  

