============================================================
  Generated by:           Genus(TM) Synthesis Solution 23.13-s073_1
  Generated on:           Jun 24 2026  01:10:45 am
  Module:                 dtmf_recvr_core
  Library domain:         timing_cond_wcl_slow
    Domain index:         0
    Technology libraries: slow 
                          PLL_worst 
                          CDK_S128x16 0.0
                          CDK_S256x16 0.0
                          CDK_R512x16 0.0
  Library domain:         timing_cond_wcl_fast
    Domain index:         1
    Technology libraries: fast 
                          PLL_worst 
                          CDK_S128x16 0.0
                          CDK_R512x16 0.0
                          CDK_S256x16 0.0
  Library domain:         timing_cond_wcl_typical
    Domain index:         2
    Technology libraries: typical 
                          PLL_worst 
                          CDK_S128x16 0.0
                          CDK_R512x16 0.0
                          CDK_S256x16 0.0
  Operating conditions:   slow 
  Operating conditions:   fast 
  Operating conditions:   typical 
  Interconnect mode:      global
  Area mode:              physical library
============================================================

Timing
--------

  Analysis view     Clock     Period 
-------------------------------------
view_wcl_slow    clk2x        8000.0 
                 m_clk        8000.0 
                 m_digit_clk 16000.0 
                 m_dsram_clk 16000.0 
                 m_ram_clk   16000.0 
                 m_rcc_clk   16000.0 
                 m_spi_clk   16000.0 
                 refclk       8000.0 
view_wcl_fast    clk2x        5000.0 
                 m_clk        5000.0 
                 m_digit_clk 16000.0 
                 m_dsram_clk 16000.0 
                 m_ram_clk   16000.0 
                 m_rcc_clk   16000.0 
                 m_spi_clk   16000.0 
                 refclk       5000.0 
view_wcl_typical clk2x        6000.0 
                 m_clk        6000.0 
                 m_digit_clk 16000.0 
                 m_dsram_clk 16000.0 
                 m_ram_clk   16000.0 
                 m_rcc_clk   16000.0 
                 m_spi_clk   16000.0 
                 refclk       6000.0 


    Analysis                Cost            Critical           Violating 
      View                 Group           Path Slack   TNS      Paths   
-------------------------------------------------------------------------
view_wcl_slow        cg_enable_group_clk2x     5246.1     0.0          0 
                     cg_enable_group_m_clk     6017.9     0.0          0 
                 cg_enable_group_m_rcc_clk     6274.4     0.0          0 
                 cg_enable_group_m_spi_clk    14964.0     0.0          0 
                                     clk2x        0.1     0.0          0 
                                   default   No paths     0.0          0 
                                     m_clk     3954.2     0.0          0 
                               m_digit_clk     7358.2     0.0          0 
                               m_dsram_clk     5341.3     0.0          0 
                                 m_ram_clk     5547.9     0.0          0 
                                 m_rcc_clk     5689.2     0.0          0 
                                 m_spi_clk     7358.2     0.0          0 
                                    refclk     7358.2     0.0          0 
-------------------------------------------------------------------------
Total                                                    -0.0          0 
                                                                         
view_wcl_fast        cg_enable_group_clk2x     4148.8     0.0          0 
                     cg_enable_group_m_clk     4364.4     0.0          0 
                 cg_enable_group_m_rcc_clk      438.3     0.0          0 
                 cg_enable_group_m_spi_clk    15709.3     0.0          0 
                                     clk2x     -235.6 -3006.7         16 
                                   default   No paths     0.0          0 
                                     m_clk      216.2     0.0          0 
                               m_digit_clk      457.8     0.0          0 
                               m_dsram_clk     -576.5 -3664.5         14 
                                 m_ram_clk     -525.1 -2795.1         10 
                                 m_rcc_clk      271.7     0.0          0 
                                 m_spi_clk      457.8     0.0          0 
                                    refclk      518.5     0.0          0 
-------------------------------------------------------------------------
Total                                                 -9466.3         40 
                                                                         
view_wcl_typical     cg_enable_group_clk2x     4748.7     0.0          0 
                     cg_enable_group_m_clk     5060.8     0.0          0 
                 cg_enable_group_m_rcc_clk     1174.1     0.0          0 
                 cg_enable_group_m_spi_clk    15551.0     0.0          0 
                                     clk2x      742.7     0.0          0 
                                   default   No paths     0.0          0 
                                     m_clk      807.2     0.0          0 
                               m_digit_clk     1492.7     0.0          0 
                               m_dsram_clk      251.5     0.0          0 
                                 m_ram_clk      326.2     0.0          0 
                                 m_rcc_clk      921.8     0.0          0 
                                 m_spi_clk     1492.7     0.0          0 
                                    refclk     1579.3     0.0          0 
-------------------------------------------------------------------------
Total                                                    -0.0          0 
                                                                         

Instance Count
--------------
Leaf Instance Count             4966 
Physical Instance count            0 
Sequential Instance Count        555 
Combinational Instance Count    4411 
Hierarchical Instance Count       44 

Area
----
Cell Area                          243139.344
Physical Cell Area                 0.000
Total Cell Area (Cell+Physical)    243139.344
Net Area                           6455.612
Total Area (Cell+Physical+Net)     249594.956

Runtime                            1.0 seconds
Elapsed Runtime                    528 seconds
Genus peak memory usage            2155.69 
Innovus peak memory usage          no_value 
Hostname                           s2
