============================================================
  Generated by:           Genus(TM) Synthesis Solution 23.13-s073_1
  Generated on:           Jul 02 2026  11:44:54 pm
  Module:                 dtmf_recvr_core
  Technology libraries:   ss_g_1v08_125c 1.1
                          ss_hvt_1v08_125c 1.1
                          ram_256x16_slow 1.1
                          rom_512x16A_slow 1.1
                          pllclk 4.3
                          physical_cells 
                          ss_g_1v08_125c 1.1
                          ss_hvt_1v08_125c 1.1
                          ram_256x16_slow 1.1
                          rom_512x16A_slow 1.1
                          pllclk 4.3
                          physical_cells 
  Operating conditions:   ss_1v08_125c 
  Interconnect mode:      global
  Area mode:              physical library
============================================================

                                       Leakage   Internal 
     Gate       Instances     Area    Power (W) Power (W)       Library       
------------------------------------------------------------------------------
ADDFHX1M               20     658.952     0.000     0.000    ss_g_1v08_125c   
ADDFHX2M                2     105.903     0.000     0.000    ss_g_1v08_125c   
ADDFHX4M                9     571.876     0.000     0.000    ss_g_1v08_125c   
ADDFHXLM                3      98.843     0.000     0.000    ss_g_1v08_125c   
ADDFHXLMTH              2      65.895     0.000     0.000    ss_hvt_1v08_125c 
ADDFX1M                 3      91.783     0.000     0.000    ss_g_1v08_125c   
ADDFXLM                12     367.130     0.000     0.000    ss_g_1v08_125c   
ADDFXLMTH               2      61.188     0.000     0.000    ss_hvt_1v08_125c 
ADDHX1M                25     382.428     0.000     0.000    ss_g_1v08_125c   
ADDHX1MTH              25     382.428     0.000     0.000    ss_hvt_1v08_125c 
ADDHX2M                 3      60.012     0.000     0.000    ss_g_1v08_125c   
ADDHX4M                 7     205.923     0.000     0.000    ss_g_1v08_125c   
AND2X1M                16      94.136     0.000     0.000    ss_g_1v08_125c   
AND2X1MTH              38     223.573     0.000     0.000    ss_hvt_1v08_125c 
AND2X2M                 4      23.534     0.000     0.000    ss_g_1v08_125c   
AND2X4M                 3      28.241     0.000     0.000    ss_g_1v08_125c   
AND2X6M                 1      11.767     0.000     0.000    ss_g_1v08_125c   
AND2X8M                 1      12.944     0.000     0.000    ss_g_1v08_125c   
AND3X1MTH               5      35.301     0.000     0.000    ss_hvt_1v08_125c 
AND3X2M                 4      28.241     0.000     0.000    ss_g_1v08_125c   
AND3X4M                 5      41.184     0.000     0.000    ss_g_1v08_125c   
AND3X6M                 2      30.594     0.000     0.000    ss_g_1v08_125c   
AND3X8M                 1      20.004     0.000     0.000    ss_g_1v08_125c   
AND3XLM                 2      14.120     0.000     0.000    ss_g_1v08_125c   
AND3XLMTH               5      35.301     0.000     0.000    ss_hvt_1v08_125c 
AND4X1MTH               2      16.474     0.000     0.000    ss_hvt_1v08_125c 
AND4X6M                 3      63.542     0.000     0.000    ss_g_1v08_125c   
AND4XLMTH               3      24.711     0.000     0.000    ss_hvt_1v08_125c 
AO21X1M                 1       8.237     0.000     0.000    ss_g_1v08_125c   
AO21X4M                 2      21.181     0.000     0.000    ss_g_1v08_125c   
AO21XLM                16     112.963     0.000     0.000    ss_g_1v08_125c   
AO21XLMTH              21     148.264     0.000     0.000    ss_hvt_1v08_125c 
AO22X2M                10     105.903     0.000     0.000    ss_g_1v08_125c   
AO22X4M                 3      35.301     0.000     0.000    ss_g_1v08_125c   
AO22XLM                15     141.204     0.000     0.000    ss_g_1v08_125c   
AO22XLMTH              26     244.754     0.000     0.000    ss_hvt_1v08_125c 
AO2B2BX1MTH             2      28.241     0.000     0.000    ss_hvt_1v08_125c 
AO2B2BX2M               3      42.361     0.000     0.000    ss_g_1v08_125c   
AO2B2BX4M               1      16.474     0.000     0.000    ss_g_1v08_125c   
AO2B2BXLM               1      14.120     0.000     0.000    ss_g_1v08_125c   
AO2B2BXLMTH             2      28.241     0.000     0.000    ss_hvt_1v08_125c 
AO2B2X1MTH              1      11.767     0.000     0.000    ss_hvt_1v08_125c 
AO2B2X2M               10     117.670     0.000     0.000    ss_g_1v08_125c   
AO2B2X4M                1      12.944     0.000     0.000    ss_g_1v08_125c   
AO2B2XLM               16     188.272     0.000     0.000    ss_g_1v08_125c   
AO2B2XLMTH              1      11.767     0.000     0.000    ss_hvt_1v08_125c 
AOI211X1MTH            22     155.324     0.000     0.000    ss_hvt_1v08_125c 
AOI211XLM               4      28.241     0.000     0.000    ss_g_1v08_125c   
AOI211XLMTH             7      49.421     0.000     0.000    ss_hvt_1v08_125c 
AOI21BX1M               1       8.237     0.000     0.000    ss_g_1v08_125c   
AOI21BX1MTH             3      24.711     0.000     0.000    ss_hvt_1v08_125c 
AOI21BX2M               4      32.948     0.000     0.000    ss_g_1v08_125c   
AOI21BX4M               4      42.361     0.000     0.000    ss_g_1v08_125c   
AOI21BXLM               6      49.421     0.000     0.000    ss_g_1v08_125c   
AOI21BXLMTH            18     148.264     0.000     0.000    ss_hvt_1v08_125c 
AOI21X1M                9      52.951     0.000     0.000    ss_g_1v08_125c   
AOI21X1MTH             43     252.990     0.000     0.000    ss_hvt_1v08_125c 
AOI21X2M                5      29.417     0.000     0.000    ss_g_1v08_125c   
AOI21X2MTH              1       5.883     0.000     0.000    ss_hvt_1v08_125c 
AOI21X3M                2      21.181     0.000     0.000    ss_g_1v08_125c   
AOI21X4M                2      21.181     0.000     0.000    ss_g_1v08_125c   
AOI21X6M                1      14.120     0.000     0.000    ss_g_1v08_125c   
AOI21XLM               19     111.786     0.000     0.000    ss_g_1v08_125c   
AOI21XLMTH             40     235.340     0.000     0.000    ss_hvt_1v08_125c 
AOI221X1MTH             1       9.414     0.000     0.000    ss_hvt_1v08_125c 
AOI221X2M               1      10.590     0.000     0.000    ss_g_1v08_125c   
AOI221XLM              17     140.027     0.000     0.000    ss_g_1v08_125c   
AOI221XLMTH             8      65.895     0.000     0.000    ss_hvt_1v08_125c 
AOI222X1MTH             2      21.181     0.000     0.000    ss_hvt_1v08_125c 
AOI222XLM              13     137.674     0.000     0.000    ss_g_1v08_125c   
AOI222XLMTH            36     381.251     0.000     0.000    ss_hvt_1v08_125c 
AOI22X1MTH             19     134.144     0.000     0.000    ss_hvt_1v08_125c 
AOI22X2M                2      16.474     0.000     0.000    ss_g_1v08_125c   
AOI22XLM                1       7.060     0.000     0.000    ss_g_1v08_125c   
AOI22XLMTH             29     204.746     0.000     0.000    ss_hvt_1v08_125c 
AOI2B1X1M               5      35.301     0.000     0.000    ss_g_1v08_125c   
AOI2B1X1MTH            36     254.167     0.000     0.000    ss_hvt_1v08_125c 
AOI2B1X2M               1       8.237     0.000     0.000    ss_g_1v08_125c   
AOI2B1X4M               6      77.662     0.000     0.000    ss_g_1v08_125c   
AOI2B1XLM               6      42.361     0.000     0.000    ss_g_1v08_125c   
AOI2B1XLMTH            20     141.204     0.000     0.000    ss_hvt_1v08_125c 
AOI2BB1X1M              2      14.120     0.000     0.000    ss_g_1v08_125c   
AOI2BB1X1MTH            3      21.181     0.000     0.000    ss_hvt_1v08_125c 
AOI2BB1X2M              1       7.060     0.000     0.000    ss_g_1v08_125c   
AOI2BB1XLMTH            6      42.361     0.000     0.000    ss_hvt_1v08_125c 
AOI2BB2X1M             13     122.377     0.000     0.000    ss_g_1v08_125c   
AOI2BB2X2M             24     225.926     0.000     0.000    ss_g_1v08_125c   
AOI2BB2X4M              7      98.843     0.000     0.000    ss_g_1v08_125c   
AOI2BB2XLM             38     313.002     0.000     0.000    ss_g_1v08_125c   
AOI2BB2XLMTH            6      49.421     0.000     0.000    ss_hvt_1v08_125c 
AOI31X1MTH              7      49.421     0.000     0.000    ss_hvt_1v08_125c 
AOI31X4M                2      28.241     0.000     0.000    ss_g_1v08_125c   
AOI31XLM                2      14.120     0.000     0.000    ss_g_1v08_125c   
AOI31XLMTH              3      21.181     0.000     0.000    ss_hvt_1v08_125c 
AOI32X1MTH              1       8.237     0.000     0.000    ss_hvt_1v08_125c 
AOI32XLMTH              1       8.237     0.000     0.000    ss_hvt_1v08_125c 
AOI33X2MTH              1      10.590     0.000     0.000    ss_hvt_1v08_125c 
BUFX14M                 1      16.474     0.000     0.000    ss_g_1v08_125c   
BUFX2M                  4      18.827     0.000     0.000    ss_g_1v08_125c   
BUFX3M                  3      17.651     0.000     0.000    ss_g_1v08_125c   
BUFX4M                  5      29.417     0.000     0.000    ss_g_1v08_125c   
BUFX6M                  1       8.237     0.000     0.000    ss_g_1v08_125c   
CLKAND2X2M              1       5.883     0.000     0.000    ss_g_1v08_125c   
CLKAND2X6M              1       9.414     0.000     0.000    ss_g_1v08_125c   
CLKBUFX1M              15      70.602     0.000     0.000    ss_g_1v08_125c   
CLKBUFX1MTH            19      89.429     0.000     0.000    ss_hvt_1v08_125c 
CLKBUFX2M              11      51.775     0.000     0.000    ss_g_1v08_125c   
CLKBUFX2MTH             3      14.120     0.000     0.000    ss_hvt_1v08_125c 
CLKBUFX4M               1       5.883     0.000     0.000    ss_g_1v08_125c   
CLKINVX1M              23      81.192     0.000     0.000    ss_g_1v08_125c   
CLKINVX1MTH            17      60.012     0.000     0.000    ss_hvt_1v08_125c 
CLKINVX2M               9      31.771     0.000     0.000    ss_g_1v08_125c   
CLKINVX2MTH             3      10.590     0.000     0.000    ss_hvt_1v08_125c 
CLKINVX3M               1       4.707     0.000     0.000    ss_g_1v08_125c   
CLKINVX4M               1       4.707     0.000     0.000    ss_g_1v08_125c   
CLKINVX6M               2      11.767     0.000     0.000    ss_g_1v08_125c   
CLKMX2X2M               1      11.767     0.000     0.000    ss_g_1v08_125c   
CLKNAND2X2M             1       4.707     0.000     0.000    ss_g_1v08_125c   
CLKNAND2X4M             1       7.060     0.000     0.000    ss_g_1v08_125c   
CLKXOR2X2M              3      35.301     0.000     0.000    ss_g_1v08_125c   
DFFHQX2M                1      25.887     0.000     0.000    ss_g_1v08_125c   
DFFHQX4M                4     117.670     0.000     0.000    ss_g_1v08_125c   
DFFNSRHX1M              1      41.184     0.000     0.000    ss_g_1v08_125c   
DFFQNX1M                8     169.445     0.000     0.000    ss_g_1v08_125c   
DFFQNX1MTH             17     360.070     0.000     0.000    ss_hvt_1v08_125c 
DFFQX1M                64    1355.558     0.000     0.000    ss_g_1v08_125c   
DFFQX1MTH             137    2901.742     0.000     0.000    ss_hvt_1v08_125c 
DFFRQX1M               70    1812.118     0.000     0.000    ss_g_1v08_125c   
DFFRQX1MTH             69    1786.231     0.000     0.000    ss_hvt_1v08_125c 
DFFRQX2M                6     155.324     0.000     0.000    ss_g_1v08_125c   
DFFRX1M                21     568.346     0.000     0.000    ss_g_1v08_125c   
DFFRX1MTH               5     135.321     0.000     0.000    ss_hvt_1v08_125c 
DFFRX2M                 5     141.204     0.000     0.000    ss_g_1v08_125c   
DFFSHQX4M               1      35.301     0.000     0.000    ss_g_1v08_125c   
DFFSQX1M               27     698.960     0.000     0.000    ss_g_1v08_125c   
DFFSQX1MTH              8     207.099     0.000     0.000    ss_hvt_1v08_125c 
DFFSQX4M                1      27.064     0.000     0.000    ss_g_1v08_125c   
DFFSX1M                 6     162.385     0.000     0.000    ss_g_1v08_125c   
DFFSX2M                 1      28.241     0.000     0.000    ss_g_1v08_125c   
DFFSX4M                 4     122.377     0.000     0.000    ss_g_1v08_125c   
DFFX1M                  1      23.534     0.000     0.000    ss_g_1v08_125c   
DFFX1MTH               32     753.088     0.000     0.000    ss_hvt_1v08_125c 
INVX12M                 1      10.590     0.000     0.000    ss_g_1v08_125c   
INVX1M                 30     105.903     0.000     0.000    ss_g_1v08_125c   
INVX1MTH               15      52.952     0.000     0.000    ss_hvt_1v08_125c 
INVX2M                 19      67.072     0.000     0.000    ss_g_1v08_125c   
INVX2MTH                5      17.651     0.000     0.000    ss_hvt_1v08_125c 
INVX3M                 13      61.188     0.000     0.000    ss_g_1v08_125c   
INVX4M                 15      70.602     0.000     0.000    ss_g_1v08_125c   
INVX6M                  5      29.417     0.000     0.000    ss_g_1v08_125c   
INVXLM                 70     247.107     0.000     0.000    ss_g_1v08_125c   
INVXLMTH               67     236.517     0.000     0.000    ss_hvt_1v08_125c 
MX2X1M                  5      58.835     0.000     0.000    ss_g_1v08_125c   
MX2X2M                  2      23.534     0.000     0.000    ss_g_1v08_125c   
MX2X3M                  1      12.944     0.000     0.000    ss_g_1v08_125c   
MX2XLM                 48     564.816     0.000     0.000    ss_g_1v08_125c   
MX2XLMTH               33     388.311     0.000     0.000    ss_hvt_1v08_125c 
MX3XLMTH                4      70.602     0.000     0.000    ss_hvt_1v08_125c 
MXI2X1M                11     116.493     0.000     0.000    ss_g_1v08_125c   
MXI2X1MTH              15     158.854     0.000     0.000    ss_hvt_1v08_125c 
MXI2X2M                14     164.738     0.000     0.000    ss_g_1v08_125c   
MXI2X3M                 3      49.421     0.000     0.000    ss_g_1v08_125c   
MXI2X4M                 1      17.651     0.000     0.000    ss_g_1v08_125c   
MXI2XLM                41     434.202     0.000     0.000    ss_g_1v08_125c   
MXI2XLMTH               9      95.313     0.000     0.000    ss_hvt_1v08_125c 
NAND2BX1M               4      23.534     0.000     0.000    ss_g_1v08_125c   
NAND2BX1MTH           128     753.088     0.000     0.000    ss_hvt_1v08_125c 
NAND2BX2M              12      70.602     0.000     0.000    ss_g_1v08_125c   
NAND2BX4M              17     160.031     0.000     0.000    ss_g_1v08_125c   
NAND2BX8M               3      49.421     0.000     0.000    ss_g_1v08_125c   
NAND2BXLM              59     347.126     0.000     0.000    ss_g_1v08_125c   
NAND2BXLMTH            37     217.689     0.000     0.000    ss_hvt_1v08_125c 
NAND2X1M               31     145.911     0.000     0.000    ss_g_1v08_125c   
NAND2X1MTH            100     470.680     0.000     0.000    ss_hvt_1v08_125c 
NAND2X2M               37     174.152     0.000     0.000    ss_g_1v08_125c   
NAND2X3M                2      14.120     0.000     0.000    ss_g_1v08_125c   
NAND2X4M               27     190.625     0.000     0.000    ss_g_1v08_125c   
NAND2X5M                1      10.590     0.000     0.000    ss_g_1v08_125c   
NAND2X6M                4      42.361     0.000     0.000    ss_g_1v08_125c   
NAND2XLM              109     513.041     0.000     0.000    ss_g_1v08_125c   
NAND2XLMTH            104     489.507     0.000     0.000    ss_hvt_1v08_125c 
NAND3BX1M               1       7.060     0.000     0.000    ss_g_1v08_125c   
NAND3BX1MTH             5      35.301     0.000     0.000    ss_hvt_1v08_125c 
NAND3BX2M               2      14.120     0.000     0.000    ss_g_1v08_125c   
NAND3BX4M               1      11.767     0.000     0.000    ss_g_1v08_125c   
NAND3BXLM               9      63.542     0.000     0.000    ss_g_1v08_125c   
NAND3BXLMTH            15     105.903     0.000     0.000    ss_hvt_1v08_125c 
NAND3X1M                2      11.767     0.000     0.000    ss_g_1v08_125c   
NAND3X1MTH              6      35.301     0.000     0.000    ss_hvt_1v08_125c 
NAND3X2M                4      23.534     0.000     0.000    ss_g_1v08_125c   
NAND3X2MTH              1       5.883     0.000     0.000    ss_hvt_1v08_125c 
NAND3X3M                1      10.590     0.000     0.000    ss_g_1v08_125c   
NAND3X4M                1      10.590     0.000     0.000    ss_g_1v08_125c   
NAND3XLM                2      11.767     0.000     0.000    ss_g_1v08_125c   
NAND3XLMTH             24     141.204     0.000     0.000    ss_hvt_1v08_125c 
NAND4BBX2M              3      35.301     0.000     0.000    ss_g_1v08_125c   
NAND4BBXLM              2      21.181     0.000     0.000    ss_g_1v08_125c   
NAND4BBXLMTH            4      42.361     0.000     0.000    ss_hvt_1v08_125c 
NAND4BX2M               1       9.414     0.000     0.000    ss_g_1v08_125c   
NAND4BXLM               1       8.237     0.000     0.000    ss_g_1v08_125c   
NAND4BXLMTH            11      90.606     0.000     0.000    ss_hvt_1v08_125c 
NAND4X1MTH              2      14.120     0.000     0.000    ss_hvt_1v08_125c 
NAND4X2M                1       7.060     0.000     0.000    ss_g_1v08_125c   
NAND4XLMTH             12      84.722     0.000     0.000    ss_hvt_1v08_125c 
NOR2BX1M                3      17.651     0.000     0.000    ss_g_1v08_125c   
NOR2BX1MTH             26     152.971     0.000     0.000    ss_hvt_1v08_125c 
NOR2BX2M                4      23.534     0.000     0.000    ss_g_1v08_125c   
NOR2BX4M                1       9.414     0.000     0.000    ss_g_1v08_125c   
NOR2BXLM               17     100.019     0.000     0.000    ss_g_1v08_125c   
NOR2BXLMTH            115     676.602     0.000     0.000    ss_hvt_1v08_125c 
NOR2X1M                11      51.775     0.000     0.000    ss_g_1v08_125c   
NOR2X1MTH              17      80.016     0.000     0.000    ss_hvt_1v08_125c 
NOR2X2M                10      47.068     0.000     0.000    ss_g_1v08_125c   
NOR2X2MTH               1       4.707     0.000     0.000    ss_hvt_1v08_125c 
NOR2X4M                 7      49.421     0.000     0.000    ss_g_1v08_125c   
NOR2X6M                 9      95.313     0.000     0.000    ss_g_1v08_125c   
NOR2XLM                59     277.701     0.000     0.000    ss_g_1v08_125c   
NOR2XLMTH              55     258.874     0.000     0.000    ss_hvt_1v08_125c 
NOR3BX1M                1       7.060     0.000     0.000    ss_g_1v08_125c   
NOR3BX1MTH              8      56.482     0.000     0.000    ss_hvt_1v08_125c 
NOR3BX2M                1       7.060     0.000     0.000    ss_g_1v08_125c   
NOR3BXLM                8      56.482     0.000     0.000    ss_g_1v08_125c   
NOR3BXLMTH             10      70.602     0.000     0.000    ss_hvt_1v08_125c 
NOR3X1MTH              12      70.602     0.000     0.000    ss_hvt_1v08_125c 
NOR3X4M                 1      10.590     0.000     0.000    ss_g_1v08_125c   
NOR3X4MTH               1      10.590     0.000     0.000    ss_hvt_1v08_125c 
NOR3XLM                11      64.718     0.000     0.000    ss_g_1v08_125c   
NOR3XLMTH               8      47.068     0.000     0.000    ss_hvt_1v08_125c 
NOR4BBXLM               2      23.534     0.000     0.000    ss_g_1v08_125c   
NOR4BX1MTH              8      65.895     0.000     0.000    ss_hvt_1v08_125c 
NOR4BXLM                2      16.474     0.000     0.000    ss_g_1v08_125c   
NOR4BXLMTH              5      41.184     0.000     0.000    ss_hvt_1v08_125c 
NOR4X1MTH               2      14.120     0.000     0.000    ss_hvt_1v08_125c 
NOR4X2MTH               1      11.767     0.000     0.000    ss_hvt_1v08_125c 
NOR4XLM                 4      28.241     0.000     0.000    ss_g_1v08_125c   
NOR4XLMTH              25     176.505     0.000     0.000    ss_hvt_1v08_125c 
OA21X1M                 1       8.237     0.000     0.000    ss_g_1v08_125c   
OA21X1MTH               7      57.658     0.000     0.000    ss_hvt_1v08_125c 
OA21X2M                 3      24.711     0.000     0.000    ss_g_1v08_125c   
OA21XLM                 1       8.237     0.000     0.000    ss_g_1v08_125c   
OA21XLMTH              20     164.738     0.000     0.000    ss_hvt_1v08_125c 
OA22X1M                 1       9.414     0.000     0.000    ss_g_1v08_125c   
OA22X2M                 1       9.414     0.000     0.000    ss_g_1v08_125c   
OA22X4M                 1      11.767     0.000     0.000    ss_g_1v08_125c   
OAI211X1MTH             9      63.542     0.000     0.000    ss_hvt_1v08_125c 
OAI211X2MTH             2      14.120     0.000     0.000    ss_hvt_1v08_125c 
OAI211X4M               1      12.944     0.000     0.000    ss_g_1v08_125c   
OAI211XLM               7      49.421     0.000     0.000    ss_g_1v08_125c   
OAI211XLMTH            40     282.408     0.000     0.000    ss_hvt_1v08_125c 
OAI21BX1M               3      21.181     0.000     0.000    ss_g_1v08_125c   
OAI21BXLM               1       7.060     0.000     0.000    ss_g_1v08_125c   
OAI21BXLMTH            12      84.722     0.000     0.000    ss_hvt_1v08_125c 
OAI21X1M               17     100.019     0.000     0.000    ss_g_1v08_125c   
OAI21X1MTH             23     135.320     0.000     0.000    ss_hvt_1v08_125c 
OAI21X2M                8      47.068     0.000     0.000    ss_g_1v08_125c   
OAI21X4M                2      21.181     0.000     0.000    ss_g_1v08_125c   
OAI21XLM               28     164.738     0.000     0.000    ss_g_1v08_125c   
OAI21XLMTH             82     482.447     0.000     0.000    ss_hvt_1v08_125c 
OAI221X1MTH             7      65.895     0.000     0.000    ss_hvt_1v08_125c 
OAI221XLM               1       9.414     0.000     0.000    ss_g_1v08_125c   
OAI221XLMTH             8      75.309     0.000     0.000    ss_hvt_1v08_125c 
OAI222X1M               1      10.590     0.000     0.000    ss_g_1v08_125c   
OAI222XLMTH             2      21.181     0.000     0.000    ss_hvt_1v08_125c 
OAI22X1MTH              2      14.120     0.000     0.000    ss_hvt_1v08_125c 
OAI22X2M                2      16.474     0.000     0.000    ss_g_1v08_125c   
OAI22XLM                4      28.241     0.000     0.000    ss_g_1v08_125c   
OAI22XLMTH              7      49.421     0.000     0.000    ss_hvt_1v08_125c 
OAI2B11X1M              4      37.654     0.000     0.000    ss_g_1v08_125c   
OAI2B11X1MTH            2      18.827     0.000     0.000    ss_hvt_1v08_125c 
OAI2B11X2M              2      18.827     0.000     0.000    ss_g_1v08_125c   
OAI2B11X4M              1      15.297     0.000     0.000    ss_g_1v08_125c   
OAI2B11XLM             28     263.581     0.000     0.000    ss_g_1v08_125c   
OAI2B11XLMTH           11     103.550     0.000     0.000    ss_hvt_1v08_125c 
OAI2B1X1M               5      41.184     0.000     0.000    ss_g_1v08_125c   
OAI2B1X1MTH            16     131.790     0.000     0.000    ss_hvt_1v08_125c 
OAI2B1X2M               7      57.658     0.000     0.000    ss_g_1v08_125c   
OAI2B1X4M               3      38.831     0.000     0.000    ss_g_1v08_125c   
OAI2B1XLM              12      98.843     0.000     0.000    ss_g_1v08_125c   
OAI2B1XLMTH            31     255.344     0.000     0.000    ss_hvt_1v08_125c 
OAI2B2X1M               1       9.414     0.000     0.000    ss_g_1v08_125c   
OAI2B2X2M               1      10.590     0.000     0.000    ss_g_1v08_125c   
OAI2B2XLM               4      37.654     0.000     0.000    ss_g_1v08_125c   
OAI2B2XLMTH             7      65.895     0.000     0.000    ss_hvt_1v08_125c 
OAI2BB1X1M             16     112.963     0.000     0.000    ss_g_1v08_125c   
OAI2BB1X1MTH            5      35.301     0.000     0.000    ss_hvt_1v08_125c 
OAI2BB1X2M             37     261.227     0.000     0.000    ss_g_1v08_125c   
OAI2BB1X4M             21     247.107     0.000     0.000    ss_g_1v08_125c   
OAI2BB1X4MTH            1      11.767     0.000     0.000    ss_hvt_1v08_125c 
OAI2BB1XLM             42     296.528     0.000     0.000    ss_g_1v08_125c   
OAI2BB1XLMTH           58     409.492     0.000     0.000    ss_hvt_1v08_125c 
OAI2BB2X1M              7      57.658     0.000     0.000    ss_g_1v08_125c   
OAI2BB2X1MTH           44     362.424     0.000     0.000    ss_hvt_1v08_125c 
OAI2BB2X2M              6      56.482     0.000     0.000    ss_g_1v08_125c   
OAI2BB2X4M              3      42.361     0.000     0.000    ss_g_1v08_125c   
OAI2BB2X8M              1      24.711     0.000     0.000    ss_g_1v08_125c   
OAI2BB2XLM             14     115.317     0.000     0.000    ss_g_1v08_125c   
OAI2BB2XLMTH           13     107.080     0.000     0.000    ss_hvt_1v08_125c 
OAI31X1MTH              7      49.421     0.000     0.000    ss_hvt_1v08_125c 
OAI31XLM                4      28.241     0.000     0.000    ss_g_1v08_125c   
OAI31XLMTH              5      35.301     0.000     0.000    ss_hvt_1v08_125c 
OAI32X1MTH              8      65.895     0.000     0.000    ss_hvt_1v08_125c 
OAI32XLM                1       8.237     0.000     0.000    ss_g_1v08_125c   
OAI32XLMTH              6      49.421     0.000     0.000    ss_hvt_1v08_125c 
OAI33X2MTH              1      10.590     0.000     0.000    ss_hvt_1v08_125c 
OAI33XLM                1      10.590     0.000     0.000    ss_g_1v08_125c   
OR2X1M                  6      35.301     0.000     0.000    ss_g_1v08_125c   
OR2X1MTH               74     435.379     0.000     0.000    ss_hvt_1v08_125c 
OR2X2M                  9      52.951     0.000     0.000    ss_g_1v08_125c   
OR2X2MTH                1       5.883     0.000     0.000    ss_hvt_1v08_125c 
OR2X4M                  2      14.120     0.000     0.000    ss_g_1v08_125c   
OR2X6M                  1      11.767     0.000     0.000    ss_g_1v08_125c   
OR3X1M                 11      77.662     0.000     0.000    ss_g_1v08_125c   
OR3X1MTH                4      28.241     0.000     0.000    ss_hvt_1v08_125c 
OR3X2M                  1       7.060     0.000     0.000    ss_g_1v08_125c   
OR3X4M                  1      12.944     0.000     0.000    ss_g_1v08_125c   
OR4X1MTH                7      57.658     0.000     0.000    ss_hvt_1v08_125c 
SDFFRQX2M              17     560.109     0.000     0.000    ss_g_1v08_125c   
SDFFSQX1M               4     127.084     0.000     0.000    ss_g_1v08_125c   
SDFFSQX1MTH             1      31.771     0.000     0.000    ss_hvt_1v08_125c 
TLATNTSCAX2M           14     280.055     0.000     0.000    ss_g_1v08_125c   
TLATNTSCAX2MTH         20     400.078     0.000     0.000    ss_hvt_1v08_125c 
XNOR2X1M               52     611.884     0.000     0.000    ss_g_1v08_125c   
XNOR2X1MTH              4      47.068     0.000     0.000    ss_hvt_1v08_125c 
XNOR2X2M               41     482.447     0.000     0.000    ss_g_1v08_125c   
XNOR2X2MTH              1      11.767     0.000     0.000    ss_hvt_1v08_125c 
XNOR2X4M                6      98.843     0.000     0.000    ss_g_1v08_125c   
XNOR2X8M               13     397.725     0.000     0.000    ss_g_1v08_125c   
XNOR2XLM               80     941.360     0.000     0.000    ss_g_1v08_125c   
XNOR2XLMTH             14     164.738     0.000     0.000    ss_hvt_1v08_125c 
XNOR3X1M                7     164.738     0.000     0.000    ss_g_1v08_125c   
XNOR3X2M               13     305.942     0.000     0.000    ss_g_1v08_125c   
XNOR3XLM                2      47.068     0.000     0.000    ss_g_1v08_125c   
XOR2X1M                17     200.039     0.000     0.000    ss_g_1v08_125c   
XOR2X1MTH               5      58.835     0.000     0.000    ss_hvt_1v08_125c 
XOR2X2M                12     141.204     0.000     0.000    ss_g_1v08_125c   
XOR2X3M                 1      16.474     0.000     0.000    ss_g_1v08_125c   
XOR2X4M                 3      49.421     0.000     0.000    ss_g_1v08_125c   
XOR2X8M                 1      31.771     0.000     0.000    ss_g_1v08_125c   
XOR2XLM                55     647.185     0.000     0.000    ss_g_1v08_125c   
XOR2XLMTH              15     176.505     0.000     0.000    ss_hvt_1v08_125c 
XOR3X1M                11     258.874     0.000     0.000    ss_g_1v08_125c   
XOR3X2M                 5     117.670     0.000     0.000    ss_g_1v08_125c   
XOR3XLM                 6     127.084     0.000     0.000    ss_g_1v08_125c   
XOR3XLMTH               2      42.361     0.000     0.000    ss_hvt_1v08_125c 
pllclk                  1   41054.915     0.000     0.000    pllclk           
ram_256x16A             2   77866.281     0.000     0.000    ram_256x16_slow  
rom_512x16A             1   41815.630     0.000     0.002    rom_512x16A_slow 
------------------------------------------------------------------------------
total                4408  205123.127     0.000     0.003                     


                                                  Leakage  Leakage  Internal Internal 
     Library     Instances Instances %    Area   Power (W) Power % Power (W)  Power % 
--------------------------------------------------------------------------------------
pllclk                   1         0.0 41054.915     0.000     0.0     0.000      0.0 
ram_256x16_slow          2         0.0 77866.281     0.000     0.0     0.000      0.0 
rom_512x16A_slow         1         0.0 41815.630     0.000    37.5     0.002     80.9 
ss_g_1v08_125c        2171        49.3 24528.311     0.000    57.0     0.000     15.8 
ss_hvt_1v08_125c      2233        50.7 19857.989     0.000     5.5     0.000      3.3 

                                                          Leakage  Leakage  Internal Internal 
            Type             Instances    Area    Area % Power (W) Power % Power (W)  Power % 
----------------------------------------------------------------------------------------------
timing_model                         4 160736.826   78.4     0.000    37.5     0.002     80.9 
sequential                         511  12347.113    6.0     0.000    15.1     0.000      6.1 
inverter                           296   1103.745    0.5     0.000     1.7     0.000      0.3 
buffer                              63    322.416    0.2     0.000     0.7     0.000      0.1 
clock_gating_integrated_cell        34    680.133    0.3     0.000     1.0     0.000      1.0 
logic                             3500  29932.895   14.6     0.000    44.1     0.000     11.7 
physical_cells                       0      0.000    0.0     0.000     0.0     0.000      0.0 
----------------------------------------------------------------------------------------------
total                             4408 205123.127  100.0     0.000   100.0     0.003    100.0 

