============================================================
  Generated by:           Genus(TM) Synthesis Solution 23.13-s073_1
  Generated on:           Jun 23 2026  06:46:37 pm
  Module:                 dtmf_recvr_core
  Operating conditions:   ss_1v08_125c 
  Interconnect mode:      global
  Area mode:              physical library
============================================================


Path 1: MET (0 ps) Setup Check with Pin TDSP_CORE_INST_EXECUTE_INST_p_reg[31]/CK->D0
          Group: m_clk
     Startpoint: (R) TDSP_CORE_INST_DATA_BUS_MACH_INST_data_out_reg[13]/CK
          Clock: (R) m_clk
       Endpoint: (R) TDSP_CORE_INST_EXECUTE_INST_p_reg[31]/D0
          Clock: (R) m_clk

                     Capture       Launch     
        Clock Edge:+    8000            0     
       Src Latency:+       0            0     
       Net Latency:+       0 (I)        0 (I) 
           Arrival:=    8000            0     
                                              
             Setup:-     303                  
     Required Time:=    7697                  
      Launch Clock:-       0                  
         Data Path:-    7696                  
             Slack:=       0                  

#------------------------------------------------------------------------------------------------------------------------------------
#                      Timing Point                        Flags    Arc   Edge    Cell     Fanout  Load Trans Delay Arrival Instance 
#                                                                                                  (fF)  (ps)  (ps)   (ps)  Location 
#------------------------------------------------------------------------------------------------------------------------------------
  TDSP_CORE_INST_DATA_BUS_MACH_INST_data_out_reg[13]/CK    -       -      R     (arrival)     361     -     0     0       0    (-,-) 
  TDSP_CORE_INST_DATA_BUS_MACH_INST_data_out_reg[13]/Q     -       CK->Q  F     SDFFRQX2M      11  43.1   243   568     568    (-,-) 
  g61117/Y                                                 -       B1->Y  F     AO22X4M         2  14.4    94   344     911    (-,-) 
  g36671__9945/Y                                           -       B->Y   R     MXI2X4M         2  13.7   246   152    1063    (-,-) 
  g36459__7410/Y                                           -       B->Y   F     MXI2X4M         2  17.9   154   138    1202    (-,-) 
  g36354__6161/Y                                           -       A->Y   R     NAND2X6M        1  22.6   121   107    1308    (-,-) 
  g36276__9315/Y                                           -       B->Y   F     NAND3X12M       5  35.4   124   116    1424    (-,-) 
  g36222__3680/Y                                           -       A->Y   R     NAND2X4M        1  13.1   113    92    1516    (-,-) 
  g36168__1705/Y                                           -       A->Y   R     XNOR2X8M       15 102.6   665   277    1793    (-,-) 
  g36163/Y                                                 -       A->Y   F     INVX12M         9  61.3   165   134    1927    (-,-) 
  TDSP_CORE_INST_MPY_32_INST_M16X16_INST_mul_8_14_g13224/Y -       A->Y   R     MXI2X8M        11  56.1   371   214    2141    (-,-) 
  TDSP_CORE_INST_MPY_32_INST_M16X16_INST_mul_8_14_g13034/Y -       A->Y   R     AND2X12M        8  43.0   106   209    2350    (-,-) 
  TDSP_CORE_INST_MPY_32_INST_M16X16_INST_mul_8_14_g13022/Y -       A->Y   F     INVX8M         10  42.0    62    67    2417    (-,-) 
  TDSP_CORE_INST_MPY_32_INST_M16X16_INST_mul_8_14_g13395/Y -       B0->Y  R     OAI2B2X2M       1  11.4   420   263    2681    (-,-) 
  TDSP_CORE_INST_MPY_32_INST_M16X16_INST_mul_8_14_g12699/S -       CI->S  F     ADDFHX4M        2  11.5    78   285    2966    (-,-) 
  TDSP_CORE_INST_MPY_32_INST_M16X16_INST_mul_8_14_g13369/Y -       B->Y   F     OR2X2M          2  11.9   103   228    3194    (-,-) 
  g61169/Y                                                 -       A0N->Y F     OAI2BB1X4M      2  11.3    92   195    3388    (-,-) 
  g61167/Y                                                 -       A1N->Y F     OAI2BB1X4M      2  11.9    95   178    3567    (-,-) 
  g61165/Y                                                 -       A0N->Y F     OAI2BB1X4M      2  11.9    95   194    3761    (-,-) 
  g61136/Y                                                 -       A0N->Y F     OAI2BB1X4M      2  15.2   107   203    3964    (-,-) 
  TDSP_CORE_INST_MPY_32_INST_M16X16_INST_mul_8_14_g12455/Y -       A->Y   R     NAND2X4M        1  10.3   100    80    4044    (-,-) 
  TDSP_CORE_INST_MPY_32_INST_M16X16_INST_mul_8_14_g12448/Y -       A->Y   F     NAND2X4M        2  15.2    87    80    4124    (-,-) 
  TDSP_CORE_INST_MPY_32_INST_M16X16_INST_mul_8_14_g12423/Y -       A->Y   R     NAND2X4M        1  10.3   101    74    4198    (-,-) 
  TDSP_CORE_INST_MPY_32_INST_M16X16_INST_mul_8_14_g12417/Y -       A->Y   F     NAND2X4M        2  11.4    84    71    4269    (-,-) 
  g61131/Y                                                 -       A0N->Y F     OAI2BB1X4M      2  15.2   107   200    4469    (-,-) 
  TDSP_CORE_INST_MPY_32_INST_M16X16_INST_mul_8_14_g12391/Y -       A->Y   R     NAND2X4M        1  10.3    92    80    4549    (-,-) 
  TDSP_CORE_INST_MPY_32_INST_M16X16_INST_mul_8_14_g12389/Y -       A->Y   F     NAND2X4M        2  15.2    97    78    4627    (-,-) 
  TDSP_CORE_INST_MPY_32_INST_M16X16_INST_mul_8_14_g12388/Y -       A->Y   R     NAND2X4M        1  13.4   114    85    4712    (-,-) 
  TDSP_CORE_INST_MPY_32_INST_M16X16_INST_mul_8_14_g12386/Y -       A->Y   F     NAND2X6M        2  18.3    91    77    4790    (-,-) 
  TDSP_CORE_INST_MPY_32_INST_M16X16_INST_mul_8_14_g12385/Y -       A->Y   R     NAND2X6M        1  13.4    87    72    4862    (-,-) 
  TDSP_CORE_INST_MPY_32_INST_M16X16_INST_mul_8_14_g12383/Y -       A->Y   F     NAND2X6M        2  15.2    84    66    4928    (-,-) 
  TDSP_CORE_INST_MPY_32_INST_M16X16_INST_mul_8_14_g12382/Y -       A->Y   R     NAND2X4M        1  13.4   108    82    5010    (-,-) 
  TDSP_CORE_INST_MPY_32_INST_M16X16_INST_mul_8_14_g12380/Y -       A->Y   F     NAND2X6M        2  18.3    91    76    5086    (-,-) 
  TDSP_CORE_INST_MPY_32_INST_M16X16_INST_mul_8_14_g12379/Y -       A->Y   R     NAND2X6M        1  13.4    87    72    5158    (-,-) 
  TDSP_CORE_INST_MPY_32_INST_M16X16_INST_mul_8_14_g12377/Y -       A->Y   F     NAND2X6M        3  24.0    93    80    5238    (-,-) 
  TDSP_CORE_INST_MPY_32_INST_M16X16_INST_mul_8_14_g12375/Y -       A0->Y  R     AOI21X6M        2  15.1   198   155    5392    (-,-) 
  TDSP_CORE_INST_MPY_32_INST_M16X16_INST_mul_8_14_g12372/Y -       A0->Y  F     OAI21X4M        2  10.8    90   100    5492    (-,-) 
  TDSP_CORE_INST_MPY_32_INST_M16X16_INST_mul_8_14_g12369/Y -       A1N->Y F     OAI2BB1X4M      4  23.5   138   208    5701    (-,-) 
  TDSP_CORE_INST_MPY_32_INST_M16X16_INST_mul_8_14_g12363/Y -       A->Y   R     NAND3X4M        1  10.3   114    96    5796    (-,-) 
  TDSP_CORE_INST_MPY_32_INST_M16X16_INST_mul_8_14_g12361/Y -       A->Y   F     NAND2X4M        1  13.8    97    80    5876    (-,-) 
  TDSP_CORE_INST_MPY_32_INST_M16X16_INST_mul_8_14_g12357/Y -       A0->Y  R     AOI21X6M        1  14.0   191   151    6028    (-,-) 
  TDSP_CORE_INST_MPY_32_INST_M16X16_INST_mul_8_14_g12355/Y -       A0->Y  F     OAI21X6M        3  19.1   125   105    6132    (-,-) 
  TDSP_CORE_INST_MPY_32_INST_M16X16_INST_mul_8_14_g12353/Y -       A1N->Y F     OAI2BB1X4M      2  11.5   115   187    6319    (-,-) 
  g61129/Y                                                 -       A0N->Y F     OAI2BB1X4M      2  16.9   113   214    6533    (-,-) 
  TDSP_CORE_INST_MPY_32_INST_M16X16_INST_mul_8_14_g13349/Y -       A->Y   F     XOR2X4M         3  19.9   159   167    6700    (-,-) 
  g61126/Y                                                 -       C->Y   R     NOR3BX4M        1   7.1   251   226    6925    (-,-) 
  TDSP_CORE_INST_MPY_32_INST_SUB_UNS_OP42_g750/Y           -       B->Y   F     NAND2X2M        2  15.6   161   151    7077    (-,-) 
  TDSP_CORE_INST_MPY_32_INST_SUB_UNS_OP42_g745/Y           -       A->Y   R     NOR2X4M         3  17.3   229   176    7253    (-,-) 
  TDSP_CORE_INST_MPY_32_INST_SUB_UNS_OP42_g737/Y           -       B->Y   F     NAND2BX2M       2  15.6   166   151    7404    (-,-) 
  TDSP_CORE_INST_MPY_32_INST_SUB_UNS_OP42_g734/Y           -       A->Y   R     NOR2X4M         2  12.1   183   150    7554    (-,-) 
  TDSP_CORE_INST_MPY_32_INST_SUB_UNS_OP42_g732/Y           -       A->Y   R     XNOR2X2M        1   5.5   277   143    7696    (-,-) 
  TDSP_CORE_INST_EXECUTE_INST_p_reg[31]/D0                 <<<     -      R     SMDFFHQX2M      1     -     -     0    7696    (-,-) 
#------------------------------------------------------------------------------------------------------------------------------------

