============================================================
  Generated by:           Genus(TM) Synthesis Solution 23.13-s073_1
  Generated on:           Jun 23 2026  06:45:54 pm
  Module:                 dtmf_recvr_core
  Technology libraries:   ss_g_1v08_125c 1.1
                          ss_hvt_1v08_125c 1.1
                          ram_256x16_slow 1.1
                          rom_512x16A_slow 1.1
                          pllclk 4.3
                          physical_cells 
                          ss_g_1v08_125c 1.1
                          ss_hvt_1v08_125c 1.1
                          ram_256x16_slow 1.1
                          rom_512x16A_slow 1.1
                          pllclk 4.3
                          physical_cells 
  Operating conditions:   ss_1v08_125c 
  Interconnect mode:      global
  Area mode:              physical library
============================================================

Timing
--------

   Clock     Period 
--------------------
m_clk        8000.0 
m_digit_clk 16000.0 
m_dsram_clk 16000.0 
m_ram_clk   16000.0 
m_rcc_clk   16000.0 
m_spi_clk   16000.0 
refclk       8000.0 


    Cost      Critical         Violating 
   Group     Path Slack  TNS     Paths   
-----------------------------------------
default        No paths   0.0            
m_clk               0.5   0.0          0 
m_digit_clk      7092.0   0.0          0 
m_dsram_clk      3372.2   0.0          0 
m_ram_clk        3768.4   0.0          0 
m_rcc_clk        3888.3   0.0          0 
m_spi_clk        7092.0   0.0          0 
refclk           7092.0   0.0          0 
-----------------------------------------
Total                     0.0          0 

Instance Count
--------------
Leaf Instance Count             4431 
Physical Instance count            0 
Sequential Instance Count        514 
Combinational Instance Count    3917 
Hierarchical Instance Count        1 

Area
----
Cell Area                          208129.596
Physical Cell Area                 0.000
Total Cell Area (Cell+Physical)    208129.596
Net Area                           26033.581
Total Area (Cell+Physical+Net)     234163.177

Max Fanout                         361 (m_clk)
Min Fanout                         0 (RESULTS_CONV_INST_n_11114_BAR)
Average Fanout                     2.7
Terms to net ratio                 3.7372
Terms to instance ratio            3.9287
Runtime                            45.854636 seconds
Elapsed Runtime                    110 seconds
Genus peak memory usage            1893.21 
Innovus peak memory usage          no_value 
Hostname                           s2
